[2024-08-17T00:30:07.931+0000] {local_task_job_runner.py:123} INFO - ::group::Pre task execution logs
[2024-08-17T00:30:07.952+0000] {taskinstance.py:2603} INFO - Dependencies all met for dep_context=non-requeueable deps ti=<TaskInstance: parallel_dag.extract_a scheduled__2024-08-16T00:00:00+00:00 [queued]>
[2024-08-17T00:30:07.960+0000] {taskinstance.py:2603} INFO - Dependencies all met for dep_context=requeueable deps ti=<TaskInstance: parallel_dag.extract_a scheduled__2024-08-16T00:00:00+00:00 [queued]>
[2024-08-17T00:30:07.961+0000] {taskinstance.py:2856} INFO - Starting attempt 1 of 1
[2024-08-17T00:30:07.975+0000] {taskinstance.py:2879} INFO - Executing <Task(BashOperator): extract_a> on 2024-08-16 00:00:00+00:00
[2024-08-17T00:30:07.982+0000] {warnings.py:112} WARNING - /home/***/.local/lib/python3.12/site-packages/***/task/task_runner/standard_task_runner.py:70: DeprecationWarning: This process (pid=457) is multi-threaded, use of fork() may lead to deadlocks in the child.
  pid = os.fork()

[2024-08-17T00:30:07.985+0000] {standard_task_runner.py:72} INFO - Started process 458 to run task
[2024-08-17T00:30:07.984+0000] {standard_task_runner.py:104} INFO - Running: ['***', 'tasks', 'run', 'parallel_dag', 'extract_a', 'scheduled__2024-08-16T00:00:00+00:00', '--job-id', '35', '--raw', '--subdir', 'DAGS_FOLDER/parallel_dag.py', '--cfg-path', '/tmp/tmpaku_o6ex']
[2024-08-17T00:30:07.986+0000] {standard_task_runner.py:105} INFO - Job 35: Subtask extract_a
[2024-08-17T00:30:08.053+0000] {task_command.py:467} INFO - Running <TaskInstance: parallel_dag.extract_a scheduled__2024-08-16T00:00:00+00:00 [running]> on host 2260561698bf
[2024-08-17T00:30:08.450+0000] {taskinstance.py:3122} INFO - Exporting env vars: AIRFLOW_CTX_DAG_OWNER='***' AIRFLOW_CTX_DAG_ID='parallel_dag' AIRFLOW_CTX_TASK_ID='extract_a' AIRFLOW_CTX_EXECUTION_DATE='2024-08-16T00:00:00+00:00' AIRFLOW_CTX_TRY_NUMBER='1' AIRFLOW_CTX_DAG_RUN_ID='scheduled__2024-08-16T00:00:00+00:00'
[2024-08-17T00:30:08.455+0000] {taskinstance.py:731} INFO - ::endgroup::
[2024-08-17T00:30:08.502+0000] {subprocess.py:63} INFO - Tmp dir root location: /tmp
[2024-08-17T00:30:08.503+0000] {subprocess.py:75} INFO - Running command: ['/usr/bin/bash', '-c', 'sleep 10']
[2024-08-17T00:30:08.512+0000] {subprocess.py:86} INFO - Output:
[2024-08-17T00:30:18.518+0000] {subprocess.py:97} INFO - Command exited with return code 0
[2024-08-17T00:30:18.558+0000] {taskinstance.py:340} INFO - ::group::Post task execution logs
[2024-08-17T00:30:18.559+0000] {taskinstance.py:352} INFO - Marking task as SUCCESS. dag_id=parallel_dag, task_id=extract_a, run_id=scheduled__2024-08-16T00:00:00+00:00, execution_date=20240816T000000, start_date=20240817T003007, end_date=20240817T003018
[2024-08-17T00:30:18.608+0000] {local_task_job_runner.py:261} INFO - Task exited with return code 0
[2024-08-17T00:30:18.626+0000] {taskinstance.py:3891} INFO - 1 downstream tasks scheduled from follow-on schedule check
[2024-08-17T00:30:18.626+0000] {local_task_job_runner.py:240} INFO - ::endgroup::
