[2024-08-16T05:45:22.453+0000] {local_task_job_runner.py:123} INFO - ::group::Pre task execution logs
[2024-08-16T05:45:22.464+0000] {taskinstance.py:2603} INFO - Dependencies all met for dep_context=non-requeueable deps ti=<TaskInstance: user_processing.is_api_available scheduled__2024-08-15T00:00:00+00:00 [queued]>
[2024-08-16T05:45:22.468+0000] {taskinstance.py:2603} INFO - Dependencies all met for dep_context=requeueable deps ti=<TaskInstance: user_processing.is_api_available scheduled__2024-08-15T00:00:00+00:00 [queued]>
[2024-08-16T05:45:22.469+0000] {taskinstance.py:2856} INFO - Starting attempt 1 of 1
[2024-08-16T05:45:22.476+0000] {taskinstance.py:2879} INFO - Executing <Task(HttpSensor): is_api_available> on 2024-08-15 00:00:00+00:00
[2024-08-16T05:45:22.480+0000] {warnings.py:112} WARNING - /home/***/.local/lib/python3.12/site-packages/***/task/task_runner/standard_task_runner.py:70: DeprecationWarning: This process (pid=1032) is multi-threaded, use of fork() may lead to deadlocks in the child.
  pid = os.fork()

[2024-08-16T05:45:22.481+0000] {standard_task_runner.py:72} INFO - Started process 1034 to run task
[2024-08-16T05:45:22.482+0000] {standard_task_runner.py:104} INFO - Running: ['***', 'tasks', 'run', 'user_processing', 'is_api_available', 'scheduled__2024-08-15T00:00:00+00:00', '--job-id', '4', '--raw', '--subdir', 'DAGS_FOLDER/user_processing.py', '--cfg-path', '/tmp/tmpd7drw0dg']
[2024-08-16T05:45:22.483+0000] {standard_task_runner.py:105} INFO - Job 4: Subtask is_api_available
[2024-08-16T05:45:22.511+0000] {task_command.py:467} INFO - Running <TaskInstance: user_processing.is_api_available scheduled__2024-08-15T00:00:00+00:00 [running]> on host 891000986bfd
[2024-08-16T05:45:22.552+0000] {taskinstance.py:3122} INFO - Exporting env vars: AIRFLOW_CTX_DAG_OWNER='***' AIRFLOW_CTX_DAG_ID='user_processing' AIRFLOW_CTX_TASK_ID='is_api_available' AIRFLOW_CTX_EXECUTION_DATE='2024-08-15T00:00:00+00:00' AIRFLOW_CTX_TRY_NUMBER='1' AIRFLOW_CTX_DAG_RUN_ID='scheduled__2024-08-15T00:00:00+00:00'
[2024-08-16T05:45:22.553+0000] {logging_mixin.py:190} INFO - Task instance is in running state
[2024-08-16T05:45:22.553+0000] {logging_mixin.py:190} INFO -  Previous state of the Task instance: queued
[2024-08-16T05:45:22.553+0000] {logging_mixin.py:190} INFO - Current task name:is_api_available state:running start_date:2024-08-16 05:45:22.464415+00:00
[2024-08-16T05:45:22.553+0000] {logging_mixin.py:190} INFO - Dag name:user_processing and current dag run status:running
[2024-08-16T05:45:22.554+0000] {taskinstance.py:731} INFO - ::endgroup::
[2024-08-16T05:45:22.554+0000] {baseoperator.py:405} WARNING - HttpSensor.execute cannot be called outside TaskInstance!
[2024-08-16T05:45:22.554+0000] {http.py:137} INFO - Poking: api/
[2024-08-16T05:45:22.559+0000] {base.py:84} INFO - Retrieving connection 'user_api'
[2024-08-16T05:45:22.923+0000] {base.py:336} INFO - Success criteria met. Exiting.
[2024-08-16T05:45:22.935+0000] {taskinstance.py:340} INFO - ::group::Post task execution logs
[2024-08-16T05:45:22.936+0000] {taskinstance.py:352} INFO - Marking task as SUCCESS. dag_id=user_processing, task_id=is_api_available, run_id=scheduled__2024-08-15T00:00:00+00:00, execution_date=20240815T000000, start_date=20240816T054522, end_date=20240816T054522
[2024-08-16T05:45:22.944+0000] {logging_mixin.py:190} INFO - Task instance in success state
[2024-08-16T05:45:22.944+0000] {logging_mixin.py:190} INFO -  Previous state of the Task instance: running
[2024-08-16T05:45:22.945+0000] {logging_mixin.py:190} INFO - Dag name:user_processing queued_at:2024-08-16 05:45:18.090353+00:00
[2024-08-16T05:45:22.945+0000] {logging_mixin.py:190} INFO - Task hostname:891000986bfd operator:HttpSensor
[2024-08-16T05:45:22.964+0000] {local_task_job_runner.py:261} INFO - Task exited with return code 0
[2024-08-16T05:45:22.974+0000] {warnings.py:112} WARNING - /home/***/.local/lib/python3.12/site-packages/***/models/baseoperator.py:1378: AirflowProviderDeprecationWarning: Call to deprecated class SimpleHttpOperator. (Class `SimpleHttpOperator` is deprecated and will be removed in a future release. Please use `HttpOperator` instead.)
  result = cls.__new__(cls)

[2024-08-16T05:45:22.991+0000] {taskinstance.py:3891} INFO - 1 downstream tasks scheduled from follow-on schedule check
[2024-08-16T05:45:22.993+0000] {local_task_job_runner.py:240} INFO - ::endgroup::
