[2024-08-16T05:45:20.807+0000] {local_task_job_runner.py:123} INFO - ::group::Pre task execution logs
[2024-08-16T05:45:20.816+0000] {taskinstance.py:2603} INFO - Dependencies all met for dep_context=non-requeueable deps ti=<TaskInstance: user_processing.create_table scheduled__2024-08-15T00:00:00+00:00 [queued]>
[2024-08-16T05:45:20.820+0000] {taskinstance.py:2603} INFO - Dependencies all met for dep_context=requeueable deps ti=<TaskInstance: user_processing.create_table scheduled__2024-08-15T00:00:00+00:00 [queued]>
[2024-08-16T05:45:20.820+0000] {taskinstance.py:2856} INFO - Starting attempt 1 of 1
[2024-08-16T05:45:20.827+0000] {taskinstance.py:2879} INFO - Executing <Task(PostgresOperator): create_table> on 2024-08-15 00:00:00+00:00
[2024-08-16T05:45:20.831+0000] {warnings.py:112} WARNING - /home/***/.local/lib/python3.12/site-packages/***/task/task_runner/standard_task_runner.py:70: DeprecationWarning: This process (pid=1028) is multi-threaded, use of fork() may lead to deadlocks in the child.
  pid = os.fork()

[2024-08-16T05:45:20.833+0000] {standard_task_runner.py:72} INFO - Started process 1030 to run task
[2024-08-16T05:45:20.834+0000] {standard_task_runner.py:104} INFO - Running: ['***', 'tasks', 'run', 'user_processing', 'create_table', 'scheduled__2024-08-15T00:00:00+00:00', '--job-id', '3', '--raw', '--subdir', 'DAGS_FOLDER/user_processing.py', '--cfg-path', '/tmp/tmpnhh3js37']
[2024-08-16T05:45:20.834+0000] {standard_task_runner.py:105} INFO - Job 3: Subtask create_table
[2024-08-16T05:45:20.865+0000] {task_command.py:467} INFO - Running <TaskInstance: user_processing.create_table scheduled__2024-08-15T00:00:00+00:00 [running]> on host 891000986bfd
[2024-08-16T05:45:20.908+0000] {taskinstance.py:3122} INFO - Exporting env vars: AIRFLOW_CTX_DAG_OWNER='***' AIRFLOW_CTX_DAG_ID='user_processing' AIRFLOW_CTX_TASK_ID='create_table' AIRFLOW_CTX_EXECUTION_DATE='2024-08-15T00:00:00+00:00' AIRFLOW_CTX_TRY_NUMBER='1' AIRFLOW_CTX_DAG_RUN_ID='scheduled__2024-08-15T00:00:00+00:00'
[2024-08-16T05:45:20.909+0000] {logging_mixin.py:190} INFO - Task instance is in running state
[2024-08-16T05:45:20.909+0000] {logging_mixin.py:190} INFO -  Previous state of the Task instance: queued
[2024-08-16T05:45:20.909+0000] {logging_mixin.py:190} INFO - Current task name:create_table state:running start_date:2024-08-16 05:45:20.816739+00:00
[2024-08-16T05:45:20.909+0000] {logging_mixin.py:190} INFO - Dag name:user_processing and current dag run status:running
[2024-08-16T05:45:20.910+0000] {taskinstance.py:731} INFO - ::endgroup::
[2024-08-16T05:45:20.910+0000] {sql.py:282} INFO - Executing: 
        CREATE TABLE IF NOT EXISTS users (
            firstname TEXT NOT NULL,
            lastname TEXT NOT NULL,
            country TEXT NOT NULL,
            username TEXT NOT NULL,
            password TEXT NOT NULL,
            email TEXT NOT NULL,
            created_at TIMESTAMP NOT NULL
        );
        
[2024-08-16T05:45:20.914+0000] {base.py:84} INFO - Retrieving connection 'my_postgres'
[2024-08-16T05:45:20.918+0000] {base.py:84} INFO - Retrieving connection 'my_postgres'
[2024-08-16T05:45:20.921+0000] {sql.py:509} INFO - Running statement: 
        CREATE TABLE IF NOT EXISTS users (
            firstname TEXT NOT NULL,
            lastname TEXT NOT NULL,
            country TEXT NOT NULL,
            username TEXT NOT NULL,
            password TEXT NOT NULL,
            email TEXT NOT NULL,
            created_at TIMESTAMP NOT NULL
        );
        , parameters: None
[2024-08-16T05:45:20.927+0000] {taskinstance.py:340} INFO - ::group::Post task execution logs
[2024-08-16T05:45:20.927+0000] {taskinstance.py:352} INFO - Marking task as SUCCESS. dag_id=user_processing, task_id=create_table, run_id=scheduled__2024-08-15T00:00:00+00:00, execution_date=20240815T000000, start_date=20240816T054520, end_date=20240816T054520
[2024-08-16T05:45:20.932+0000] {logging_mixin.py:190} INFO - Task instance in success state
[2024-08-16T05:45:20.932+0000] {logging_mixin.py:190} INFO -  Previous state of the Task instance: running
[2024-08-16T05:45:20.932+0000] {logging_mixin.py:190} INFO - Dag name:user_processing queued_at:2024-08-16 05:45:18.090353+00:00
[2024-08-16T05:45:20.932+0000] {logging_mixin.py:190} INFO - Task hostname:891000986bfd operator:PostgresOperator
[2024-08-16T05:45:20.976+0000] {local_task_job_runner.py:261} INFO - Task exited with return code 0
[2024-08-16T05:45:20.983+0000] {warnings.py:112} WARNING - /home/***/.local/lib/python3.12/site-packages/***/models/baseoperator.py:1378: AirflowProviderDeprecationWarning: Call to deprecated class SimpleHttpOperator. (Class `SimpleHttpOperator` is deprecated and will be removed in a future release. Please use `HttpOperator` instead.)
  result = cls.__new__(cls)

[2024-08-16T05:45:20.983+0000] {warnings.py:112} WARNING - /home/***/.local/lib/python3.12/site-packages/***/models/baseoperator.py:1378: AirflowProviderDeprecationWarning: Call to deprecated class PostgresOperator. (Please use `***.providers.common.sql.operators.sql.SQLExecuteQueryOperator`.Also, you can provide `hook_params={'schema': <database>}`.)
  result = cls.__new__(cls)

[2024-08-16T05:45:20.993+0000] {taskinstance.py:3891} INFO - 1 downstream tasks scheduled from follow-on schedule check
[2024-08-16T05:45:20.994+0000] {local_task_job_runner.py:240} INFO - ::endgroup::
