[2024-08-19T09:02:38.126+0000] {local_task_job_runner.py:123} INFO - ::group::Pre task execution logs
[2024-08-19T09:02:38.137+0000] {taskinstance.py:2603} INFO - Dependencies all met for dep_context=non-requeueable deps ti=<TaskInstance: postgres_to_data_lake_parquet_single_step.extract_and_load_data backfill__2024-08-17T00:00:00+00:00 [queued]>
[2024-08-19T09:02:38.143+0000] {taskinstance.py:2603} INFO - Dependencies all met for dep_context=requeueable deps ti=<TaskInstance: postgres_to_data_lake_parquet_single_step.extract_and_load_data backfill__2024-08-17T00:00:00+00:00 [queued]>
[2024-08-19T09:02:38.143+0000] {taskinstance.py:2856} INFO - Starting attempt 1 of 2
[2024-08-19T09:02:38.166+0000] {taskinstance.py:2879} INFO - Executing <Task(PythonOperator): extract_and_load_data> on 2024-08-17 00:00:00+00:00
[2024-08-19T09:02:38.186+0000] {logging_mixin.py:190} WARNING - /home/***/.local/lib/python3.12/site-packages/***/task/task_runner/standard_task_runner.py:70 DeprecationWarning: This process (pid=605) is multi-threaded, use of fork() may lead to deadlocks in the child.
[2024-08-19T09:02:38.187+0000] {standard_task_runner.py:72} INFO - Started process 612 to run task
[2024-08-19T09:02:38.188+0000] {standard_task_runner.py:104} INFO - Running: ['***', 'tasks', 'run', 'postgres_to_data_lake_parquet_single_step', 'extract_and_load_data', 'backfill__2024-08-17T00:00:00+00:00', '--job-id', '101', '--pool', 'default_pool', '--raw', '--subdir', 'DAGS_FOLDER/sales.py', '--cfg-path', '/tmp/tmpj7gcuazj']
[2024-08-19T09:02:38.192+0000] {standard_task_runner.py:105} INFO - Job 101: Subtask extract_and_load_data
[2024-08-19T09:02:38.272+0000] {task_command.py:467} INFO - Running <TaskInstance: postgres_to_data_lake_parquet_single_step.extract_and_load_data backfill__2024-08-17T00:00:00+00:00 [running]> on host 70607853bfdd
[2024-08-19T09:02:38.359+0000] {taskinstance.py:3122} INFO - Exporting env vars: AIRFLOW_CTX_DAG_OWNER='***' AIRFLOW_CTX_DAG_ID='postgres_to_data_lake_parquet_single_step' AIRFLOW_CTX_TASK_ID='extract_and_load_data' AIRFLOW_CTX_EXECUTION_DATE='2024-08-17T00:00:00+00:00' AIRFLOW_CTX_TRY_NUMBER='1' AIRFLOW_CTX_DAG_RUN_ID='backfill__2024-08-17T00:00:00+00:00'
[2024-08-19T09:02:38.360+0000] {taskinstance.py:731} INFO - ::endgroup::
[2024-08-19T09:02:38.374+0000] {sales.py:34} INFO - Processing data for date: 2024-08-16
[2024-08-19T09:02:38.385+0000] {base.py:84} INFO - Retrieving connection 'azure_prod_db'
[2024-08-19T09:02:39.266+0000] {sales.py:48} INFO - Number of retrieved rows for 2024-08-16: 12663
[2024-08-19T09:02:41.357+0000] {base.py:84} INFO - Retrieving connection 'azure_datalake'
[2024-08-19T09:02:41.365+0000] {_universal.py:513} INFO - Request URL: 'https://etl3737.dfs.core.windows.net/datalake/raw%2Fsales%2Fyear%3D2024%2Fmonth%3D08%2F16.parquet?resource=REDACTED'
Request method: 'PUT'
Request headers:
    'x-ms-version': 'REDACTED'
    'Accept': 'application/json'
    'User-Agent': 'azsdk-python-storage-dfs/12.16.0 Python/3.12.5 (Linux-6.10.0-linuxkit-aarch64-with-glibc2.36)'
    'x-ms-date': 'REDACTED'
    'x-ms-client-request-id': 'ca4ecb9a-5e09-11ef-b3af-0242ac120008'
    'Authorization': 'REDACTED'
No body was attached to the request
[2024-08-19T09:02:41.717+0000] {_universal.py:549} INFO - Response status: 201
Response headers:
    'Last-Modified': 'Mon, 19 Aug 2024 09:02:41 GMT'
    'ETag': '"0x8DCC02DAEBCE9D0"'
    'Server': 'Windows-Azure-HDFS/1.0 Microsoft-HTTPAPI/2.0'
    'x-ms-request-server-encrypted': 'REDACTED'
    'x-ms-request-id': 'f3b11ff5-d01f-0041-1c16-f2d0ca000000'
    'x-ms-version': 'REDACTED'
    'x-ms-client-request-id': 'ca4ecb9a-5e09-11ef-b3af-0242ac120008'
    'Date': 'Mon, 19 Aug 2024 09:02:41 GMT'
    'Content-Length': '0'
[2024-08-19T09:02:41.719+0000] {_universal.py:510} INFO - Request URL: 'https://etl3737.dfs.core.windows.net/datalake/raw%2Fsales%2Fyear%3D2024%2Fmonth%3D08%2F16.parquet?action=REDACTED&position=REDACTED'
Request method: 'PATCH'
Request headers:
    'Content-Length': '215717'
    'x-ms-version': 'REDACTED'
    'Content-Type': 'application/json'
    'Accept': 'application/json'
    'User-Agent': 'azsdk-python-storage-dfs/12.16.0 Python/3.12.5 (Linux-6.10.0-linuxkit-aarch64-with-glibc2.36)'
    'x-ms-date': 'REDACTED'
    'x-ms-client-request-id': 'ca84c218-5e09-11ef-b3af-0242ac120008'
    'Authorization': 'REDACTED'
A body is sent with the request
[2024-08-19T09:02:41.766+0000] {_universal.py:549} INFO - Response status: 202
Response headers:
    'Server': 'Windows-Azure-HDFS/1.0 Microsoft-HTTPAPI/2.0'
    'x-ms-request-server-encrypted': 'REDACTED'
    'x-ms-request-id': 'f3b11ff6-d01f-0041-1d16-f2d0ca000000'
    'x-ms-version': 'REDACTED'
    'x-ms-client-request-id': 'ca84c218-5e09-11ef-b3af-0242ac120008'
    'Date': 'Mon, 19 Aug 2024 09:02:41 GMT'
    'Content-Length': '0'
[2024-08-19T09:02:41.767+0000] {_universal.py:513} INFO - Request URL: 'https://etl3737.dfs.core.windows.net/datalake/raw%2Fsales%2Fyear%3D2024%2Fmonth%3D08%2F16.parquet?action=REDACTED&position=REDACTED&close=REDACTED'
Request method: 'PATCH'
Request headers:
    'If-Match': '"0x8DCC02DAEBCE9D0"'
    'x-ms-version': 'REDACTED'
    'Accept': 'application/json'
    'User-Agent': 'azsdk-python-storage-dfs/12.16.0 Python/3.12.5 (Linux-6.10.0-linuxkit-aarch64-with-glibc2.36)'
    'x-ms-date': 'REDACTED'
    'x-ms-client-request-id': 'ca8c2e5e-5e09-11ef-b3af-0242ac120008'
    'Authorization': 'REDACTED'
No body was attached to the request
[2024-08-19T09:02:41.807+0000] {_universal.py:549} INFO - Response status: 200
Response headers:
    'Last-Modified': 'Mon, 19 Aug 2024 09:02:41 GMT'
    'ETag': '"0x8DCC02DAECAA9DC"'
    'Server': 'Windows-Azure-HDFS/1.0 Microsoft-HTTPAPI/2.0'
    'x-ms-request-server-encrypted': 'REDACTED'
    'x-ms-request-id': 'f3b11ff7-d01f-0041-1e16-f2d0ca000000'
    'x-ms-version': 'REDACTED'
    'x-ms-client-request-id': 'ca8c2e5e-5e09-11ef-b3af-0242ac120008'
    'Date': 'Mon, 19 Aug 2024 09:02:41 GMT'
    'Content-Length': '0'
[2024-08-19T09:02:41.808+0000] {sales.py:89} INFO - File uploaded to raw/sales/year=2024/month=08/16.parquet
[2024-08-19T09:02:41.812+0000] {python.py:240} INFO - Done. Returned value was: None
[2024-08-19T09:02:41.829+0000] {taskinstance.py:340} INFO - ::group::Post task execution logs
[2024-08-19T09:02:41.830+0000] {taskinstance.py:352} INFO - Marking task as SUCCESS. dag_id=postgres_to_data_lake_parquet_single_step, task_id=extract_and_load_data, run_id=backfill__2024-08-17T00:00:00+00:00, execution_date=20240817T000000, start_date=20240819T090238, end_date=20240819T090241
[2024-08-19T09:02:41.854+0000] {local_task_job_runner.py:261} INFO - Task exited with return code 0
[2024-08-19T09:02:41.899+0000] {taskinstance.py:3891} INFO - 0 downstream tasks scheduled from follow-on schedule check
[2024-08-19T09:02:41.902+0000] {local_task_job_runner.py:240} INFO - ::endgroup::
