[2024-08-17T02:45:12.287+0000] {local_task_job_runner.py:123} INFO - ::group::Pre task execution logs
[2024-08-17T02:45:12.300+0000] {taskinstance.py:2603} INFO - Dependencies all met for dep_context=non-requeueable deps ti=<TaskInstance: group_dag.download_group.download_a scheduled__2024-08-16T00:00:00+00:00 [queued]>
[2024-08-17T02:45:12.305+0000] {taskinstance.py:2603} INFO - Dependencies all met for dep_context=requeueable deps ti=<TaskInstance: group_dag.download_group.download_a scheduled__2024-08-16T00:00:00+00:00 [queued]>
[2024-08-17T02:45:12.306+0000] {taskinstance.py:2856} INFO - Starting attempt 1 of 1
[2024-08-17T02:45:12.316+0000] {taskinstance.py:2879} INFO - Executing <Task(BashOperator): download_group.download_a> on 2024-08-16 00:00:00+00:00
[2024-08-17T02:45:12.319+0000] {warnings.py:112} WARNING - /home/***/.local/lib/python3.12/site-packages/***/task/task_runner/standard_task_runner.py:70: DeprecationWarning: This process (pid=99) is multi-threaded, use of fork() may lead to deadlocks in the child.
  pid = os.fork()

[2024-08-17T02:45:12.320+0000] {standard_task_runner.py:72} INFO - Started process 102 to run task
[2024-08-17T02:45:12.320+0000] {standard_task_runner.py:104} INFO - Running: ['***', 'tasks', 'run', 'group_dag', 'download_group.download_a', 'scheduled__2024-08-16T00:00:00+00:00', '--job-id', '46', '--raw', '--subdir', 'DAGS_FOLDER/group_dag.py', '--cfg-path', '/tmp/tmphrb17qve']
[2024-08-17T02:45:12.321+0000] {standard_task_runner.py:105} INFO - Job 46: Subtask download_group.download_a
[2024-08-17T02:45:12.351+0000] {task_command.py:467} INFO - Running <TaskInstance: group_dag.download_group.download_a scheduled__2024-08-16T00:00:00+00:00 [running]> on host 0bd5af1ac055
[2024-08-17T02:45:12.397+0000] {taskinstance.py:3122} INFO - Exporting env vars: AIRFLOW_CTX_DAG_OWNER='***' AIRFLOW_CTX_DAG_ID='group_dag' AIRFLOW_CTX_TASK_ID='download_group.download_a' AIRFLOW_CTX_EXECUTION_DATE='2024-08-16T00:00:00+00:00' AIRFLOW_CTX_TRY_NUMBER='1' AIRFLOW_CTX_DAG_RUN_ID='scheduled__2024-08-16T00:00:00+00:00'
[2024-08-17T02:45:12.398+0000] {taskinstance.py:731} INFO - ::endgroup::
[2024-08-17T02:45:12.421+0000] {subprocess.py:63} INFO - Tmp dir root location: /tmp
[2024-08-17T02:45:12.421+0000] {subprocess.py:75} INFO - Running command: ['/usr/bin/bash', '-c', 'sleep 10']
[2024-08-17T02:45:12.427+0000] {subprocess.py:86} INFO - Output:
[2024-08-17T02:45:22.432+0000] {subprocess.py:97} INFO - Command exited with return code 0
[2024-08-17T02:45:22.452+0000] {taskinstance.py:340} INFO - ::group::Post task execution logs
[2024-08-17T02:45:22.452+0000] {taskinstance.py:352} INFO - Marking task as SUCCESS. dag_id=group_dag, task_id=download_group.download_a, run_id=scheduled__2024-08-16T00:00:00+00:00, execution_date=20240816T000000, start_date=20240817T024512, end_date=20240817T024522
[2024-08-17T02:45:22.494+0000] {local_task_job_runner.py:261} INFO - Task exited with return code 0
[2024-08-17T02:45:22.518+0000] {taskinstance.py:3891} INFO - 1 downstream tasks scheduled from follow-on schedule check
[2024-08-17T02:45:22.518+0000] {local_task_job_runner.py:240} INFO - ::endgroup::
