[2024-08-16T07:05:31.863+0000] {local_task_job_runner.py:123} INFO - ::group::Pre task execution logs
[2024-08-16T07:05:31.872+0000] {taskinstance.py:2603} INFO - Dependencies all met for dep_context=non-requeueable deps ti=<TaskInstance: user_processing.store_user manual__2024-08-16T06:56:01.399983+00:00 [queued]>
[2024-08-16T07:05:31.877+0000] {taskinstance.py:2603} INFO - Dependencies all met for dep_context=requeueable deps ti=<TaskInstance: user_processing.store_user manual__2024-08-16T06:56:01.399983+00:00 [queued]>
[2024-08-16T07:05:31.877+0000] {taskinstance.py:2856} INFO - Starting attempt 2 of 2
[2024-08-16T07:05:31.884+0000] {taskinstance.py:2879} INFO - Executing <Task(PythonOperator): store_user> on 2024-08-16 06:56:01.399983+00:00
[2024-08-16T07:05:31.889+0000] {warnings.py:112} WARNING - /home/***/.local/lib/python3.12/site-packages/***/task/task_runner/standard_task_runner.py:70: DeprecationWarning: This process (pid=2133) is multi-threaded, use of fork() may lead to deadlocks in the child.
  pid = os.fork()

[2024-08-16T07:05:31.891+0000] {standard_task_runner.py:104} INFO - Running: ['***', 'tasks', 'run', 'user_processing', 'store_user', 'manual__2024-08-16T06:56:01.399983+00:00', '--job-id', '15', '--raw', '--subdir', 'DAGS_FOLDER/user_processing.py', '--cfg-path', '/tmp/tmpcxcy2gnd']
[2024-08-16T07:05:31.892+0000] {standard_task_runner.py:72} INFO - Started process 2135 to run task
[2024-08-16T07:05:31.892+0000] {standard_task_runner.py:105} INFO - Job 15: Subtask store_user
[2024-08-16T07:05:31.920+0000] {task_command.py:467} INFO - Running <TaskInstance: user_processing.store_user manual__2024-08-16T06:56:01.399983+00:00 [running]> on host 891000986bfd
[2024-08-16T07:05:31.974+0000] {taskinstance.py:3122} INFO - Exporting env vars: AIRFLOW_CTX_DAG_OWNER='***' AIRFLOW_CTX_DAG_ID='user_processing' AIRFLOW_CTX_TASK_ID='store_user' AIRFLOW_CTX_EXECUTION_DATE='2024-08-16T06:56:01.399983+00:00' AIRFLOW_CTX_TRY_NUMBER='2' AIRFLOW_CTX_DAG_RUN_ID='manual__2024-08-16T06:56:01.399983+00:00'
[2024-08-16T07:05:31.975+0000] {logging_mixin.py:190} INFO - Task instance is in running state
[2024-08-16T07:05:31.975+0000] {logging_mixin.py:190} INFO -  Previous state of the Task instance: queued
[2024-08-16T07:05:31.976+0000] {logging_mixin.py:190} INFO - Current task name:store_user state:running start_date:2024-08-16 07:05:31.872711+00:00
[2024-08-16T07:05:31.976+0000] {logging_mixin.py:190} INFO - Dag name:user_processing and current dag run status:running
[2024-08-16T07:05:31.976+0000] {taskinstance.py:731} INFO - ::endgroup::
[2024-08-16T07:05:31.977+0000] {postgres.py:191} INFO - Running copy expert: COPY users FROM STDIN WITH DELIMITER AS ',', filename: /tmp/processed_user.csv
[2024-08-16T07:05:31.982+0000] {base.py:84} INFO - Retrieving connection 'my_postgres'
[2024-08-16T07:05:31.986+0000] {python.py:240} INFO - Done. Returned value was: None
[2024-08-16T07:05:31.991+0000] {taskinstance.py:340} INFO - ::group::Post task execution logs
[2024-08-16T07:05:31.993+0000] {taskinstance.py:352} INFO - Marking task as SUCCESS. dag_id=user_processing, task_id=store_user, run_id=manual__2024-08-16T06:56:01.399983+00:00, execution_date=20240816T065601, start_date=20240816T070531, end_date=20240816T070531
[2024-08-16T07:05:31.998+0000] {logging_mixin.py:190} INFO - Task instance in success state
[2024-08-16T07:05:31.998+0000] {logging_mixin.py:190} INFO -  Previous state of the Task instance: running
[2024-08-16T07:05:31.998+0000] {logging_mixin.py:190} INFO - Dag name:user_processing queued_at:2024-08-16 07:05:23.128804+00:00
[2024-08-16T07:05:31.999+0000] {logging_mixin.py:190} INFO - Task hostname:891000986bfd operator:PythonOperator
[2024-08-16T07:05:32.032+0000] {local_task_job_runner.py:261} INFO - Task exited with return code 0
[2024-08-16T07:05:32.044+0000] {taskinstance.py:3891} INFO - 0 downstream tasks scheduled from follow-on schedule check
[2024-08-16T07:05:32.045+0000] {local_task_job_runner.py:240} INFO - ::endgroup::
