[2024-08-17T04:18:27.793+0000] {processor.py:186} INFO - Started process (PID=451) to work on /opt/airflow/dags/airflow_dag.py
[2024-08-17T04:18:27.794+0000] {processor.py:914} INFO - Processing file /opt/airflow/dags/airflow_dag.py for tasks to queue
[2024-08-17T04:18:27.796+0000] {logging_mixin.py:190} INFO - [2024-08-17T04:18:27.796+0000] {dagbag.py:587} INFO - Filling up the DagBag from /opt/airflow/dags/airflow_dag.py
[2024-08-17T04:18:27.805+0000] {processor.py:925} INFO - DAG(s) 'airflow_dag' retrieved from /opt/airflow/dags/airflow_dag.py
[2024-08-17T04:18:27.973+0000] {logging_mixin.py:190} INFO - [2024-08-17T04:18:27.972+0000] {override.py:1858} INFO - Created Permission View: can edit on DAG:airflow_dag
[2024-08-17T04:18:27.978+0000] {logging_mixin.py:190} INFO - [2024-08-17T04:18:27.977+0000] {override.py:1858} INFO - Created Permission View: can delete on DAG:airflow_dag
[2024-08-17T04:18:27.980+0000] {logging_mixin.py:190} INFO - [2024-08-17T04:18:27.980+0000] {override.py:1858} INFO - Created Permission View: can read on DAG:airflow_dag
[2024-08-17T04:18:27.981+0000] {logging_mixin.py:190} INFO - [2024-08-17T04:18:27.980+0000] {dag.py:3211} INFO - Sync 1 DAGs
[2024-08-17T04:18:27.988+0000] {logging_mixin.py:190} INFO - [2024-08-17T04:18:27.988+0000] {dag.py:3234} INFO - Creating ORM DAG for airflow_dag
[2024-08-17T04:18:27.995+0000] {logging_mixin.py:190} INFO - [2024-08-17T04:18:27.995+0000] {dag.py:4138} INFO - Setting next_dagrun for airflow_dag to 2024-08-16 00:00:00+00:00, run_after=2024-08-17 00:00:00+00:00
[2024-08-17T04:18:28.004+0000] {processor.py:208} INFO - Processing /opt/airflow/dags/airflow_dag.py took 0.216 seconds
[2024-08-17T04:18:58.318+0000] {processor.py:186} INFO - Started process (PID=463) to work on /opt/airflow/dags/airflow_dag.py
[2024-08-17T04:18:58.319+0000] {processor.py:914} INFO - Processing file /opt/airflow/dags/airflow_dag.py for tasks to queue
[2024-08-17T04:18:58.322+0000] {logging_mixin.py:190} INFO - [2024-08-17T04:18:58.322+0000] {dagbag.py:587} INFO - Filling up the DagBag from /opt/airflow/dags/airflow_dag.py
[2024-08-17T04:18:58.338+0000] {processor.py:925} INFO - DAG(s) 'airflow_dag' retrieved from /opt/airflow/dags/airflow_dag.py
[2024-08-17T04:18:58.360+0000] {logging_mixin.py:190} INFO - [2024-08-17T04:18:58.360+0000] {dag.py:3211} INFO - Sync 1 DAGs
[2024-08-17T04:18:58.380+0000] {logging_mixin.py:190} INFO - [2024-08-17T04:18:58.380+0000] {dag.py:4138} INFO - Setting next_dagrun for airflow_dag to 2024-08-17 00:00:00+00:00, run_after=2024-08-18 00:00:00+00:00
[2024-08-17T04:18:58.393+0000] {processor.py:208} INFO - Processing /opt/airflow/dags/airflow_dag.py took 0.083 seconds
[2024-08-17T04:19:28.759+0000] {processor.py:186} INFO - Started process (PID=475) to work on /opt/airflow/dags/airflow_dag.py
[2024-08-17T04:19:28.760+0000] {processor.py:914} INFO - Processing file /opt/airflow/dags/airflow_dag.py for tasks to queue
[2024-08-17T04:19:28.762+0000] {logging_mixin.py:190} INFO - [2024-08-17T04:19:28.761+0000] {dagbag.py:587} INFO - Filling up the DagBag from /opt/airflow/dags/airflow_dag.py
[2024-08-17T04:19:28.773+0000] {processor.py:925} INFO - DAG(s) 'airflow_dag' retrieved from /opt/airflow/dags/airflow_dag.py
[2024-08-17T04:19:28.792+0000] {logging_mixin.py:190} INFO - [2024-08-17T04:19:28.792+0000] {dag.py:3211} INFO - Sync 1 DAGs
[2024-08-17T04:19:28.809+0000] {logging_mixin.py:190} INFO - [2024-08-17T04:19:28.809+0000] {dag.py:4138} INFO - Setting next_dagrun for airflow_dag to 2024-08-17 00:00:00+00:00, run_after=2024-08-18 00:00:00+00:00
[2024-08-17T04:19:28.821+0000] {processor.py:208} INFO - Processing /opt/airflow/dags/airflow_dag.py took 0.069 seconds
[2024-08-17T04:19:59.192+0000] {processor.py:186} INFO - Started process (PID=487) to work on /opt/airflow/dags/airflow_dag.py
[2024-08-17T04:19:59.193+0000] {processor.py:914} INFO - Processing file /opt/airflow/dags/airflow_dag.py for tasks to queue
[2024-08-17T04:19:59.195+0000] {logging_mixin.py:190} INFO - [2024-08-17T04:19:59.195+0000] {dagbag.py:587} INFO - Filling up the DagBag from /opt/airflow/dags/airflow_dag.py
[2024-08-17T04:19:59.205+0000] {processor.py:925} INFO - DAG(s) 'airflow_dag' retrieved from /opt/airflow/dags/airflow_dag.py
[2024-08-17T04:19:59.221+0000] {logging_mixin.py:190} INFO - [2024-08-17T04:19:59.221+0000] {dag.py:3211} INFO - Sync 1 DAGs
[2024-08-17T04:19:59.238+0000] {logging_mixin.py:190} INFO - [2024-08-17T04:19:59.238+0000] {dag.py:4138} INFO - Setting next_dagrun for airflow_dag to 2024-08-17 00:00:00+00:00, run_after=2024-08-18 00:00:00+00:00
[2024-08-17T04:19:59.248+0000] {processor.py:208} INFO - Processing /opt/airflow/dags/airflow_dag.py took 0.062 seconds
[2024-08-17T04:20:29.640+0000] {processor.py:186} INFO - Started process (PID=499) to work on /opt/airflow/dags/airflow_dag.py
[2024-08-17T04:20:29.641+0000] {processor.py:914} INFO - Processing file /opt/airflow/dags/airflow_dag.py for tasks to queue
[2024-08-17T04:20:29.643+0000] {logging_mixin.py:190} INFO - [2024-08-17T04:20:29.643+0000] {dagbag.py:587} INFO - Filling up the DagBag from /opt/airflow/dags/airflow_dag.py
[2024-08-17T04:20:29.652+0000] {processor.py:925} INFO - DAG(s) 'airflow_dag' retrieved from /opt/airflow/dags/airflow_dag.py
[2024-08-17T04:20:29.667+0000] {logging_mixin.py:190} INFO - [2024-08-17T04:20:29.667+0000] {dag.py:3211} INFO - Sync 1 DAGs
[2024-08-17T04:20:29.682+0000] {logging_mixin.py:190} INFO - [2024-08-17T04:20:29.682+0000] {dag.py:4138} INFO - Setting next_dagrun for airflow_dag to 2024-08-17 00:00:00+00:00, run_after=2024-08-18 00:00:00+00:00
[2024-08-17T04:20:29.692+0000] {processor.py:208} INFO - Processing /opt/airflow/dags/airflow_dag.py took 0.056 seconds
[2024-08-17T04:21:00.132+0000] {processor.py:186} INFO - Started process (PID=511) to work on /opt/airflow/dags/airflow_dag.py
[2024-08-17T04:21:00.134+0000] {processor.py:914} INFO - Processing file /opt/airflow/dags/airflow_dag.py for tasks to queue
[2024-08-17T04:21:00.137+0000] {logging_mixin.py:190} INFO - [2024-08-17T04:21:00.137+0000] {dagbag.py:587} INFO - Filling up the DagBag from /opt/airflow/dags/airflow_dag.py
[2024-08-17T04:21:00.154+0000] {processor.py:925} INFO - DAG(s) 'airflow_dag' retrieved from /opt/airflow/dags/airflow_dag.py
[2024-08-17T04:21:00.177+0000] {logging_mixin.py:190} INFO - [2024-08-17T04:21:00.177+0000] {dag.py:3211} INFO - Sync 1 DAGs
[2024-08-17T04:21:00.198+0000] {logging_mixin.py:190} INFO - [2024-08-17T04:21:00.198+0000] {dag.py:4138} INFO - Setting next_dagrun for airflow_dag to 2024-08-17 00:00:00+00:00, run_after=2024-08-18 00:00:00+00:00
[2024-08-17T04:21:00.211+0000] {processor.py:208} INFO - Processing /opt/airflow/dags/airflow_dag.py took 0.087 seconds
[2024-08-17T04:21:30.576+0000] {processor.py:186} INFO - Started process (PID=523) to work on /opt/airflow/dags/airflow_dag.py
[2024-08-17T04:21:30.577+0000] {processor.py:914} INFO - Processing file /opt/airflow/dags/airflow_dag.py for tasks to queue
[2024-08-17T04:21:30.578+0000] {logging_mixin.py:190} INFO - [2024-08-17T04:21:30.578+0000] {dagbag.py:587} INFO - Filling up the DagBag from /opt/airflow/dags/airflow_dag.py
[2024-08-17T04:21:30.587+0000] {processor.py:925} INFO - DAG(s) 'airflow_dag' retrieved from /opt/airflow/dags/airflow_dag.py
[2024-08-17T04:21:30.602+0000] {logging_mixin.py:190} INFO - [2024-08-17T04:21:30.602+0000] {dag.py:3211} INFO - Sync 1 DAGs
[2024-08-17T04:21:30.617+0000] {logging_mixin.py:190} INFO - [2024-08-17T04:21:30.617+0000] {dag.py:4138} INFO - Setting next_dagrun for airflow_dag to 2024-08-17 00:00:00+00:00, run_after=2024-08-18 00:00:00+00:00
[2024-08-17T04:21:30.627+0000] {processor.py:208} INFO - Processing /opt/airflow/dags/airflow_dag.py took 0.055 seconds
[2024-08-17T04:22:01.012+0000] {processor.py:186} INFO - Started process (PID=535) to work on /opt/airflow/dags/airflow_dag.py
[2024-08-17T04:22:01.013+0000] {processor.py:914} INFO - Processing file /opt/airflow/dags/airflow_dag.py for tasks to queue
[2024-08-17T04:22:01.014+0000] {logging_mixin.py:190} INFO - [2024-08-17T04:22:01.014+0000] {dagbag.py:587} INFO - Filling up the DagBag from /opt/airflow/dags/airflow_dag.py
[2024-08-17T04:22:01.023+0000] {processor.py:925} INFO - DAG(s) 'airflow_dag' retrieved from /opt/airflow/dags/airflow_dag.py
[2024-08-17T04:22:01.039+0000] {logging_mixin.py:190} INFO - [2024-08-17T04:22:01.039+0000] {dag.py:3211} INFO - Sync 1 DAGs
[2024-08-17T04:22:01.055+0000] {logging_mixin.py:190} INFO - [2024-08-17T04:22:01.055+0000] {dag.py:4138} INFO - Setting next_dagrun for airflow_dag to 2024-08-17 00:00:00+00:00, run_after=2024-08-18 00:00:00+00:00
[2024-08-17T04:22:01.066+0000] {processor.py:208} INFO - Processing /opt/airflow/dags/airflow_dag.py took 0.059 seconds
[2024-08-17T04:22:31.423+0000] {processor.py:186} INFO - Started process (PID=546) to work on /opt/airflow/dags/airflow_dag.py
[2024-08-17T04:22:31.424+0000] {processor.py:914} INFO - Processing file /opt/airflow/dags/airflow_dag.py for tasks to queue
[2024-08-17T04:22:31.426+0000] {logging_mixin.py:190} INFO - [2024-08-17T04:22:31.426+0000] {dagbag.py:587} INFO - Filling up the DagBag from /opt/airflow/dags/airflow_dag.py
[2024-08-17T04:22:31.436+0000] {processor.py:925} INFO - DAG(s) 'airflow_dag' retrieved from /opt/airflow/dags/airflow_dag.py
[2024-08-17T04:22:31.454+0000] {logging_mixin.py:190} INFO - [2024-08-17T04:22:31.453+0000] {dag.py:3211} INFO - Sync 1 DAGs
[2024-08-17T04:22:31.471+0000] {logging_mixin.py:190} INFO - [2024-08-17T04:22:31.471+0000] {dag.py:4138} INFO - Setting next_dagrun for airflow_dag to 2024-08-17 00:00:00+00:00, run_after=2024-08-18 00:00:00+00:00
[2024-08-17T04:22:31.481+0000] {processor.py:208} INFO - Processing /opt/airflow/dags/airflow_dag.py took 0.066 seconds
[2024-08-17T04:23:01.827+0000] {processor.py:186} INFO - Started process (PID=558) to work on /opt/airflow/dags/airflow_dag.py
[2024-08-17T04:23:01.828+0000] {processor.py:914} INFO - Processing file /opt/airflow/dags/airflow_dag.py for tasks to queue
[2024-08-17T04:23:01.829+0000] {logging_mixin.py:190} INFO - [2024-08-17T04:23:01.829+0000] {dagbag.py:587} INFO - Filling up the DagBag from /opt/airflow/dags/airflow_dag.py
[2024-08-17T04:23:01.838+0000] {processor.py:925} INFO - DAG(s) 'airflow_dag' retrieved from /opt/airflow/dags/airflow_dag.py
[2024-08-17T04:23:01.852+0000] {logging_mixin.py:190} INFO - [2024-08-17T04:23:01.852+0000] {dag.py:3211} INFO - Sync 1 DAGs
[2024-08-17T04:23:01.867+0000] {logging_mixin.py:190} INFO - [2024-08-17T04:23:01.867+0000] {dag.py:4138} INFO - Setting next_dagrun for airflow_dag to 2024-08-17 00:00:00+00:00, run_after=2024-08-18 00:00:00+00:00
[2024-08-17T04:23:01.877+0000] {processor.py:208} INFO - Processing /opt/airflow/dags/airflow_dag.py took 0.055 seconds
[2024-08-17T04:23:32.278+0000] {processor.py:186} INFO - Started process (PID=570) to work on /opt/airflow/dags/airflow_dag.py
[2024-08-17T04:23:32.279+0000] {processor.py:914} INFO - Processing file /opt/airflow/dags/airflow_dag.py for tasks to queue
[2024-08-17T04:23:32.282+0000] {logging_mixin.py:190} INFO - [2024-08-17T04:23:32.282+0000] {dagbag.py:587} INFO - Filling up the DagBag from /opt/airflow/dags/airflow_dag.py
[2024-08-17T04:23:32.296+0000] {processor.py:925} INFO - DAG(s) 'airflow_dag' retrieved from /opt/airflow/dags/airflow_dag.py
[2024-08-17T04:23:32.315+0000] {logging_mixin.py:190} INFO - [2024-08-17T04:23:32.315+0000] {dag.py:3211} INFO - Sync 1 DAGs
[2024-08-17T04:23:32.335+0000] {logging_mixin.py:190} INFO - [2024-08-17T04:23:32.335+0000] {dag.py:4138} INFO - Setting next_dagrun for airflow_dag to 2024-08-17 00:00:00+00:00, run_after=2024-08-18 00:00:00+00:00
[2024-08-17T04:23:32.346+0000] {processor.py:208} INFO - Processing /opt/airflow/dags/airflow_dag.py took 0.077 seconds
[2024-08-17T04:24:02.758+0000] {processor.py:186} INFO - Started process (PID=582) to work on /opt/airflow/dags/airflow_dag.py
[2024-08-17T04:24:02.759+0000] {processor.py:914} INFO - Processing file /opt/airflow/dags/airflow_dag.py for tasks to queue
[2024-08-17T04:24:02.761+0000] {logging_mixin.py:190} INFO - [2024-08-17T04:24:02.761+0000] {dagbag.py:587} INFO - Filling up the DagBag from /opt/airflow/dags/airflow_dag.py
[2024-08-17T04:24:02.772+0000] {processor.py:925} INFO - DAG(s) 'airflow_dag' retrieved from /opt/airflow/dags/airflow_dag.py
[2024-08-17T04:24:02.790+0000] {logging_mixin.py:190} INFO - [2024-08-17T04:24:02.790+0000] {dag.py:3211} INFO - Sync 1 DAGs
[2024-08-17T04:24:02.807+0000] {logging_mixin.py:190} INFO - [2024-08-17T04:24:02.807+0000] {dag.py:4138} INFO - Setting next_dagrun for airflow_dag to 2024-08-17 00:00:00+00:00, run_after=2024-08-18 00:00:00+00:00
[2024-08-17T04:24:02.819+0000] {processor.py:208} INFO - Processing /opt/airflow/dags/airflow_dag.py took 0.069 seconds
[2024-08-17T04:24:33.251+0000] {processor.py:186} INFO - Started process (PID=594) to work on /opt/airflow/dags/airflow_dag.py
[2024-08-17T04:24:33.252+0000] {processor.py:914} INFO - Processing file /opt/airflow/dags/airflow_dag.py for tasks to queue
[2024-08-17T04:24:33.254+0000] {logging_mixin.py:190} INFO - [2024-08-17T04:24:33.253+0000] {dagbag.py:587} INFO - Filling up the DagBag from /opt/airflow/dags/airflow_dag.py
[2024-08-17T04:24:33.263+0000] {processor.py:925} INFO - DAG(s) 'airflow_dag' retrieved from /opt/airflow/dags/airflow_dag.py
[2024-08-17T04:24:33.279+0000] {logging_mixin.py:190} INFO - [2024-08-17T04:24:33.278+0000] {dag.py:3211} INFO - Sync 1 DAGs
[2024-08-17T04:24:33.295+0000] {logging_mixin.py:190} INFO - [2024-08-17T04:24:33.295+0000] {dag.py:4138} INFO - Setting next_dagrun for airflow_dag to 2024-08-17 00:00:00+00:00, run_after=2024-08-18 00:00:00+00:00
[2024-08-17T04:24:33.306+0000] {processor.py:208} INFO - Processing /opt/airflow/dags/airflow_dag.py took 0.060 seconds
[2024-08-17T04:25:03.694+0000] {processor.py:186} INFO - Started process (PID=606) to work on /opt/airflow/dags/airflow_dag.py
[2024-08-17T04:25:03.695+0000] {processor.py:914} INFO - Processing file /opt/airflow/dags/airflow_dag.py for tasks to queue
[2024-08-17T04:25:03.698+0000] {logging_mixin.py:190} INFO - [2024-08-17T04:25:03.698+0000] {dagbag.py:587} INFO - Filling up the DagBag from /opt/airflow/dags/airflow_dag.py
[2024-08-17T04:25:03.711+0000] {processor.py:925} INFO - DAG(s) 'airflow_dag' retrieved from /opt/airflow/dags/airflow_dag.py
[2024-08-17T04:25:03.731+0000] {logging_mixin.py:190} INFO - [2024-08-17T04:25:03.730+0000] {dag.py:3211} INFO - Sync 1 DAGs
[2024-08-17T04:25:03.752+0000] {logging_mixin.py:190} INFO - [2024-08-17T04:25:03.751+0000] {dag.py:4138} INFO - Setting next_dagrun for airflow_dag to 2024-08-17 00:00:00+00:00, run_after=2024-08-18 00:00:00+00:00
[2024-08-17T04:25:03.764+0000] {processor.py:208} INFO - Processing /opt/airflow/dags/airflow_dag.py took 0.075 seconds
[2024-08-17T04:25:34.131+0000] {processor.py:186} INFO - Started process (PID=618) to work on /opt/airflow/dags/airflow_dag.py
[2024-08-17T04:25:34.133+0000] {processor.py:914} INFO - Processing file /opt/airflow/dags/airflow_dag.py for tasks to queue
[2024-08-17T04:25:34.135+0000] {logging_mixin.py:190} INFO - [2024-08-17T04:25:34.135+0000] {dagbag.py:587} INFO - Filling up the DagBag from /opt/airflow/dags/airflow_dag.py
[2024-08-17T04:25:34.146+0000] {processor.py:925} INFO - DAG(s) 'airflow_dag' retrieved from /opt/airflow/dags/airflow_dag.py
[2024-08-17T04:25:34.166+0000] {logging_mixin.py:190} INFO - [2024-08-17T04:25:34.166+0000] {dag.py:3211} INFO - Sync 1 DAGs
[2024-08-17T04:25:34.183+0000] {logging_mixin.py:190} INFO - [2024-08-17T04:25:34.183+0000] {dag.py:4138} INFO - Setting next_dagrun for airflow_dag to 2024-08-17 00:00:00+00:00, run_after=2024-08-18 00:00:00+00:00
[2024-08-17T04:25:34.194+0000] {processor.py:208} INFO - Processing /opt/airflow/dags/airflow_dag.py took 0.070 seconds
[2024-08-17T04:26:04.585+0000] {processor.py:186} INFO - Started process (PID=630) to work on /opt/airflow/dags/airflow_dag.py
[2024-08-17T04:26:04.587+0000] {processor.py:914} INFO - Processing file /opt/airflow/dags/airflow_dag.py for tasks to queue
[2024-08-17T04:26:04.588+0000] {logging_mixin.py:190} INFO - [2024-08-17T04:26:04.588+0000] {dagbag.py:587} INFO - Filling up the DagBag from /opt/airflow/dags/airflow_dag.py
[2024-08-17T04:26:04.598+0000] {processor.py:925} INFO - DAG(s) 'airflow_dag' retrieved from /opt/airflow/dags/airflow_dag.py
[2024-08-17T04:26:04.614+0000] {logging_mixin.py:190} INFO - [2024-08-17T04:26:04.614+0000] {dag.py:3211} INFO - Sync 1 DAGs
[2024-08-17T04:26:04.630+0000] {logging_mixin.py:190} INFO - [2024-08-17T04:26:04.630+0000] {dag.py:4138} INFO - Setting next_dagrun for airflow_dag to 2024-08-17 00:00:00+00:00, run_after=2024-08-18 00:00:00+00:00
[2024-08-17T04:26:04.640+0000] {processor.py:208} INFO - Processing /opt/airflow/dags/airflow_dag.py took 0.061 seconds
[2024-08-17T04:26:35.059+0000] {processor.py:186} INFO - Started process (PID=642) to work on /opt/airflow/dags/airflow_dag.py
[2024-08-17T04:26:35.060+0000] {processor.py:914} INFO - Processing file /opt/airflow/dags/airflow_dag.py for tasks to queue
[2024-08-17T04:26:35.064+0000] {logging_mixin.py:190} INFO - [2024-08-17T04:26:35.063+0000] {dagbag.py:587} INFO - Filling up the DagBag from /opt/airflow/dags/airflow_dag.py
[2024-08-17T04:26:35.079+0000] {processor.py:925} INFO - DAG(s) 'airflow_dag' retrieved from /opt/airflow/dags/airflow_dag.py
[2024-08-17T04:26:35.098+0000] {logging_mixin.py:190} INFO - [2024-08-17T04:26:35.098+0000] {dag.py:3211} INFO - Sync 1 DAGs
[2024-08-17T04:26:35.116+0000] {logging_mixin.py:190} INFO - [2024-08-17T04:26:35.116+0000] {dag.py:4138} INFO - Setting next_dagrun for airflow_dag to 2024-08-17 00:00:00+00:00, run_after=2024-08-18 00:00:00+00:00
[2024-08-17T04:26:35.128+0000] {processor.py:208} INFO - Processing /opt/airflow/dags/airflow_dag.py took 0.078 seconds
[2024-08-17T04:27:05.512+0000] {processor.py:186} INFO - Started process (PID=654) to work on /opt/airflow/dags/airflow_dag.py
[2024-08-17T04:27:05.513+0000] {processor.py:914} INFO - Processing file /opt/airflow/dags/airflow_dag.py for tasks to queue
[2024-08-17T04:27:05.517+0000] {logging_mixin.py:190} INFO - [2024-08-17T04:27:05.517+0000] {dagbag.py:587} INFO - Filling up the DagBag from /opt/airflow/dags/airflow_dag.py
[2024-08-17T04:27:05.540+0000] {processor.py:925} INFO - DAG(s) 'airflow_dag' retrieved from /opt/airflow/dags/airflow_dag.py
[2024-08-17T04:27:05.565+0000] {logging_mixin.py:190} INFO - [2024-08-17T04:27:05.565+0000] {dag.py:3211} INFO - Sync 1 DAGs
[2024-08-17T04:27:05.590+0000] {logging_mixin.py:190} INFO - [2024-08-17T04:27:05.590+0000] {dag.py:4138} INFO - Setting next_dagrun for airflow_dag to 2024-08-17 00:00:00+00:00, run_after=2024-08-18 00:00:00+00:00
[2024-08-17T04:27:05.604+0000] {processor.py:208} INFO - Processing /opt/airflow/dags/airflow_dag.py took 0.096 seconds
[2024-08-17T04:27:36.006+0000] {processor.py:186} INFO - Started process (PID=666) to work on /opt/airflow/dags/airflow_dag.py
[2024-08-17T04:27:36.007+0000] {processor.py:914} INFO - Processing file /opt/airflow/dags/airflow_dag.py for tasks to queue
[2024-08-17T04:27:36.010+0000] {logging_mixin.py:190} INFO - [2024-08-17T04:27:36.009+0000] {dagbag.py:587} INFO - Filling up the DagBag from /opt/airflow/dags/airflow_dag.py
[2024-08-17T04:27:36.022+0000] {processor.py:925} INFO - DAG(s) 'airflow_dag' retrieved from /opt/airflow/dags/airflow_dag.py
[2024-08-17T04:27:36.041+0000] {logging_mixin.py:190} INFO - [2024-08-17T04:27:36.041+0000] {dag.py:3211} INFO - Sync 1 DAGs
[2024-08-17T04:27:36.060+0000] {logging_mixin.py:190} INFO - [2024-08-17T04:27:36.060+0000] {dag.py:4138} INFO - Setting next_dagrun for airflow_dag to 2024-08-17 00:00:00+00:00, run_after=2024-08-18 00:00:00+00:00
[2024-08-17T04:27:36.071+0000] {processor.py:208} INFO - Processing /opt/airflow/dags/airflow_dag.py took 0.072 seconds
[2024-08-17T04:28:06.468+0000] {processor.py:186} INFO - Started process (PID=678) to work on /opt/airflow/dags/airflow_dag.py
[2024-08-17T04:28:06.469+0000] {processor.py:914} INFO - Processing file /opt/airflow/dags/airflow_dag.py for tasks to queue
[2024-08-17T04:28:06.470+0000] {logging_mixin.py:190} INFO - [2024-08-17T04:28:06.470+0000] {dagbag.py:587} INFO - Filling up the DagBag from /opt/airflow/dags/airflow_dag.py
[2024-08-17T04:28:06.480+0000] {processor.py:925} INFO - DAG(s) 'airflow_dag' retrieved from /opt/airflow/dags/airflow_dag.py
[2024-08-17T04:28:06.495+0000] {logging_mixin.py:190} INFO - [2024-08-17T04:28:06.495+0000] {dag.py:3211} INFO - Sync 1 DAGs
[2024-08-17T04:28:06.512+0000] {logging_mixin.py:190} INFO - [2024-08-17T04:28:06.512+0000] {dag.py:4138} INFO - Setting next_dagrun for airflow_dag to 2024-08-17 00:00:00+00:00, run_after=2024-08-18 00:00:00+00:00
[2024-08-17T04:28:06.522+0000] {processor.py:208} INFO - Processing /opt/airflow/dags/airflow_dag.py took 0.060 seconds
[2024-08-17T04:28:36.939+0000] {processor.py:186} INFO - Started process (PID=690) to work on /opt/airflow/dags/airflow_dag.py
[2024-08-17T04:28:36.941+0000] {processor.py:914} INFO - Processing file /opt/airflow/dags/airflow_dag.py for tasks to queue
[2024-08-17T04:28:36.943+0000] {logging_mixin.py:190} INFO - [2024-08-17T04:28:36.943+0000] {dagbag.py:587} INFO - Filling up the DagBag from /opt/airflow/dags/airflow_dag.py
[2024-08-17T04:28:36.953+0000] {processor.py:925} INFO - DAG(s) 'airflow_dag' retrieved from /opt/airflow/dags/airflow_dag.py
[2024-08-17T04:28:36.971+0000] {logging_mixin.py:190} INFO - [2024-08-17T04:28:36.971+0000] {dag.py:3211} INFO - Sync 1 DAGs
[2024-08-17T04:28:36.988+0000] {logging_mixin.py:190} INFO - [2024-08-17T04:28:36.988+0000] {dag.py:4138} INFO - Setting next_dagrun for airflow_dag to 2024-08-17 00:00:00+00:00, run_after=2024-08-18 00:00:00+00:00
[2024-08-17T04:28:36.999+0000] {processor.py:208} INFO - Processing /opt/airflow/dags/airflow_dag.py took 0.066 seconds
[2024-08-17T04:29:07.428+0000] {processor.py:186} INFO - Started process (PID=702) to work on /opt/airflow/dags/airflow_dag.py
[2024-08-17T04:29:07.429+0000] {processor.py:914} INFO - Processing file /opt/airflow/dags/airflow_dag.py for tasks to queue
[2024-08-17T04:29:07.433+0000] {logging_mixin.py:190} INFO - [2024-08-17T04:29:07.433+0000] {dagbag.py:587} INFO - Filling up the DagBag from /opt/airflow/dags/airflow_dag.py
[2024-08-17T04:29:07.448+0000] {processor.py:925} INFO - DAG(s) 'airflow_dag' retrieved from /opt/airflow/dags/airflow_dag.py
[2024-08-17T04:29:07.471+0000] {logging_mixin.py:190} INFO - [2024-08-17T04:29:07.471+0000] {dag.py:3211} INFO - Sync 1 DAGs
[2024-08-17T04:29:07.491+0000] {logging_mixin.py:190} INFO - [2024-08-17T04:29:07.491+0000] {dag.py:4138} INFO - Setting next_dagrun for airflow_dag to 2024-08-17 00:00:00+00:00, run_after=2024-08-18 00:00:00+00:00
[2024-08-17T04:29:07.504+0000] {processor.py:208} INFO - Processing /opt/airflow/dags/airflow_dag.py took 0.084 seconds
[2024-08-17T04:29:37.977+0000] {processor.py:186} INFO - Started process (PID=714) to work on /opt/airflow/dags/airflow_dag.py
[2024-08-17T04:29:37.978+0000] {processor.py:914} INFO - Processing file /opt/airflow/dags/airflow_dag.py for tasks to queue
[2024-08-17T04:29:37.980+0000] {logging_mixin.py:190} INFO - [2024-08-17T04:29:37.980+0000] {dagbag.py:587} INFO - Filling up the DagBag from /opt/airflow/dags/airflow_dag.py
[2024-08-17T04:29:38.000+0000] {processor.py:925} INFO - DAG(s) 'airflow_dag' retrieved from /opt/airflow/dags/airflow_dag.py
[2024-08-17T04:29:38.021+0000] {logging_mixin.py:190} INFO - [2024-08-17T04:29:38.021+0000] {dag.py:3211} INFO - Sync 1 DAGs
[2024-08-17T04:29:38.040+0000] {logging_mixin.py:190} INFO - [2024-08-17T04:29:38.040+0000] {dag.py:4138} INFO - Setting next_dagrun for airflow_dag to 2024-08-17 00:00:00+00:00, run_after=2024-08-18 00:00:00+00:00
[2024-08-17T04:29:38.054+0000] {processor.py:208} INFO - Processing /opt/airflow/dags/airflow_dag.py took 0.084 seconds
[2024-08-17T04:30:08.459+0000] {processor.py:186} INFO - Started process (PID=726) to work on /opt/airflow/dags/airflow_dag.py
[2024-08-17T04:30:08.460+0000] {processor.py:914} INFO - Processing file /opt/airflow/dags/airflow_dag.py for tasks to queue
[2024-08-17T04:30:08.463+0000] {logging_mixin.py:190} INFO - [2024-08-17T04:30:08.463+0000] {dagbag.py:587} INFO - Filling up the DagBag from /opt/airflow/dags/airflow_dag.py
[2024-08-17T04:30:08.477+0000] {processor.py:925} INFO - DAG(s) 'airflow_dag' retrieved from /opt/airflow/dags/airflow_dag.py
[2024-08-17T04:30:08.496+0000] {logging_mixin.py:190} INFO - [2024-08-17T04:30:08.495+0000] {dag.py:3211} INFO - Sync 1 DAGs
[2024-08-17T04:30:08.515+0000] {logging_mixin.py:190} INFO - [2024-08-17T04:30:08.515+0000] {dag.py:4138} INFO - Setting next_dagrun for airflow_dag to 2024-08-17 00:00:00+00:00, run_after=2024-08-18 00:00:00+00:00
[2024-08-17T04:30:08.527+0000] {processor.py:208} INFO - Processing /opt/airflow/dags/airflow_dag.py took 0.074 seconds
[2024-08-17T04:30:38.896+0000] {processor.py:186} INFO - Started process (PID=738) to work on /opt/airflow/dags/airflow_dag.py
[2024-08-17T04:30:38.896+0000] {processor.py:914} INFO - Processing file /opt/airflow/dags/airflow_dag.py for tasks to queue
[2024-08-17T04:30:38.899+0000] {logging_mixin.py:190} INFO - [2024-08-17T04:30:38.898+0000] {dagbag.py:587} INFO - Filling up the DagBag from /opt/airflow/dags/airflow_dag.py
[2024-08-17T04:30:38.910+0000] {processor.py:925} INFO - DAG(s) 'airflow_dag' retrieved from /opt/airflow/dags/airflow_dag.py
[2024-08-17T04:30:38.929+0000] {logging_mixin.py:190} INFO - [2024-08-17T04:30:38.928+0000] {dag.py:3211} INFO - Sync 1 DAGs
[2024-08-17T04:30:38.944+0000] {logging_mixin.py:190} INFO - [2024-08-17T04:30:38.944+0000] {dag.py:4138} INFO - Setting next_dagrun for airflow_dag to 2024-08-17 00:00:00+00:00, run_after=2024-08-18 00:00:00+00:00
[2024-08-17T04:30:38.954+0000] {processor.py:208} INFO - Processing /opt/airflow/dags/airflow_dag.py took 0.065 seconds
[2024-08-17T04:31:09.373+0000] {processor.py:186} INFO - Started process (PID=750) to work on /opt/airflow/dags/airflow_dag.py
[2024-08-17T04:31:09.374+0000] {processor.py:914} INFO - Processing file /opt/airflow/dags/airflow_dag.py for tasks to queue
[2024-08-17T04:31:09.376+0000] {logging_mixin.py:190} INFO - [2024-08-17T04:31:09.375+0000] {dagbag.py:587} INFO - Filling up the DagBag from /opt/airflow/dags/airflow_dag.py
[2024-08-17T04:31:09.385+0000] {processor.py:925} INFO - DAG(s) 'airflow_dag' retrieved from /opt/airflow/dags/airflow_dag.py
[2024-08-17T04:31:09.401+0000] {logging_mixin.py:190} INFO - [2024-08-17T04:31:09.401+0000] {dag.py:3211} INFO - Sync 1 DAGs
[2024-08-17T04:31:09.418+0000] {logging_mixin.py:190} INFO - [2024-08-17T04:31:09.417+0000] {dag.py:4138} INFO - Setting next_dagrun for airflow_dag to 2024-08-17 00:00:00+00:00, run_after=2024-08-18 00:00:00+00:00
[2024-08-17T04:31:09.429+0000] {processor.py:208} INFO - Processing /opt/airflow/dags/airflow_dag.py took 0.061 seconds
[2024-08-17T04:31:39.928+0000] {processor.py:186} INFO - Started process (PID=762) to work on /opt/airflow/dags/airflow_dag.py
[2024-08-17T04:31:39.929+0000] {processor.py:914} INFO - Processing file /opt/airflow/dags/airflow_dag.py for tasks to queue
[2024-08-17T04:31:39.933+0000] {logging_mixin.py:190} INFO - [2024-08-17T04:31:39.933+0000] {dagbag.py:587} INFO - Filling up the DagBag from /opt/airflow/dags/airflow_dag.py
[2024-08-17T04:31:39.960+0000] {processor.py:925} INFO - DAG(s) 'airflow_dag' retrieved from /opt/airflow/dags/airflow_dag.py
[2024-08-17T04:31:39.997+0000] {logging_mixin.py:190} INFO - [2024-08-17T04:31:39.997+0000] {dag.py:3211} INFO - Sync 1 DAGs
[2024-08-17T04:31:40.022+0000] {logging_mixin.py:190} INFO - [2024-08-17T04:31:40.022+0000] {dag.py:4138} INFO - Setting next_dagrun for airflow_dag to 2024-08-17 00:00:00+00:00, run_after=2024-08-18 00:00:00+00:00
[2024-08-17T04:31:40.036+0000] {processor.py:208} INFO - Processing /opt/airflow/dags/airflow_dag.py took 0.116 seconds
[2024-08-17T08:38:19.815+0000] {processor.py:186} INFO - Started process (PID=196) to work on /opt/airflow/dags/airflow_dag.py
[2024-08-17T08:38:19.816+0000] {processor.py:914} INFO - Processing file /opt/airflow/dags/airflow_dag.py for tasks to queue
[2024-08-17T08:38:19.817+0000] {logging_mixin.py:190} INFO - [2024-08-17T08:38:19.816+0000] {dagbag.py:587} INFO - Filling up the DagBag from /opt/airflow/dags/airflow_dag.py
[2024-08-17T08:38:19.826+0000] {processor.py:925} INFO - DAG(s) 'airflow_dag' retrieved from /opt/airflow/dags/airflow_dag.py
[2024-08-17T08:38:19.898+0000] {logging_mixin.py:190} INFO - [2024-08-17T08:38:19.898+0000] {dag.py:3211} INFO - Sync 1 DAGs
[2024-08-17T08:38:19.912+0000] {logging_mixin.py:190} INFO - [2024-08-17T08:38:19.912+0000] {dag.py:4138} INFO - Setting next_dagrun for airflow_dag to 2024-08-17 00:00:00+00:00, run_after=2024-08-18 00:00:00+00:00
[2024-08-17T08:38:19.922+0000] {processor.py:208} INFO - Processing /opt/airflow/dags/airflow_dag.py took 0.113 seconds
[2024-08-17T08:38:50.170+0000] {processor.py:186} INFO - Started process (PID=218) to work on /opt/airflow/dags/airflow_dag.py
[2024-08-17T08:38:50.170+0000] {processor.py:914} INFO - Processing file /opt/airflow/dags/airflow_dag.py for tasks to queue
[2024-08-17T08:38:50.172+0000] {logging_mixin.py:190} INFO - [2024-08-17T08:38:50.172+0000] {dagbag.py:587} INFO - Filling up the DagBag from /opt/airflow/dags/airflow_dag.py
[2024-08-17T08:38:50.183+0000] {processor.py:925} INFO - DAG(s) 'airflow_dag' retrieved from /opt/airflow/dags/airflow_dag.py
[2024-08-17T08:38:50.203+0000] {logging_mixin.py:190} INFO - [2024-08-17T08:38:50.203+0000] {dag.py:3211} INFO - Sync 1 DAGs
[2024-08-17T08:38:50.220+0000] {logging_mixin.py:190} INFO - [2024-08-17T08:38:50.219+0000] {dag.py:4138} INFO - Setting next_dagrun for airflow_dag to 2024-08-17 00:00:00+00:00, run_after=2024-08-18 00:00:00+00:00
[2024-08-17T08:38:50.231+0000] {processor.py:208} INFO - Processing /opt/airflow/dags/airflow_dag.py took 0.068 seconds
[2024-08-17T08:39:20.557+0000] {processor.py:186} INFO - Started process (PID=230) to work on /opt/airflow/dags/airflow_dag.py
[2024-08-17T08:39:20.558+0000] {processor.py:914} INFO - Processing file /opt/airflow/dags/airflow_dag.py for tasks to queue
[2024-08-17T08:39:20.559+0000] {logging_mixin.py:190} INFO - [2024-08-17T08:39:20.558+0000] {dagbag.py:587} INFO - Filling up the DagBag from /opt/airflow/dags/airflow_dag.py
[2024-08-17T08:39:20.569+0000] {processor.py:925} INFO - DAG(s) 'airflow_dag' retrieved from /opt/airflow/dags/airflow_dag.py
[2024-08-17T08:39:20.588+0000] {logging_mixin.py:190} INFO - [2024-08-17T08:39:20.588+0000] {dag.py:3211} INFO - Sync 1 DAGs
[2024-08-17T08:39:20.606+0000] {logging_mixin.py:190} INFO - [2024-08-17T08:39:20.605+0000] {dag.py:4138} INFO - Setting next_dagrun for airflow_dag to 2024-08-17 00:00:00+00:00, run_after=2024-08-18 00:00:00+00:00
[2024-08-17T08:39:20.615+0000] {processor.py:208} INFO - Processing /opt/airflow/dags/airflow_dag.py took 0.063 seconds
[2024-08-17T08:39:50.962+0000] {processor.py:186} INFO - Started process (PID=242) to work on /opt/airflow/dags/airflow_dag.py
[2024-08-17T08:39:50.963+0000] {processor.py:914} INFO - Processing file /opt/airflow/dags/airflow_dag.py for tasks to queue
[2024-08-17T08:39:50.964+0000] {logging_mixin.py:190} INFO - [2024-08-17T08:39:50.964+0000] {dagbag.py:587} INFO - Filling up the DagBag from /opt/airflow/dags/airflow_dag.py
[2024-08-17T08:39:50.974+0000] {processor.py:925} INFO - DAG(s) 'airflow_dag' retrieved from /opt/airflow/dags/airflow_dag.py
[2024-08-17T08:39:50.989+0000] {logging_mixin.py:190} INFO - [2024-08-17T08:39:50.988+0000] {dag.py:3211} INFO - Sync 1 DAGs
[2024-08-17T08:39:51.003+0000] {logging_mixin.py:190} INFO - [2024-08-17T08:39:51.003+0000] {dag.py:4138} INFO - Setting next_dagrun for airflow_dag to 2024-08-17 00:00:00+00:00, run_after=2024-08-18 00:00:00+00:00
[2024-08-17T08:39:51.011+0000] {processor.py:208} INFO - Processing /opt/airflow/dags/airflow_dag.py took 0.056 seconds
[2024-08-17T08:40:21.406+0000] {processor.py:186} INFO - Started process (PID=254) to work on /opt/airflow/dags/airflow_dag.py
[2024-08-17T08:40:21.407+0000] {processor.py:914} INFO - Processing file /opt/airflow/dags/airflow_dag.py for tasks to queue
[2024-08-17T08:40:21.408+0000] {logging_mixin.py:190} INFO - [2024-08-17T08:40:21.407+0000] {dagbag.py:587} INFO - Filling up the DagBag from /opt/airflow/dags/airflow_dag.py
[2024-08-17T08:40:21.419+0000] {processor.py:925} INFO - DAG(s) 'airflow_dag' retrieved from /opt/airflow/dags/airflow_dag.py
[2024-08-17T08:40:21.438+0000] {logging_mixin.py:190} INFO - [2024-08-17T08:40:21.437+0000] {dag.py:3211} INFO - Sync 1 DAGs
[2024-08-17T08:40:21.454+0000] {logging_mixin.py:190} INFO - [2024-08-17T08:40:21.454+0000] {dag.py:4138} INFO - Setting next_dagrun for airflow_dag to 2024-08-17 00:00:00+00:00, run_after=2024-08-18 00:00:00+00:00
[2024-08-17T08:40:21.465+0000] {processor.py:208} INFO - Processing /opt/airflow/dags/airflow_dag.py took 0.066 seconds
[2024-08-17T08:40:44.773+0000] {processor.py:186} INFO - Started process (PID=266) to work on /opt/airflow/dags/airflow_dag.py
[2024-08-17T08:40:44.774+0000] {processor.py:914} INFO - Processing file /opt/airflow/dags/airflow_dag.py for tasks to queue
[2024-08-17T08:40:44.775+0000] {logging_mixin.py:190} INFO - [2024-08-17T08:40:44.775+0000] {dagbag.py:587} INFO - Filling up the DagBag from /opt/airflow/dags/airflow_dag.py
[2024-08-17T08:40:44.788+0000] {processor.py:925} INFO - DAG(s) 'airflow_dag' retrieved from /opt/airflow/dags/airflow_dag.py
[2024-08-17T08:40:44.804+0000] {logging_mixin.py:190} INFO - [2024-08-17T08:40:44.804+0000] {dag.py:3211} INFO - Sync 1 DAGs
[2024-08-17T08:40:44.821+0000] {logging_mixin.py:190} INFO - [2024-08-17T08:40:44.820+0000] {dag.py:4138} INFO - Setting next_dagrun for airflow_dag to 2024-08-17 00:00:00+00:00, run_after=2024-08-18 00:00:00+00:00
[2024-08-17T08:40:44.831+0000] {processor.py:208} INFO - Processing /opt/airflow/dags/airflow_dag.py took 0.063 seconds
[2024-08-17T08:41:15.250+0000] {processor.py:186} INFO - Started process (PID=278) to work on /opt/airflow/dags/airflow_dag.py
[2024-08-17T08:41:15.251+0000] {processor.py:914} INFO - Processing file /opt/airflow/dags/airflow_dag.py for tasks to queue
[2024-08-17T08:41:15.253+0000] {logging_mixin.py:190} INFO - [2024-08-17T08:41:15.252+0000] {dagbag.py:587} INFO - Filling up the DagBag from /opt/airflow/dags/airflow_dag.py
[2024-08-17T08:41:15.265+0000] {processor.py:925} INFO - DAG(s) 'airflow_dag' retrieved from /opt/airflow/dags/airflow_dag.py
[2024-08-17T08:41:15.283+0000] {logging_mixin.py:190} INFO - [2024-08-17T08:41:15.283+0000] {dag.py:3211} INFO - Sync 1 DAGs
[2024-08-17T08:41:15.298+0000] {logging_mixin.py:190} INFO - [2024-08-17T08:41:15.297+0000] {dag.py:4138} INFO - Setting next_dagrun for airflow_dag to 2024-08-17 00:00:00+00:00, run_after=2024-08-18 00:00:00+00:00
[2024-08-17T08:41:15.306+0000] {processor.py:208} INFO - Processing /opt/airflow/dags/airflow_dag.py took 0.063 seconds
[2024-08-17T08:41:45.681+0000] {processor.py:186} INFO - Started process (PID=290) to work on /opt/airflow/dags/airflow_dag.py
[2024-08-17T08:41:45.682+0000] {processor.py:914} INFO - Processing file /opt/airflow/dags/airflow_dag.py for tasks to queue
[2024-08-17T08:41:45.683+0000] {logging_mixin.py:190} INFO - [2024-08-17T08:41:45.683+0000] {dagbag.py:587} INFO - Filling up the DagBag from /opt/airflow/dags/airflow_dag.py
[2024-08-17T08:41:45.693+0000] {processor.py:925} INFO - DAG(s) 'airflow_dag' retrieved from /opt/airflow/dags/airflow_dag.py
[2024-08-17T08:41:45.715+0000] {logging_mixin.py:190} INFO - [2024-08-17T08:41:45.714+0000] {dag.py:3211} INFO - Sync 1 DAGs
[2024-08-17T08:41:45.730+0000] {logging_mixin.py:190} INFO - [2024-08-17T08:41:45.730+0000] {dag.py:4138} INFO - Setting next_dagrun for airflow_dag to 2024-08-17 00:00:00+00:00, run_after=2024-08-18 00:00:00+00:00
[2024-08-17T08:41:45.743+0000] {processor.py:208} INFO - Processing /opt/airflow/dags/airflow_dag.py took 0.080 seconds
[2024-08-17T08:42:16.125+0000] {processor.py:186} INFO - Started process (PID=302) to work on /opt/airflow/dags/airflow_dag.py
[2024-08-17T08:42:16.126+0000] {processor.py:914} INFO - Processing file /opt/airflow/dags/airflow_dag.py for tasks to queue
[2024-08-17T08:42:16.127+0000] {logging_mixin.py:190} INFO - [2024-08-17T08:42:16.127+0000] {dagbag.py:587} INFO - Filling up the DagBag from /opt/airflow/dags/airflow_dag.py
[2024-08-17T08:42:16.140+0000] {processor.py:925} INFO - DAG(s) 'airflow_dag' retrieved from /opt/airflow/dags/airflow_dag.py
[2024-08-17T08:42:16.160+0000] {logging_mixin.py:190} INFO - [2024-08-17T08:42:16.160+0000] {dag.py:3211} INFO - Sync 1 DAGs
[2024-08-17T08:42:16.179+0000] {logging_mixin.py:190} INFO - [2024-08-17T08:42:16.178+0000] {dag.py:4138} INFO - Setting next_dagrun for airflow_dag to 2024-08-17 00:00:00+00:00, run_after=2024-08-18 00:00:00+00:00
[2024-08-17T08:42:16.190+0000] {processor.py:208} INFO - Processing /opt/airflow/dags/airflow_dag.py took 0.072 seconds
[2024-08-17T08:42:46.583+0000] {processor.py:186} INFO - Started process (PID=314) to work on /opt/airflow/dags/airflow_dag.py
[2024-08-17T08:42:46.584+0000] {processor.py:914} INFO - Processing file /opt/airflow/dags/airflow_dag.py for tasks to queue
[2024-08-17T08:42:46.586+0000] {logging_mixin.py:190} INFO - [2024-08-17T08:42:46.585+0000] {dagbag.py:587} INFO - Filling up the DagBag from /opt/airflow/dags/airflow_dag.py
[2024-08-17T08:42:46.600+0000] {processor.py:925} INFO - DAG(s) 'airflow_dag' retrieved from /opt/airflow/dags/airflow_dag.py
[2024-08-17T08:42:46.620+0000] {logging_mixin.py:190} INFO - [2024-08-17T08:42:46.620+0000] {dag.py:3211} INFO - Sync 1 DAGs
[2024-08-17T08:42:46.637+0000] {logging_mixin.py:190} INFO - [2024-08-17T08:42:46.637+0000] {dag.py:4138} INFO - Setting next_dagrun for airflow_dag to 2024-08-17 00:00:00+00:00, run_after=2024-08-18 00:00:00+00:00
[2024-08-17T08:42:46.650+0000] {processor.py:208} INFO - Processing /opt/airflow/dags/airflow_dag.py took 0.074 seconds
[2024-08-17T08:43:17.022+0000] {processor.py:186} INFO - Started process (PID=326) to work on /opt/airflow/dags/airflow_dag.py
[2024-08-17T08:43:17.023+0000] {processor.py:914} INFO - Processing file /opt/airflow/dags/airflow_dag.py for tasks to queue
[2024-08-17T08:43:17.024+0000] {logging_mixin.py:190} INFO - [2024-08-17T08:43:17.024+0000] {dagbag.py:587} INFO - Filling up the DagBag from /opt/airflow/dags/airflow_dag.py
[2024-08-17T08:43:17.037+0000] {processor.py:925} INFO - DAG(s) 'airflow_dag' retrieved from /opt/airflow/dags/airflow_dag.py
[2024-08-17T08:43:17.058+0000] {logging_mixin.py:190} INFO - [2024-08-17T08:43:17.058+0000] {dag.py:3211} INFO - Sync 1 DAGs
[2024-08-17T08:43:17.076+0000] {logging_mixin.py:190} INFO - [2024-08-17T08:43:17.076+0000] {dag.py:4138} INFO - Setting next_dagrun for airflow_dag to 2024-08-17 00:00:00+00:00, run_after=2024-08-18 00:00:00+00:00
[2024-08-17T08:43:17.088+0000] {processor.py:208} INFO - Processing /opt/airflow/dags/airflow_dag.py took 0.072 seconds
[2024-08-17T11:44:33.637+0000] {processor.py:186} INFO - Started process (PID=338) to work on /opt/airflow/dags/airflow_dag.py
[2024-08-17T11:44:33.638+0000] {processor.py:914} INFO - Processing file /opt/airflow/dags/airflow_dag.py for tasks to queue
[2024-08-17T11:44:33.639+0000] {logging_mixin.py:190} INFO - [2024-08-17T11:44:33.639+0000] {dagbag.py:587} INFO - Filling up the DagBag from /opt/airflow/dags/airflow_dag.py
[2024-08-17T11:44:33.648+0000] {processor.py:925} INFO - DAG(s) 'airflow_dag' retrieved from /opt/airflow/dags/airflow_dag.py
[2024-08-17T11:44:33.665+0000] {logging_mixin.py:190} INFO - [2024-08-17T11:44:33.665+0000] {dag.py:3211} INFO - Sync 1 DAGs
[2024-08-17T11:44:33.681+0000] {logging_mixin.py:190} INFO - [2024-08-17T11:44:33.680+0000] {dag.py:4138} INFO - Setting next_dagrun for airflow_dag to 2024-08-17 00:00:00+00:00, run_after=2024-08-18 00:00:00+00:00
[2024-08-17T11:44:33.691+0000] {processor.py:208} INFO - Processing /opt/airflow/dags/airflow_dag.py took 0.058 seconds
[2024-08-17T13:46:40.298+0000] {processor.py:186} INFO - Started process (PID=350) to work on /opt/airflow/dags/airflow_dag.py
[2024-08-17T13:46:40.299+0000] {processor.py:914} INFO - Processing file /opt/airflow/dags/airflow_dag.py for tasks to queue
[2024-08-17T13:46:40.300+0000] {logging_mixin.py:190} INFO - [2024-08-17T13:46:40.300+0000] {dagbag.py:587} INFO - Filling up the DagBag from /opt/airflow/dags/airflow_dag.py
[2024-08-17T13:46:40.313+0000] {processor.py:925} INFO - DAG(s) 'airflow_dag' retrieved from /opt/airflow/dags/airflow_dag.py
[2024-08-17T13:46:40.332+0000] {logging_mixin.py:190} INFO - [2024-08-17T13:46:40.332+0000] {dag.py:3211} INFO - Sync 1 DAGs
[2024-08-17T13:46:40.348+0000] {logging_mixin.py:190} INFO - [2024-08-17T13:46:40.348+0000] {dag.py:4138} INFO - Setting next_dagrun for airflow_dag to 2024-08-17 00:00:00+00:00, run_after=2024-08-18 00:00:00+00:00
[2024-08-17T13:46:40.359+0000] {processor.py:208} INFO - Processing /opt/airflow/dags/airflow_dag.py took 0.067 seconds
[2024-08-17T16:21:37.275+0000] {processor.py:186} INFO - Started process (PID=362) to work on /opt/airflow/dags/airflow_dag.py
[2024-08-17T16:21:37.276+0000] {processor.py:914} INFO - Processing file /opt/airflow/dags/airflow_dag.py for tasks to queue
[2024-08-17T16:21:37.277+0000] {logging_mixin.py:190} INFO - [2024-08-17T16:21:37.277+0000] {dagbag.py:587} INFO - Filling up the DagBag from /opt/airflow/dags/airflow_dag.py
[2024-08-17T16:21:37.290+0000] {processor.py:925} INFO - DAG(s) 'airflow_dag' retrieved from /opt/airflow/dags/airflow_dag.py
[2024-08-17T16:21:37.315+0000] {logging_mixin.py:190} INFO - [2024-08-17T16:21:37.315+0000] {dag.py:3211} INFO - Sync 1 DAGs
[2024-08-17T16:21:37.334+0000] {logging_mixin.py:190} INFO - [2024-08-17T16:21:37.334+0000] {dag.py:4138} INFO - Setting next_dagrun for airflow_dag to 2024-08-17 00:00:00+00:00, run_after=2024-08-18 00:00:00+00:00
[2024-08-17T16:21:37.350+0000] {processor.py:208} INFO - Processing /opt/airflow/dags/airflow_dag.py took 0.080 seconds
[2024-08-17T19:43:18.198+0000] {processor.py:186} INFO - Started process (PID=374) to work on /opt/airflow/dags/airflow_dag.py
[2024-08-17T19:43:18.199+0000] {processor.py:914} INFO - Processing file /opt/airflow/dags/airflow_dag.py for tasks to queue
[2024-08-17T19:43:18.200+0000] {logging_mixin.py:190} INFO - [2024-08-17T19:43:18.200+0000] {dagbag.py:587} INFO - Filling up the DagBag from /opt/airflow/dags/airflow_dag.py
[2024-08-17T19:43:18.211+0000] {processor.py:925} INFO - DAG(s) 'airflow_dag' retrieved from /opt/airflow/dags/airflow_dag.py
[2024-08-17T19:43:18.230+0000] {logging_mixin.py:190} INFO - [2024-08-17T19:43:18.230+0000] {dag.py:3211} INFO - Sync 1 DAGs
[2024-08-17T19:43:18.253+0000] {logging_mixin.py:190} INFO - [2024-08-17T19:43:18.253+0000] {dag.py:4138} INFO - Setting next_dagrun for airflow_dag to 2024-08-17 00:00:00+00:00, run_after=2024-08-18 00:00:00+00:00
[2024-08-17T19:43:18.275+0000] {processor.py:208} INFO - Processing /opt/airflow/dags/airflow_dag.py took 0.081 seconds
[2024-08-17T21:21:27.383+0000] {processor.py:186} INFO - Started process (PID=386) to work on /opt/airflow/dags/airflow_dag.py
[2024-08-17T21:21:27.384+0000] {processor.py:914} INFO - Processing file /opt/airflow/dags/airflow_dag.py for tasks to queue
[2024-08-17T21:21:27.385+0000] {logging_mixin.py:190} INFO - [2024-08-17T21:21:27.384+0000] {dagbag.py:587} INFO - Filling up the DagBag from /opt/airflow/dags/airflow_dag.py
[2024-08-17T21:21:27.394+0000] {processor.py:925} INFO - DAG(s) 'airflow_dag' retrieved from /opt/airflow/dags/airflow_dag.py
[2024-08-17T21:21:27.411+0000] {logging_mixin.py:190} INFO - [2024-08-17T21:21:27.411+0000] {dag.py:3211} INFO - Sync 1 DAGs
[2024-08-17T21:21:27.428+0000] {logging_mixin.py:190} INFO - [2024-08-17T21:21:27.428+0000] {dag.py:4138} INFO - Setting next_dagrun for airflow_dag to 2024-08-17 00:00:00+00:00, run_after=2024-08-18 00:00:00+00:00
[2024-08-17T21:21:27.444+0000] {processor.py:208} INFO - Processing /opt/airflow/dags/airflow_dag.py took 0.065 seconds
[2024-08-17T23:48:03.751+0000] {processor.py:186} INFO - Started process (PID=398) to work on /opt/airflow/dags/airflow_dag.py
[2024-08-17T23:48:03.752+0000] {processor.py:914} INFO - Processing file /opt/airflow/dags/airflow_dag.py for tasks to queue
[2024-08-17T23:48:03.753+0000] {logging_mixin.py:190} INFO - [2024-08-17T23:48:03.752+0000] {dagbag.py:587} INFO - Filling up the DagBag from /opt/airflow/dags/airflow_dag.py
[2024-08-17T23:48:03.761+0000] {processor.py:925} INFO - DAG(s) 'airflow_dag' retrieved from /opt/airflow/dags/airflow_dag.py
[2024-08-17T23:48:03.783+0000] {logging_mixin.py:190} INFO - [2024-08-17T23:48:03.783+0000] {dag.py:3211} INFO - Sync 1 DAGs
[2024-08-17T23:48:03.800+0000] {logging_mixin.py:190} INFO - [2024-08-17T23:48:03.800+0000] {dag.py:4138} INFO - Setting next_dagrun for airflow_dag to 2024-08-17 00:00:00+00:00, run_after=2024-08-18 00:00:00+00:00
[2024-08-17T23:48:03.816+0000] {processor.py:208} INFO - Processing /opt/airflow/dags/airflow_dag.py took 0.070 seconds
