[2024-08-17T00:30:07.491+0000] {processor.py:186} INFO - Started process (PID=667) to work on /opt/airflow/dags/group_dags.py
[2024-08-17T00:30:07.494+0000] {processor.py:914} INFO - Processing file /opt/airflow/dags/group_dags.py for tasks to queue
[2024-08-17T00:30:07.497+0000] {logging_mixin.py:190} INFO - [2024-08-17T00:30:07.497+0000] {dagbag.py:587} INFO - Filling up the DagBag from /opt/airflow/dags/group_dags.py
[2024-08-17T00:30:07.526+0000] {processor.py:925} INFO - DAG(s) 'group_dag' retrieved from /opt/airflow/dags/group_dags.py
[2024-08-17T00:30:07.577+0000] {logging_mixin.py:190} INFO - [2024-08-17T00:30:07.577+0000] {dag.py:3211} INFO - Sync 1 DAGs
[2024-08-17T00:30:07.617+0000] {logging_mixin.py:190} INFO - [2024-08-17T00:30:07.617+0000] {dag.py:4138} INFO - Setting next_dagrun for group_dag to 2024-08-16 00:00:00+00:00, run_after=2024-08-17 00:00:00+00:00
[2024-08-17T00:30:07.658+0000] {processor.py:208} INFO - Processing /opt/airflow/dags/group_dags.py took 0.192 seconds
[2024-08-17T00:53:56.452+0000] {processor.py:186} INFO - Started process (PID=679) to work on /opt/airflow/dags/group_dags.py
[2024-08-17T00:53:56.454+0000] {processor.py:914} INFO - Processing file /opt/airflow/dags/group_dags.py for tasks to queue
[2024-08-17T00:53:56.456+0000] {logging_mixin.py:190} INFO - [2024-08-17T00:53:56.456+0000] {dagbag.py:587} INFO - Filling up the DagBag from /opt/airflow/dags/group_dags.py
[2024-08-17T00:53:56.471+0000] {processor.py:925} INFO - DAG(s) 'group_dag' retrieved from /opt/airflow/dags/group_dags.py
[2024-08-17T00:53:56.490+0000] {logging_mixin.py:190} INFO - [2024-08-17T00:53:56.490+0000] {dag.py:3211} INFO - Sync 1 DAGs
[2024-08-17T00:53:56.504+0000] {logging_mixin.py:190} INFO - [2024-08-17T00:53:56.504+0000] {dag.py:4138} INFO - Setting next_dagrun for group_dag to 2024-08-16 00:00:00+00:00, run_after=2024-08-17 00:00:00+00:00
[2024-08-17T00:53:56.516+0000] {processor.py:208} INFO - Processing /opt/airflow/dags/group_dags.py took 0.070 seconds
[2024-08-17T00:54:26.753+0000] {processor.py:186} INFO - Started process (PID=691) to work on /opt/airflow/dags/group_dags.py
[2024-08-17T00:54:26.756+0000] {processor.py:914} INFO - Processing file /opt/airflow/dags/group_dags.py for tasks to queue
[2024-08-17T00:54:26.770+0000] {logging_mixin.py:190} INFO - [2024-08-17T00:54:26.768+0000] {dagbag.py:587} INFO - Filling up the DagBag from /opt/airflow/dags/group_dags.py
[2024-08-17T00:54:26.789+0000] {processor.py:925} INFO - DAG(s) 'group_dag' retrieved from /opt/airflow/dags/group_dags.py
[2024-08-17T00:54:26.812+0000] {logging_mixin.py:190} INFO - [2024-08-17T00:54:26.812+0000] {dag.py:3211} INFO - Sync 1 DAGs
[2024-08-17T00:54:26.832+0000] {logging_mixin.py:190} INFO - [2024-08-17T00:54:26.831+0000] {dag.py:4138} INFO - Setting next_dagrun for group_dag to 2024-08-16 00:00:00+00:00, run_after=2024-08-17 00:00:00+00:00
[2024-08-17T00:54:26.851+0000] {processor.py:208} INFO - Processing /opt/airflow/dags/group_dags.py took 0.122 seconds
[2024-08-17T00:56:56.849+0000] {processor.py:186} INFO - Started process (PID=702) to work on /opt/airflow/dags/group_dags.py
[2024-08-17T00:56:56.851+0000] {processor.py:914} INFO - Processing file /opt/airflow/dags/group_dags.py for tasks to queue
[2024-08-17T00:56:56.854+0000] {logging_mixin.py:190} INFO - [2024-08-17T00:56:56.853+0000] {dagbag.py:587} INFO - Filling up the DagBag from /opt/airflow/dags/group_dags.py
[2024-08-17T00:56:56.866+0000] {processor.py:925} INFO - DAG(s) 'group_dag' retrieved from /opt/airflow/dags/group_dags.py
[2024-08-17T00:56:56.885+0000] {logging_mixin.py:190} INFO - [2024-08-17T00:56:56.885+0000] {dag.py:3211} INFO - Sync 1 DAGs
[2024-08-17T00:56:56.898+0000] {logging_mixin.py:190} INFO - [2024-08-17T00:56:56.898+0000] {dag.py:4138} INFO - Setting next_dagrun for group_dag to 2024-08-16 00:00:00+00:00, run_after=2024-08-17 00:00:00+00:00
[2024-08-17T00:56:56.910+0000] {processor.py:208} INFO - Processing /opt/airflow/dags/group_dags.py took 0.067 seconds
[2024-08-17T00:57:27.385+0000] {processor.py:186} INFO - Started process (PID=713) to work on /opt/airflow/dags/group_dags.py
[2024-08-17T00:57:27.388+0000] {processor.py:914} INFO - Processing file /opt/airflow/dags/group_dags.py for tasks to queue
[2024-08-17T00:57:27.392+0000] {logging_mixin.py:190} INFO - [2024-08-17T00:57:27.391+0000] {dagbag.py:587} INFO - Filling up the DagBag from /opt/airflow/dags/group_dags.py
[2024-08-17T00:57:27.405+0000] {processor.py:925} INFO - DAG(s) 'group_dag' retrieved from /opt/airflow/dags/group_dags.py
[2024-08-17T00:57:27.424+0000] {logging_mixin.py:190} INFO - [2024-08-17T00:57:27.424+0000] {dag.py:3211} INFO - Sync 1 DAGs
[2024-08-17T00:57:27.439+0000] {logging_mixin.py:190} INFO - [2024-08-17T00:57:27.439+0000] {dag.py:4138} INFO - Setting next_dagrun for group_dag to 2024-08-16 00:00:00+00:00, run_after=2024-08-17 00:00:00+00:00
[2024-08-17T00:57:27.452+0000] {processor.py:208} INFO - Processing /opt/airflow/dags/group_dags.py took 0.074 seconds
[2024-08-17T00:59:33.872+0000] {processor.py:186} INFO - Started process (PID=724) to work on /opt/airflow/dags/group_dags.py
[2024-08-17T00:59:33.873+0000] {processor.py:914} INFO - Processing file /opt/airflow/dags/group_dags.py for tasks to queue
[2024-08-17T00:59:33.874+0000] {logging_mixin.py:190} INFO - [2024-08-17T00:59:33.874+0000] {dagbag.py:587} INFO - Filling up the DagBag from /opt/airflow/dags/group_dags.py
[2024-08-17T00:59:33.885+0000] {processor.py:925} INFO - DAG(s) 'group_dag' retrieved from /opt/airflow/dags/group_dags.py
[2024-08-17T00:59:33.902+0000] {logging_mixin.py:190} INFO - [2024-08-17T00:59:33.902+0000] {dag.py:3211} INFO - Sync 1 DAGs
[2024-08-17T00:59:33.914+0000] {logging_mixin.py:190} INFO - [2024-08-17T00:59:33.914+0000] {dag.py:4138} INFO - Setting next_dagrun for group_dag to 2024-08-16 00:00:00+00:00, run_after=2024-08-17 00:00:00+00:00
[2024-08-17T00:59:33.924+0000] {processor.py:208} INFO - Processing /opt/airflow/dags/group_dags.py took 0.057 seconds
[2024-08-17T01:01:20.224+0000] {processor.py:186} INFO - Started process (PID=735) to work on /opt/airflow/dags/group_dags.py
[2024-08-17T01:01:20.227+0000] {processor.py:914} INFO - Processing file /opt/airflow/dags/group_dags.py for tasks to queue
[2024-08-17T01:01:20.231+0000] {logging_mixin.py:190} INFO - [2024-08-17T01:01:20.231+0000] {dagbag.py:587} INFO - Filling up the DagBag from /opt/airflow/dags/group_dags.py
[2024-08-17T01:01:20.250+0000] {processor.py:925} INFO - DAG(s) 'group_dag' retrieved from /opt/airflow/dags/group_dags.py
[2024-08-17T01:01:20.294+0000] {logging_mixin.py:190} INFO - [2024-08-17T01:01:20.294+0000] {dag.py:3211} INFO - Sync 1 DAGs
[2024-08-17T01:01:20.318+0000] {logging_mixin.py:190} INFO - [2024-08-17T01:01:20.318+0000] {dag.py:4138} INFO - Setting next_dagrun for group_dag to 2024-08-16 00:00:00+00:00, run_after=2024-08-17 00:00:00+00:00
[2024-08-17T01:01:20.332+0000] {processor.py:208} INFO - Processing /opt/airflow/dags/group_dags.py took 0.131 seconds
[2024-08-17T01:01:50.728+0000] {processor.py:186} INFO - Started process (PID=746) to work on /opt/airflow/dags/group_dags.py
[2024-08-17T01:01:50.730+0000] {processor.py:914} INFO - Processing file /opt/airflow/dags/group_dags.py for tasks to queue
[2024-08-17T01:01:50.731+0000] {logging_mixin.py:190} INFO - [2024-08-17T01:01:50.731+0000] {dagbag.py:587} INFO - Filling up the DagBag from /opt/airflow/dags/group_dags.py
[2024-08-17T01:01:50.745+0000] {processor.py:925} INFO - DAG(s) 'group_dag' retrieved from /opt/airflow/dags/group_dags.py
[2024-08-17T01:01:50.765+0000] {logging_mixin.py:190} INFO - [2024-08-17T01:01:50.765+0000] {dag.py:3211} INFO - Sync 1 DAGs
[2024-08-17T01:01:50.782+0000] {logging_mixin.py:190} INFO - [2024-08-17T01:01:50.782+0000] {dag.py:4138} INFO - Setting next_dagrun for group_dag to 2024-08-16 00:00:00+00:00, run_after=2024-08-17 00:00:00+00:00
[2024-08-17T01:01:50.791+0000] {processor.py:208} INFO - Processing /opt/airflow/dags/group_dags.py took 0.068 seconds
[2024-08-17T01:02:21.236+0000] {processor.py:186} INFO - Started process (PID=757) to work on /opt/airflow/dags/group_dags.py
[2024-08-17T01:02:21.237+0000] {processor.py:914} INFO - Processing file /opt/airflow/dags/group_dags.py for tasks to queue
[2024-08-17T01:02:21.241+0000] {logging_mixin.py:190} INFO - [2024-08-17T01:02:21.241+0000] {dagbag.py:587} INFO - Filling up the DagBag from /opt/airflow/dags/group_dags.py
[2024-08-17T01:02:21.254+0000] {processor.py:925} INFO - DAG(s) 'group_dag' retrieved from /opt/airflow/dags/group_dags.py
[2024-08-17T01:02:21.271+0000] {logging_mixin.py:190} INFO - [2024-08-17T01:02:21.271+0000] {dag.py:3211} INFO - Sync 1 DAGs
[2024-08-17T01:02:21.285+0000] {logging_mixin.py:190} INFO - [2024-08-17T01:02:21.285+0000] {dag.py:4138} INFO - Setting next_dagrun for group_dag to 2024-08-16 00:00:00+00:00, run_after=2024-08-17 00:00:00+00:00
[2024-08-17T01:02:21.295+0000] {processor.py:208} INFO - Processing /opt/airflow/dags/group_dags.py took 0.066 seconds
[2024-08-17T01:02:51.751+0000] {processor.py:186} INFO - Started process (PID=768) to work on /opt/airflow/dags/group_dags.py
[2024-08-17T01:02:51.753+0000] {processor.py:914} INFO - Processing file /opt/airflow/dags/group_dags.py for tasks to queue
[2024-08-17T01:02:51.756+0000] {logging_mixin.py:190} INFO - [2024-08-17T01:02:51.756+0000] {dagbag.py:587} INFO - Filling up the DagBag from /opt/airflow/dags/group_dags.py
[2024-08-17T01:02:51.770+0000] {processor.py:925} INFO - DAG(s) 'group_dag' retrieved from /opt/airflow/dags/group_dags.py
[2024-08-17T01:02:51.787+0000] {logging_mixin.py:190} INFO - [2024-08-17T01:02:51.787+0000] {dag.py:3211} INFO - Sync 1 DAGs
[2024-08-17T01:02:51.803+0000] {logging_mixin.py:190} INFO - [2024-08-17T01:02:51.802+0000] {dag.py:4138} INFO - Setting next_dagrun for group_dag to 2024-08-16 00:00:00+00:00, run_after=2024-08-17 00:00:00+00:00
[2024-08-17T01:02:51.811+0000] {processor.py:208} INFO - Processing /opt/airflow/dags/group_dags.py took 0.067 seconds
[2024-08-17T01:03:22.265+0000] {processor.py:186} INFO - Started process (PID=779) to work on /opt/airflow/dags/group_dags.py
[2024-08-17T01:03:22.266+0000] {processor.py:914} INFO - Processing file /opt/airflow/dags/group_dags.py for tasks to queue
[2024-08-17T01:03:22.268+0000] {logging_mixin.py:190} INFO - [2024-08-17T01:03:22.267+0000] {dagbag.py:587} INFO - Filling up the DagBag from /opt/airflow/dags/group_dags.py
[2024-08-17T01:03:22.278+0000] {processor.py:925} INFO - DAG(s) 'group_dag' retrieved from /opt/airflow/dags/group_dags.py
[2024-08-17T01:03:22.291+0000] {logging_mixin.py:190} INFO - [2024-08-17T01:03:22.291+0000] {dag.py:3211} INFO - Sync 1 DAGs
[2024-08-17T01:03:22.305+0000] {logging_mixin.py:190} INFO - [2024-08-17T01:03:22.305+0000] {dag.py:4138} INFO - Setting next_dagrun for group_dag to 2024-08-16 00:00:00+00:00, run_after=2024-08-17 00:00:00+00:00
[2024-08-17T01:03:22.314+0000] {processor.py:208} INFO - Processing /opt/airflow/dags/group_dags.py took 0.052 seconds
[2024-08-17T01:03:52.782+0000] {processor.py:186} INFO - Started process (PID=790) to work on /opt/airflow/dags/group_dags.py
[2024-08-17T01:03:52.782+0000] {processor.py:914} INFO - Processing file /opt/airflow/dags/group_dags.py for tasks to queue
[2024-08-17T01:03:52.784+0000] {logging_mixin.py:190} INFO - [2024-08-17T01:03:52.784+0000] {dagbag.py:587} INFO - Filling up the DagBag from /opt/airflow/dags/group_dags.py
[2024-08-17T01:03:52.796+0000] {processor.py:925} INFO - DAG(s) 'group_dag' retrieved from /opt/airflow/dags/group_dags.py
[2024-08-17T01:03:52.812+0000] {logging_mixin.py:190} INFO - [2024-08-17T01:03:52.811+0000] {dag.py:3211} INFO - Sync 1 DAGs
[2024-08-17T01:03:52.827+0000] {logging_mixin.py:190} INFO - [2024-08-17T01:03:52.827+0000] {dag.py:4138} INFO - Setting next_dagrun for group_dag to 2024-08-16 00:00:00+00:00, run_after=2024-08-17 00:00:00+00:00
[2024-08-17T01:03:52.838+0000] {processor.py:208} INFO - Processing /opt/airflow/dags/group_dags.py took 0.062 seconds
[2024-08-17T01:04:23.239+0000] {processor.py:186} INFO - Started process (PID=801) to work on /opt/airflow/dags/group_dags.py
[2024-08-17T01:04:23.240+0000] {processor.py:914} INFO - Processing file /opt/airflow/dags/group_dags.py for tasks to queue
[2024-08-17T01:04:23.242+0000] {logging_mixin.py:190} INFO - [2024-08-17T01:04:23.242+0000] {dagbag.py:587} INFO - Filling up the DagBag from /opt/airflow/dags/group_dags.py
[2024-08-17T01:04:23.253+0000] {processor.py:925} INFO - DAG(s) 'group_dag' retrieved from /opt/airflow/dags/group_dags.py
[2024-08-17T01:04:23.266+0000] {logging_mixin.py:190} INFO - [2024-08-17T01:04:23.266+0000] {dag.py:3211} INFO - Sync 1 DAGs
[2024-08-17T01:04:23.279+0000] {logging_mixin.py:190} INFO - [2024-08-17T01:04:23.279+0000] {dag.py:4138} INFO - Setting next_dagrun for group_dag to 2024-08-16 00:00:00+00:00, run_after=2024-08-17 00:00:00+00:00
[2024-08-17T01:04:23.288+0000] {processor.py:208} INFO - Processing /opt/airflow/dags/group_dags.py took 0.053 seconds
[2024-08-17T01:20:09.558+0000] {processor.py:186} INFO - Started process (PID=812) to work on /opt/airflow/dags/group_dags.py
[2024-08-17T01:20:09.559+0000] {processor.py:914} INFO - Processing file /opt/airflow/dags/group_dags.py for tasks to queue
[2024-08-17T01:20:09.562+0000] {logging_mixin.py:190} INFO - [2024-08-17T01:20:09.561+0000] {dagbag.py:587} INFO - Filling up the DagBag from /opt/airflow/dags/group_dags.py
[2024-08-17T01:20:09.578+0000] {processor.py:925} INFO - DAG(s) 'group_dag' retrieved from /opt/airflow/dags/group_dags.py
[2024-08-17T01:20:09.590+0000] {logging_mixin.py:190} INFO - [2024-08-17T01:20:09.590+0000] {dag.py:3211} INFO - Sync 1 DAGs
[2024-08-17T01:20:09.603+0000] {logging_mixin.py:190} INFO - [2024-08-17T01:20:09.603+0000] {dag.py:4138} INFO - Setting next_dagrun for group_dag to 2024-08-16 00:00:00+00:00, run_after=2024-08-17 00:00:00+00:00
[2024-08-17T01:20:09.613+0000] {processor.py:208} INFO - Processing /opt/airflow/dags/group_dags.py took 0.058 seconds
[2024-08-17T01:20:39.988+0000] {processor.py:186} INFO - Started process (PID=823) to work on /opt/airflow/dags/group_dags.py
[2024-08-17T01:20:39.989+0000] {processor.py:914} INFO - Processing file /opt/airflow/dags/group_dags.py for tasks to queue
[2024-08-17T01:20:39.991+0000] {logging_mixin.py:190} INFO - [2024-08-17T01:20:39.991+0000] {dagbag.py:587} INFO - Filling up the DagBag from /opt/airflow/dags/group_dags.py
[2024-08-17T01:20:40.005+0000] {processor.py:925} INFO - DAG(s) 'group_dag' retrieved from /opt/airflow/dags/group_dags.py
[2024-08-17T01:20:40.023+0000] {logging_mixin.py:190} INFO - [2024-08-17T01:20:40.023+0000] {dag.py:3211} INFO - Sync 1 DAGs
[2024-08-17T01:20:40.036+0000] {logging_mixin.py:190} INFO - [2024-08-17T01:20:40.035+0000] {dag.py:4138} INFO - Setting next_dagrun for group_dag to 2024-08-16 00:00:00+00:00, run_after=2024-08-17 00:00:00+00:00
[2024-08-17T01:20:40.049+0000] {processor.py:208} INFO - Processing /opt/airflow/dags/group_dags.py took 0.068 seconds
[2024-08-17T01:21:10.535+0000] {processor.py:186} INFO - Started process (PID=834) to work on /opt/airflow/dags/group_dags.py
[2024-08-17T01:21:10.537+0000] {processor.py:914} INFO - Processing file /opt/airflow/dags/group_dags.py for tasks to queue
[2024-08-17T01:21:10.539+0000] {logging_mixin.py:190} INFO - [2024-08-17T01:21:10.539+0000] {dagbag.py:587} INFO - Filling up the DagBag from /opt/airflow/dags/group_dags.py
[2024-08-17T01:21:10.555+0000] {processor.py:925} INFO - DAG(s) 'group_dag' retrieved from /opt/airflow/dags/group_dags.py
[2024-08-17T01:21:10.570+0000] {logging_mixin.py:190} INFO - [2024-08-17T01:21:10.570+0000] {dag.py:3211} INFO - Sync 1 DAGs
[2024-08-17T01:21:10.583+0000] {logging_mixin.py:190} INFO - [2024-08-17T01:21:10.583+0000] {dag.py:4138} INFO - Setting next_dagrun for group_dag to 2024-08-16 00:00:00+00:00, run_after=2024-08-17 00:00:00+00:00
[2024-08-17T01:21:10.593+0000] {processor.py:208} INFO - Processing /opt/airflow/dags/group_dags.py took 0.063 seconds
[2024-08-17T01:21:40.991+0000] {processor.py:186} INFO - Started process (PID=845) to work on /opt/airflow/dags/group_dags.py
[2024-08-17T01:21:40.993+0000] {processor.py:914} INFO - Processing file /opt/airflow/dags/group_dags.py for tasks to queue
[2024-08-17T01:21:40.996+0000] {logging_mixin.py:190} INFO - [2024-08-17T01:21:40.995+0000] {dagbag.py:587} INFO - Filling up the DagBag from /opt/airflow/dags/group_dags.py
[2024-08-17T01:21:41.008+0000] {processor.py:925} INFO - DAG(s) 'group_dag' retrieved from /opt/airflow/dags/group_dags.py
[2024-08-17T01:21:41.023+0000] {logging_mixin.py:190} INFO - [2024-08-17T01:21:41.022+0000] {dag.py:3211} INFO - Sync 1 DAGs
[2024-08-17T01:21:41.037+0000] {logging_mixin.py:190} INFO - [2024-08-17T01:21:41.037+0000] {dag.py:4138} INFO - Setting next_dagrun for group_dag to 2024-08-16 00:00:00+00:00, run_after=2024-08-17 00:00:00+00:00
[2024-08-17T01:21:41.047+0000] {processor.py:208} INFO - Processing /opt/airflow/dags/group_dags.py took 0.061 seconds
[2024-08-17T01:22:11.505+0000] {processor.py:186} INFO - Started process (PID=856) to work on /opt/airflow/dags/group_dags.py
[2024-08-17T01:22:11.506+0000] {processor.py:914} INFO - Processing file /opt/airflow/dags/group_dags.py for tasks to queue
[2024-08-17T01:22:11.509+0000] {logging_mixin.py:190} INFO - [2024-08-17T01:22:11.509+0000] {dagbag.py:587} INFO - Filling up the DagBag from /opt/airflow/dags/group_dags.py
[2024-08-17T01:22:11.521+0000] {processor.py:925} INFO - DAG(s) 'group_dag' retrieved from /opt/airflow/dags/group_dags.py
[2024-08-17T01:22:11.537+0000] {logging_mixin.py:190} INFO - [2024-08-17T01:22:11.537+0000] {dag.py:3211} INFO - Sync 1 DAGs
[2024-08-17T01:22:11.549+0000] {logging_mixin.py:190} INFO - [2024-08-17T01:22:11.549+0000] {dag.py:4138} INFO - Setting next_dagrun for group_dag to 2024-08-16 00:00:00+00:00, run_after=2024-08-17 00:00:00+00:00
[2024-08-17T01:22:11.558+0000] {processor.py:208} INFO - Processing /opt/airflow/dags/group_dags.py took 0.059 seconds
[2024-08-17T01:22:41.946+0000] {processor.py:186} INFO - Started process (PID=867) to work on /opt/airflow/dags/group_dags.py
[2024-08-17T01:22:41.947+0000] {processor.py:914} INFO - Processing file /opt/airflow/dags/group_dags.py for tasks to queue
[2024-08-17T01:22:41.949+0000] {logging_mixin.py:190} INFO - [2024-08-17T01:22:41.949+0000] {dagbag.py:587} INFO - Filling up the DagBag from /opt/airflow/dags/group_dags.py
[2024-08-17T01:22:41.959+0000] {processor.py:925} INFO - DAG(s) 'group_dag' retrieved from /opt/airflow/dags/group_dags.py
[2024-08-17T01:22:41.978+0000] {logging_mixin.py:190} INFO - [2024-08-17T01:22:41.978+0000] {dag.py:3211} INFO - Sync 1 DAGs
[2024-08-17T01:22:41.991+0000] {logging_mixin.py:190} INFO - [2024-08-17T01:22:41.991+0000] {dag.py:4138} INFO - Setting next_dagrun for group_dag to 2024-08-16 00:00:00+00:00, run_after=2024-08-17 00:00:00+00:00
[2024-08-17T01:22:42.006+0000] {processor.py:208} INFO - Processing /opt/airflow/dags/group_dags.py took 0.064 seconds
[2024-08-17T01:33:56.479+0000] {processor.py:186} INFO - Started process (PID=878) to work on /opt/airflow/dags/group_dags.py
[2024-08-17T01:33:56.482+0000] {processor.py:914} INFO - Processing file /opt/airflow/dags/group_dags.py for tasks to queue
[2024-08-17T01:33:56.484+0000] {logging_mixin.py:190} INFO - [2024-08-17T01:33:56.484+0000] {dagbag.py:587} INFO - Filling up the DagBag from /opt/airflow/dags/group_dags.py
[2024-08-17T01:33:56.512+0000] {processor.py:925} INFO - DAG(s) 'group_dag' retrieved from /opt/airflow/dags/group_dags.py
[2024-08-17T01:33:56.540+0000] {logging_mixin.py:190} INFO - [2024-08-17T01:33:56.540+0000] {dag.py:3211} INFO - Sync 1 DAGs
[2024-08-17T01:33:56.563+0000] {logging_mixin.py:190} INFO - [2024-08-17T01:33:56.563+0000] {dag.py:4138} INFO - Setting next_dagrun for group_dag to 2024-08-16 00:00:00+00:00, run_after=2024-08-17 00:00:00+00:00
[2024-08-17T01:33:56.581+0000] {processor.py:208} INFO - Processing /opt/airflow/dags/group_dags.py took 0.109 seconds
[2024-08-17T02:12:00.433+0000] {processor.py:186} INFO - Started process (PID=889) to work on /opt/airflow/dags/group_dags.py
[2024-08-17T02:12:00.437+0000] {processor.py:914} INFO - Processing file /opt/airflow/dags/group_dags.py for tasks to queue
[2024-08-17T02:12:00.440+0000] {logging_mixin.py:190} INFO - [2024-08-17T02:12:00.440+0000] {dagbag.py:587} INFO - Filling up the DagBag from /opt/airflow/dags/group_dags.py
[2024-08-17T02:12:00.479+0000] {processor.py:925} INFO - DAG(s) 'group_dag' retrieved from /opt/airflow/dags/group_dags.py
[2024-08-17T02:12:00.512+0000] {logging_mixin.py:190} INFO - [2024-08-17T02:12:00.512+0000] {dag.py:3211} INFO - Sync 1 DAGs
[2024-08-17T02:12:00.554+0000] {logging_mixin.py:190} INFO - [2024-08-17T02:12:00.554+0000] {dag.py:4138} INFO - Setting next_dagrun for group_dag to 2024-08-16 00:00:00+00:00, run_after=2024-08-17 00:00:00+00:00
[2024-08-17T02:12:00.571+0000] {processor.py:208} INFO - Processing /opt/airflow/dags/group_dags.py took 0.145 seconds
[2024-08-17T02:12:58.350+0000] {processor.py:186} INFO - Started process (PID=899) to work on /opt/airflow/dags/group_dags.py
[2024-08-17T02:12:58.354+0000] {processor.py:914} INFO - Processing file /opt/airflow/dags/group_dags.py for tasks to queue
[2024-08-17T02:12:58.357+0000] {logging_mixin.py:190} INFO - [2024-08-17T02:12:58.357+0000] {dagbag.py:587} INFO - Filling up the DagBag from /opt/airflow/dags/group_dags.py
[2024-08-17T02:12:58.382+0000] {processor.py:925} INFO - DAG(s) 'group_dag' retrieved from /opt/airflow/dags/group_dags.py
[2024-08-17T02:12:58.411+0000] {logging_mixin.py:190} INFO - [2024-08-17T02:12:58.411+0000] {dag.py:3211} INFO - Sync 1 DAGs
[2024-08-17T02:12:58.436+0000] {logging_mixin.py:190} INFO - [2024-08-17T02:12:58.435+0000] {dag.py:4138} INFO - Setting next_dagrun for group_dag to 2024-08-16 00:00:00+00:00, run_after=2024-08-17 00:00:00+00:00
[2024-08-17T02:12:58.454+0000] {processor.py:208} INFO - Processing /opt/airflow/dags/group_dags.py took 0.114 seconds
[2024-08-17T02:25:20.135+0000] {processor.py:186} INFO - Started process (PID=910) to work on /opt/airflow/dags/group_dags.py
[2024-08-17T02:25:20.140+0000] {processor.py:914} INFO - Processing file /opt/airflow/dags/group_dags.py for tasks to queue
[2024-08-17T02:25:20.180+0000] {logging_mixin.py:190} INFO - [2024-08-17T02:25:20.179+0000] {dagbag.py:587} INFO - Filling up the DagBag from /opt/airflow/dags/group_dags.py
[2024-08-17T02:25:20.301+0000] {processor.py:925} INFO - DAG(s) 'group_dag' retrieved from /opt/airflow/dags/group_dags.py
[2024-08-17T02:25:20.355+0000] {logging_mixin.py:190} INFO - [2024-08-17T02:25:20.355+0000] {dag.py:3211} INFO - Sync 1 DAGs
[2024-08-17T02:25:20.397+0000] {logging_mixin.py:190} INFO - [2024-08-17T02:25:20.397+0000] {dag.py:4138} INFO - Setting next_dagrun for group_dag to 2024-08-16 00:00:00+00:00, run_after=2024-08-17 00:00:00+00:00
[2024-08-17T02:25:20.423+0000] {processor.py:208} INFO - Processing /opt/airflow/dags/group_dags.py took 0.306 seconds
[2024-08-17T02:25:50.845+0000] {processor.py:186} INFO - Started process (PID=921) to work on /opt/airflow/dags/group_dags.py
[2024-08-17T02:25:50.847+0000] {processor.py:914} INFO - Processing file /opt/airflow/dags/group_dags.py for tasks to queue
[2024-08-17T02:25:50.851+0000] {logging_mixin.py:190} INFO - [2024-08-17T02:25:50.851+0000] {dagbag.py:587} INFO - Filling up the DagBag from /opt/airflow/dags/group_dags.py
[2024-08-17T02:25:50.872+0000] {processor.py:925} INFO - DAG(s) 'group_dag' retrieved from /opt/airflow/dags/group_dags.py
[2024-08-17T02:25:50.904+0000] {logging_mixin.py:190} INFO - [2024-08-17T02:25:50.904+0000] {dag.py:3211} INFO - Sync 1 DAGs
[2024-08-17T02:25:50.927+0000] {logging_mixin.py:190} INFO - [2024-08-17T02:25:50.927+0000] {dag.py:4138} INFO - Setting next_dagrun for group_dag to 2024-08-16 00:00:00+00:00, run_after=2024-08-17 00:00:00+00:00
[2024-08-17T02:25:50.947+0000] {processor.py:208} INFO - Processing /opt/airflow/dags/group_dags.py took 0.117 seconds
[2024-08-17T02:26:21.440+0000] {processor.py:186} INFO - Started process (PID=932) to work on /opt/airflow/dags/group_dags.py
[2024-08-17T02:26:21.442+0000] {processor.py:914} INFO - Processing file /opt/airflow/dags/group_dags.py for tasks to queue
[2024-08-17T02:26:21.446+0000] {logging_mixin.py:190} INFO - [2024-08-17T02:26:21.445+0000] {dagbag.py:587} INFO - Filling up the DagBag from /opt/airflow/dags/group_dags.py
[2024-08-17T02:26:21.462+0000] {processor.py:925} INFO - DAG(s) 'group_dag' retrieved from /opt/airflow/dags/group_dags.py
[2024-08-17T02:26:21.492+0000] {logging_mixin.py:190} INFO - [2024-08-17T02:26:21.492+0000] {dag.py:3211} INFO - Sync 1 DAGs
[2024-08-17T02:26:21.519+0000] {logging_mixin.py:190} INFO - [2024-08-17T02:26:21.519+0000] {dag.py:4138} INFO - Setting next_dagrun for group_dag to 2024-08-16 00:00:00+00:00, run_after=2024-08-17 00:00:00+00:00
[2024-08-17T02:26:21.536+0000] {processor.py:208} INFO - Processing /opt/airflow/dags/group_dags.py took 0.102 seconds
[2024-08-17T02:26:51.911+0000] {processor.py:186} INFO - Started process (PID=943) to work on /opt/airflow/dags/group_dags.py
[2024-08-17T02:26:51.912+0000] {processor.py:914} INFO - Processing file /opt/airflow/dags/group_dags.py for tasks to queue
[2024-08-17T02:26:51.914+0000] {logging_mixin.py:190} INFO - [2024-08-17T02:26:51.914+0000] {dagbag.py:587} INFO - Filling up the DagBag from /opt/airflow/dags/group_dags.py
[2024-08-17T02:26:51.927+0000] {processor.py:925} INFO - DAG(s) 'group_dag' retrieved from /opt/airflow/dags/group_dags.py
[2024-08-17T02:26:51.947+0000] {logging_mixin.py:190} INFO - [2024-08-17T02:26:51.947+0000] {dag.py:3211} INFO - Sync 1 DAGs
[2024-08-17T02:26:51.966+0000] {logging_mixin.py:190} INFO - [2024-08-17T02:26:51.966+0000] {dag.py:4138} INFO - Setting next_dagrun for group_dag to 2024-08-16 00:00:00+00:00, run_after=2024-08-17 00:00:00+00:00
[2024-08-17T02:26:51.980+0000] {processor.py:208} INFO - Processing /opt/airflow/dags/group_dags.py took 0.075 seconds
[2024-08-17T02:27:22.468+0000] {processor.py:186} INFO - Started process (PID=954) to work on /opt/airflow/dags/group_dags.py
[2024-08-17T02:27:22.471+0000] {processor.py:914} INFO - Processing file /opt/airflow/dags/group_dags.py for tasks to queue
[2024-08-17T02:27:22.473+0000] {logging_mixin.py:190} INFO - [2024-08-17T02:27:22.473+0000] {dagbag.py:587} INFO - Filling up the DagBag from /opt/airflow/dags/group_dags.py
[2024-08-17T02:27:22.491+0000] {processor.py:925} INFO - DAG(s) 'group_dag' retrieved from /opt/airflow/dags/group_dags.py
[2024-08-17T02:27:22.519+0000] {logging_mixin.py:190} INFO - [2024-08-17T02:27:22.518+0000] {dag.py:3211} INFO - Sync 1 DAGs
[2024-08-17T02:27:22.542+0000] {logging_mixin.py:190} INFO - [2024-08-17T02:27:22.542+0000] {dag.py:4138} INFO - Setting next_dagrun for group_dag to 2024-08-16 00:00:00+00:00, run_after=2024-08-17 00:00:00+00:00
[2024-08-17T02:27:22.559+0000] {processor.py:208} INFO - Processing /opt/airflow/dags/group_dags.py took 0.097 seconds
[2024-08-17T02:27:52.921+0000] {processor.py:186} INFO - Started process (PID=965) to work on /opt/airflow/dags/group_dags.py
[2024-08-17T02:27:52.924+0000] {processor.py:914} INFO - Processing file /opt/airflow/dags/group_dags.py for tasks to queue
[2024-08-17T02:27:52.926+0000] {logging_mixin.py:190} INFO - [2024-08-17T02:27:52.926+0000] {dagbag.py:587} INFO - Filling up the DagBag from /opt/airflow/dags/group_dags.py
[2024-08-17T02:27:52.942+0000] {processor.py:925} INFO - DAG(s) 'group_dag' retrieved from /opt/airflow/dags/group_dags.py
[2024-08-17T02:27:52.968+0000] {logging_mixin.py:190} INFO - [2024-08-17T02:27:52.968+0000] {dag.py:3211} INFO - Sync 1 DAGs
[2024-08-17T02:27:52.989+0000] {logging_mixin.py:190} INFO - [2024-08-17T02:27:52.989+0000] {dag.py:4138} INFO - Setting next_dagrun for group_dag to 2024-08-16 00:00:00+00:00, run_after=2024-08-17 00:00:00+00:00
[2024-08-17T02:27:53.006+0000] {processor.py:208} INFO - Processing /opt/airflow/dags/group_dags.py took 0.091 seconds
[2024-08-17T02:28:23.409+0000] {processor.py:186} INFO - Started process (PID=976) to work on /opt/airflow/dags/group_dags.py
[2024-08-17T02:28:23.409+0000] {processor.py:914} INFO - Processing file /opt/airflow/dags/group_dags.py for tasks to queue
[2024-08-17T02:28:23.411+0000] {logging_mixin.py:190} INFO - [2024-08-17T02:28:23.411+0000] {dagbag.py:587} INFO - Filling up the DagBag from /opt/airflow/dags/group_dags.py
[2024-08-17T02:28:23.421+0000] {processor.py:925} INFO - DAG(s) 'group_dag' retrieved from /opt/airflow/dags/group_dags.py
[2024-08-17T02:28:23.442+0000] {logging_mixin.py:190} INFO - [2024-08-17T02:28:23.441+0000] {dag.py:3211} INFO - Sync 1 DAGs
[2024-08-17T02:28:23.464+0000] {logging_mixin.py:190} INFO - [2024-08-17T02:28:23.464+0000] {dag.py:4138} INFO - Setting next_dagrun for group_dag to 2024-08-16 00:00:00+00:00, run_after=2024-08-17 00:00:00+00:00
[2024-08-17T02:28:23.477+0000] {processor.py:208} INFO - Processing /opt/airflow/dags/group_dags.py took 0.073 seconds
[2024-08-17T02:28:53.893+0000] {processor.py:186} INFO - Started process (PID=987) to work on /opt/airflow/dags/group_dags.py
[2024-08-17T02:28:53.897+0000] {processor.py:914} INFO - Processing file /opt/airflow/dags/group_dags.py for tasks to queue
[2024-08-17T02:28:53.900+0000] {logging_mixin.py:190} INFO - [2024-08-17T02:28:53.899+0000] {dagbag.py:587} INFO - Filling up the DagBag from /opt/airflow/dags/group_dags.py
[2024-08-17T02:28:53.916+0000] {processor.py:925} INFO - DAG(s) 'group_dag' retrieved from /opt/airflow/dags/group_dags.py
[2024-08-17T02:28:53.941+0000] {logging_mixin.py:190} INFO - [2024-08-17T02:28:53.940+0000] {dag.py:3211} INFO - Sync 1 DAGs
[2024-08-17T02:28:53.960+0000] {logging_mixin.py:190} INFO - [2024-08-17T02:28:53.960+0000] {dag.py:4138} INFO - Setting next_dagrun for group_dag to 2024-08-16 00:00:00+00:00, run_after=2024-08-17 00:00:00+00:00
[2024-08-17T02:28:53.975+0000] {processor.py:208} INFO - Processing /opt/airflow/dags/group_dags.py took 0.088 seconds
[2024-08-17T02:29:24.335+0000] {processor.py:186} INFO - Started process (PID=998) to work on /opt/airflow/dags/group_dags.py
[2024-08-17T02:29:24.337+0000] {processor.py:914} INFO - Processing file /opt/airflow/dags/group_dags.py for tasks to queue
[2024-08-17T02:29:24.340+0000] {logging_mixin.py:190} INFO - [2024-08-17T02:29:24.340+0000] {dagbag.py:587} INFO - Filling up the DagBag from /opt/airflow/dags/group_dags.py
[2024-08-17T02:29:24.356+0000] {processor.py:925} INFO - DAG(s) 'group_dag' retrieved from /opt/airflow/dags/group_dags.py
[2024-08-17T02:29:24.377+0000] {logging_mixin.py:190} INFO - [2024-08-17T02:29:24.377+0000] {dag.py:3211} INFO - Sync 1 DAGs
[2024-08-17T02:29:24.396+0000] {logging_mixin.py:190} INFO - [2024-08-17T02:29:24.396+0000] {dag.py:4138} INFO - Setting next_dagrun for group_dag to 2024-08-16 00:00:00+00:00, run_after=2024-08-17 00:00:00+00:00
[2024-08-17T02:29:24.411+0000] {processor.py:208} INFO - Processing /opt/airflow/dags/group_dags.py took 0.083 seconds
[2024-08-17T02:29:54.812+0000] {processor.py:186} INFO - Started process (PID=1009) to work on /opt/airflow/dags/group_dags.py
[2024-08-17T02:29:54.812+0000] {processor.py:914} INFO - Processing file /opt/airflow/dags/group_dags.py for tasks to queue
[2024-08-17T02:29:54.815+0000] {logging_mixin.py:190} INFO - [2024-08-17T02:29:54.815+0000] {dagbag.py:587} INFO - Filling up the DagBag from /opt/airflow/dags/group_dags.py
[2024-08-17T02:29:54.829+0000] {processor.py:925} INFO - DAG(s) 'group_dag' retrieved from /opt/airflow/dags/group_dags.py
[2024-08-17T02:29:54.852+0000] {logging_mixin.py:190} INFO - [2024-08-17T02:29:54.852+0000] {dag.py:3211} INFO - Sync 1 DAGs
[2024-08-17T02:29:54.871+0000] {logging_mixin.py:190} INFO - [2024-08-17T02:29:54.871+0000] {dag.py:4138} INFO - Setting next_dagrun for group_dag to 2024-08-16 00:00:00+00:00, run_after=2024-08-17 00:00:00+00:00
[2024-08-17T02:29:54.884+0000] {processor.py:208} INFO - Processing /opt/airflow/dags/group_dags.py took 0.077 seconds
[2024-08-17T02:30:25.363+0000] {processor.py:186} INFO - Started process (PID=1020) to work on /opt/airflow/dags/group_dags.py
[2024-08-17T02:30:25.367+0000] {processor.py:914} INFO - Processing file /opt/airflow/dags/group_dags.py for tasks to queue
[2024-08-17T02:30:25.373+0000] {logging_mixin.py:190} INFO - [2024-08-17T02:30:25.372+0000] {dagbag.py:587} INFO - Filling up the DagBag from /opt/airflow/dags/group_dags.py
[2024-08-17T02:30:25.401+0000] {processor.py:925} INFO - DAG(s) 'group_dag' retrieved from /opt/airflow/dags/group_dags.py
[2024-08-17T02:30:25.435+0000] {logging_mixin.py:190} INFO - [2024-08-17T02:30:25.435+0000] {dag.py:3211} INFO - Sync 1 DAGs
[2024-08-17T02:30:25.463+0000] {logging_mixin.py:190} INFO - [2024-08-17T02:30:25.463+0000] {dag.py:4138} INFO - Setting next_dagrun for group_dag to 2024-08-16 00:00:00+00:00, run_after=2024-08-17 00:00:00+00:00
[2024-08-17T02:30:25.481+0000] {processor.py:208} INFO - Processing /opt/airflow/dags/group_dags.py took 0.126 seconds
[2024-08-17T02:30:55.948+0000] {processor.py:186} INFO - Started process (PID=1031) to work on /opt/airflow/dags/group_dags.py
[2024-08-17T02:30:55.950+0000] {processor.py:914} INFO - Processing file /opt/airflow/dags/group_dags.py for tasks to queue
[2024-08-17T02:30:55.963+0000] {logging_mixin.py:190} INFO - [2024-08-17T02:30:55.962+0000] {dagbag.py:587} INFO - Filling up the DagBag from /opt/airflow/dags/group_dags.py
[2024-08-17T02:30:55.992+0000] {processor.py:925} INFO - DAG(s) 'group_dag' retrieved from /opt/airflow/dags/group_dags.py
[2024-08-17T02:30:56.051+0000] {logging_mixin.py:190} INFO - [2024-08-17T02:30:56.050+0000] {dag.py:3211} INFO - Sync 1 DAGs
[2024-08-17T02:30:56.081+0000] {logging_mixin.py:190} INFO - [2024-08-17T02:30:56.081+0000] {dag.py:4138} INFO - Setting next_dagrun for group_dag to 2024-08-16 00:00:00+00:00, run_after=2024-08-17 00:00:00+00:00
[2024-08-17T02:30:56.106+0000] {processor.py:208} INFO - Processing /opt/airflow/dags/group_dags.py took 0.172 seconds
[2024-08-17T02:31:26.576+0000] {processor.py:186} INFO - Started process (PID=1042) to work on /opt/airflow/dags/group_dags.py
[2024-08-17T02:31:26.578+0000] {processor.py:914} INFO - Processing file /opt/airflow/dags/group_dags.py for tasks to queue
[2024-08-17T02:31:26.580+0000] {logging_mixin.py:190} INFO - [2024-08-17T02:31:26.579+0000] {dagbag.py:587} INFO - Filling up the DagBag from /opt/airflow/dags/group_dags.py
[2024-08-17T02:31:26.593+0000] {processor.py:925} INFO - DAG(s) 'group_dag' retrieved from /opt/airflow/dags/group_dags.py
[2024-08-17T02:31:26.613+0000] {logging_mixin.py:190} INFO - [2024-08-17T02:31:26.613+0000] {dag.py:3211} INFO - Sync 1 DAGs
[2024-08-17T02:31:26.632+0000] {logging_mixin.py:190} INFO - [2024-08-17T02:31:26.632+0000] {dag.py:4138} INFO - Setting next_dagrun for group_dag to 2024-08-16 00:00:00+00:00, run_after=2024-08-17 00:00:00+00:00
[2024-08-17T02:31:26.647+0000] {processor.py:208} INFO - Processing /opt/airflow/dags/group_dags.py took 0.078 seconds
[2024-08-17T02:31:57.060+0000] {processor.py:186} INFO - Started process (PID=1053) to work on /opt/airflow/dags/group_dags.py
[2024-08-17T02:31:57.062+0000] {processor.py:914} INFO - Processing file /opt/airflow/dags/group_dags.py for tasks to queue
[2024-08-17T02:31:57.065+0000] {logging_mixin.py:190} INFO - [2024-08-17T02:31:57.065+0000] {dagbag.py:587} INFO - Filling up the DagBag from /opt/airflow/dags/group_dags.py
[2024-08-17T02:31:57.086+0000] {processor.py:925} INFO - DAG(s) 'group_dag' retrieved from /opt/airflow/dags/group_dags.py
[2024-08-17T02:31:57.111+0000] {logging_mixin.py:190} INFO - [2024-08-17T02:31:57.111+0000] {dag.py:3211} INFO - Sync 1 DAGs
[2024-08-17T02:31:57.132+0000] {logging_mixin.py:190} INFO - [2024-08-17T02:31:57.132+0000] {dag.py:4138} INFO - Setting next_dagrun for group_dag to 2024-08-16 00:00:00+00:00, run_after=2024-08-17 00:00:00+00:00
[2024-08-17T02:31:57.148+0000] {processor.py:208} INFO - Processing /opt/airflow/dags/group_dags.py took 0.095 seconds
[2024-08-17T02:32:21.616+0000] {processor.py:186} INFO - Started process (PID=1063) to work on /opt/airflow/dags/group_dags.py
[2024-08-17T02:32:21.617+0000] {processor.py:914} INFO - Processing file /opt/airflow/dags/group_dags.py for tasks to queue
[2024-08-17T02:32:21.619+0000] {logging_mixin.py:190} INFO - [2024-08-17T02:32:21.619+0000] {dagbag.py:587} INFO - Filling up the DagBag from /opt/airflow/dags/group_dags.py
[2024-08-17T02:32:21.633+0000] {processor.py:925} INFO - DAG(s) 'group_dag' retrieved from /opt/airflow/dags/group_dags.py
[2024-08-17T02:32:21.654+0000] {logging_mixin.py:190} INFO - [2024-08-17T02:32:21.653+0000] {dag.py:3211} INFO - Sync 1 DAGs
[2024-08-17T02:32:21.669+0000] {logging_mixin.py:190} INFO - [2024-08-17T02:32:21.669+0000] {dag.py:4138} INFO - Setting next_dagrun for group_dag to 2024-08-16 00:00:00+00:00, run_after=2024-08-17 00:00:00+00:00
[2024-08-17T02:32:21.680+0000] {processor.py:208} INFO - Processing /opt/airflow/dags/group_dags.py took 0.073 seconds
[2024-08-17T02:32:51.999+0000] {processor.py:186} INFO - Started process (PID=1074) to work on /opt/airflow/dags/group_dags.py
[2024-08-17T02:32:52.000+0000] {processor.py:914} INFO - Processing file /opt/airflow/dags/group_dags.py for tasks to queue
[2024-08-17T02:32:52.003+0000] {logging_mixin.py:190} INFO - [2024-08-17T02:32:52.003+0000] {dagbag.py:587} INFO - Filling up the DagBag from /opt/airflow/dags/group_dags.py
[2024-08-17T02:32:52.024+0000] {processor.py:925} INFO - DAG(s) 'group_dag' retrieved from /opt/airflow/dags/group_dags.py
[2024-08-17T02:32:52.054+0000] {logging_mixin.py:190} INFO - [2024-08-17T02:32:52.053+0000] {dag.py:3211} INFO - Sync 1 DAGs
[2024-08-17T02:32:52.075+0000] {logging_mixin.py:190} INFO - [2024-08-17T02:32:52.075+0000] {dag.py:4138} INFO - Setting next_dagrun for group_dag to 2024-08-16 00:00:00+00:00, run_after=2024-08-17 00:00:00+00:00
[2024-08-17T02:32:52.086+0000] {processor.py:208} INFO - Processing /opt/airflow/dags/group_dags.py took 0.096 seconds
[2024-08-17T02:33:22.406+0000] {processor.py:186} INFO - Started process (PID=1085) to work on /opt/airflow/dags/group_dags.py
[2024-08-17T02:33:22.407+0000] {processor.py:914} INFO - Processing file /opt/airflow/dags/group_dags.py for tasks to queue
[2024-08-17T02:33:22.410+0000] {logging_mixin.py:190} INFO - [2024-08-17T02:33:22.410+0000] {dagbag.py:587} INFO - Filling up the DagBag from /opt/airflow/dags/group_dags.py
[2024-08-17T02:33:22.423+0000] {processor.py:925} INFO - DAG(s) 'group_dag' retrieved from /opt/airflow/dags/group_dags.py
[2024-08-17T02:33:22.445+0000] {logging_mixin.py:190} INFO - [2024-08-17T02:33:22.445+0000] {dag.py:3211} INFO - Sync 1 DAGs
[2024-08-17T02:33:22.462+0000] {logging_mixin.py:190} INFO - [2024-08-17T02:33:22.462+0000] {dag.py:4138} INFO - Setting next_dagrun for group_dag to 2024-08-16 00:00:00+00:00, run_after=2024-08-17 00:00:00+00:00
[2024-08-17T02:33:22.473+0000] {processor.py:208} INFO - Processing /opt/airflow/dags/group_dags.py took 0.076 seconds
[2024-08-17T02:33:52.174+0000] {processor.py:186} INFO - Started process (PID=1096) to work on /opt/airflow/dags/group_dags.py
[2024-08-17T02:33:52.175+0000] {processor.py:914} INFO - Processing file /opt/airflow/dags/group_dags.py for tasks to queue
[2024-08-17T02:33:52.178+0000] {logging_mixin.py:190} INFO - [2024-08-17T02:33:52.177+0000] {dagbag.py:587} INFO - Filling up the DagBag from /opt/airflow/dags/group_dags.py
[2024-08-17T02:33:52.187+0000] {logging_mixin.py:190} INFO - [2024-08-17T02:33:52.185+0000] {dagbag.py:386} ERROR - Failed to import: /opt/airflow/dags/group_dags.py
Traceback (most recent call last):
  File "/home/airflow/.local/lib/python3.12/site-packages/airflow/models/dagbag.py", line 382, in parse
    loader.exec_module(new_module)
  File "<frozen importlib._bootstrap_external>", line 995, in exec_module
  File "<frozen importlib._bootstrap>", line 488, in _call_with_frames_removed
  File "/opt/airflow/dags/group_dags.py", line 3, in <module>
    from group_dags import download_group
  File "/opt/airflow/dags/group_dags.py", line 3, in <module>
    from group_dags import download_group
ImportError: cannot import name 'download_group' from partially initialized module 'group_dags' (most likely due to a circular import) (/opt/airflow/dags/group_dags.py)
[2024-08-17T02:33:52.188+0000] {processor.py:927} WARNING - No viable dags retrieved from /opt/airflow/dags/group_dags.py
[2024-08-17T02:33:52.206+0000] {processor.py:208} INFO - Processing /opt/airflow/dags/group_dags.py took 0.041 seconds
[2024-08-17T02:34:09.733+0000] {processor.py:186} INFO - Started process (PID=1101) to work on /opt/airflow/dags/group_dags.py
[2024-08-17T02:34:09.734+0000] {processor.py:914} INFO - Processing file /opt/airflow/dags/group_dags.py for tasks to queue
[2024-08-17T02:34:09.736+0000] {logging_mixin.py:190} INFO - [2024-08-17T02:34:09.736+0000] {dagbag.py:587} INFO - Filling up the DagBag from /opt/airflow/dags/group_dags.py
[2024-08-17T02:34:09.744+0000] {logging_mixin.py:190} INFO - [2024-08-17T02:34:09.742+0000] {dagbag.py:386} ERROR - Failed to import: /opt/airflow/dags/group_dags.py
Traceback (most recent call last):
  File "/home/airflow/.local/lib/python3.12/site-packages/airflow/models/dagbag.py", line 382, in parse
    loader.exec_module(new_module)
  File "<frozen importlib._bootstrap_external>", line 995, in exec_module
  File "<frozen importlib._bootstrap>", line 488, in _call_with_frames_removed
  File "/opt/airflow/dags/group_dags.py", line 3, in <module>
    from group_dags import download_group
  File "/opt/airflow/dags/group_dags.py", line 3, in <module>
    from group_dags import download_group
ImportError: cannot import name 'download_group' from partially initialized module 'group_dags' (most likely due to a circular import) (/opt/airflow/dags/group_dags.py)
[2024-08-17T02:34:09.744+0000] {processor.py:927} WARNING - No viable dags retrieved from /opt/airflow/dags/group_dags.py
[2024-08-17T02:34:09.760+0000] {processor.py:208} INFO - Processing /opt/airflow/dags/group_dags.py took 0.035 seconds
[2024-08-17T02:34:40.273+0000] {processor.py:186} INFO - Started process (PID=1112) to work on /opt/airflow/dags/group_dags.py
[2024-08-17T02:34:40.275+0000] {processor.py:914} INFO - Processing file /opt/airflow/dags/group_dags.py for tasks to queue
[2024-08-17T02:34:40.278+0000] {logging_mixin.py:190} INFO - [2024-08-17T02:34:40.277+0000] {dagbag.py:587} INFO - Filling up the DagBag from /opt/airflow/dags/group_dags.py
[2024-08-17T02:34:40.284+0000] {logging_mixin.py:190} INFO - [2024-08-17T02:34:40.282+0000] {dagbag.py:386} ERROR - Failed to import: /opt/airflow/dags/group_dags.py
Traceback (most recent call last):
  File "/home/airflow/.local/lib/python3.12/site-packages/airflow/models/dagbag.py", line 382, in parse
    loader.exec_module(new_module)
  File "<frozen importlib._bootstrap_external>", line 995, in exec_module
  File "<frozen importlib._bootstrap>", line 488, in _call_with_frames_removed
  File "/opt/airflow/dags/group_dags.py", line 3, in <module>
    from group_dags import download_group
  File "/opt/airflow/dags/group_dags.py", line 3, in <module>
    from group_dags import download_group
ImportError: cannot import name 'download_group' from partially initialized module 'group_dags' (most likely due to a circular import) (/opt/airflow/dags/group_dags.py)
[2024-08-17T02:34:40.285+0000] {processor.py:927} WARNING - No viable dags retrieved from /opt/airflow/dags/group_dags.py
[2024-08-17T02:34:40.303+0000] {processor.py:208} INFO - Processing /opt/airflow/dags/group_dags.py took 0.037 seconds
[2024-08-17T02:35:10.655+0000] {processor.py:186} INFO - Started process (PID=1123) to work on /opt/airflow/dags/group_dags.py
[2024-08-17T02:35:10.656+0000] {processor.py:914} INFO - Processing file /opt/airflow/dags/group_dags.py for tasks to queue
[2024-08-17T02:35:10.658+0000] {logging_mixin.py:190} INFO - [2024-08-17T02:35:10.658+0000] {dagbag.py:587} INFO - Filling up the DagBag from /opt/airflow/dags/group_dags.py
[2024-08-17T02:35:10.664+0000] {logging_mixin.py:190} INFO - [2024-08-17T02:35:10.662+0000] {dagbag.py:386} ERROR - Failed to import: /opt/airflow/dags/group_dags.py
Traceback (most recent call last):
  File "/home/airflow/.local/lib/python3.12/site-packages/airflow/models/dagbag.py", line 382, in parse
    loader.exec_module(new_module)
  File "<frozen importlib._bootstrap_external>", line 995, in exec_module
  File "<frozen importlib._bootstrap>", line 488, in _call_with_frames_removed
  File "/opt/airflow/dags/group_dags.py", line 3, in <module>
    from group_dags import download_group
  File "/opt/airflow/dags/group_dags.py", line 3, in <module>
    from group_dags import download_group
ImportError: cannot import name 'download_group' from partially initialized module 'group_dags' (most likely due to a circular import) (/opt/airflow/dags/group_dags.py)
[2024-08-17T02:35:10.665+0000] {processor.py:927} WARNING - No viable dags retrieved from /opt/airflow/dags/group_dags.py
[2024-08-17T02:35:10.681+0000] {processor.py:208} INFO - Processing /opt/airflow/dags/group_dags.py took 0.031 seconds
[2024-08-17T02:35:35.061+0000] {processor.py:186} INFO - Started process (PID=1134) to work on /opt/airflow/dags/group_dags.py
[2024-08-17T02:35:35.062+0000] {processor.py:914} INFO - Processing file /opt/airflow/dags/group_dags.py for tasks to queue
[2024-08-17T02:35:35.064+0000] {logging_mixin.py:190} INFO - [2024-08-17T02:35:35.063+0000] {dagbag.py:587} INFO - Filling up the DagBag from /opt/airflow/dags/group_dags.py
[2024-08-17T02:35:35.071+0000] {logging_mixin.py:190} INFO - [2024-08-17T02:35:35.070+0000] {dagbag.py:386} ERROR - Failed to import: /opt/airflow/dags/group_dags.py
Traceback (most recent call last):
  File "/home/airflow/.local/lib/python3.12/site-packages/airflow/models/dagbag.py", line 382, in parse
    loader.exec_module(new_module)
  File "<frozen importlib._bootstrap_external>", line 995, in exec_module
  File "<frozen importlib._bootstrap>", line 488, in _call_with_frames_removed
  File "/opt/airflow/dags/group_dags.py", line 3, in <module>
    from group_dags.download_dag import download_group
  File "/opt/airflow/dags/group_dags.py", line 3, in <module>
    from group_dags.download_dag import download_group
ModuleNotFoundError: No module named 'group_dags.download_dag'; 'group_dags' is not a package
[2024-08-17T02:35:35.072+0000] {processor.py:927} WARNING - No viable dags retrieved from /opt/airflow/dags/group_dags.py
[2024-08-17T02:35:35.088+0000] {processor.py:208} INFO - Processing /opt/airflow/dags/group_dags.py took 0.033 seconds
[2024-08-17T02:36:05.472+0000] {processor.py:186} INFO - Started process (PID=1145) to work on /opt/airflow/dags/group_dags.py
[2024-08-17T02:36:05.473+0000] {processor.py:914} INFO - Processing file /opt/airflow/dags/group_dags.py for tasks to queue
[2024-08-17T02:36:05.475+0000] {logging_mixin.py:190} INFO - [2024-08-17T02:36:05.475+0000] {dagbag.py:587} INFO - Filling up the DagBag from /opt/airflow/dags/group_dags.py
[2024-08-17T02:36:05.480+0000] {logging_mixin.py:190} INFO - [2024-08-17T02:36:05.479+0000] {dagbag.py:386} ERROR - Failed to import: /opt/airflow/dags/group_dags.py
Traceback (most recent call last):
  File "/home/airflow/.local/lib/python3.12/site-packages/airflow/models/dagbag.py", line 382, in parse
    loader.exec_module(new_module)
  File "<frozen importlib._bootstrap_external>", line 995, in exec_module
  File "<frozen importlib._bootstrap>", line 488, in _call_with_frames_removed
  File "/opt/airflow/dags/group_dags.py", line 3, in <module>
    from group_dags.download_dag import download_group
  File "/opt/airflow/dags/group_dags.py", line 3, in <module>
    from group_dags.download_dag import download_group
ModuleNotFoundError: No module named 'group_dags.download_dag'; 'group_dags' is not a package
[2024-08-17T02:36:05.481+0000] {processor.py:927} WARNING - No viable dags retrieved from /opt/airflow/dags/group_dags.py
[2024-08-17T02:36:05.495+0000] {processor.py:208} INFO - Processing /opt/airflow/dags/group_dags.py took 0.030 seconds
