[2024-08-17T00:30:15.666+0000] {local_task_job_runner.py:123} INFO - ::group::Pre task execution logs
[2024-08-17T00:30:15.674+0000] {taskinstance.py:2603} INFO - Dependencies all met for dep_context=non-requeueable deps ti=<TaskInstance: user_processing.process_user scheduled__2024-08-16T00:00:00+00:00 [queued]>
[2024-08-17T00:30:15.678+0000] {taskinstance.py:2603} INFO - Dependencies all met for dep_context=requeueable deps ti=<TaskInstance: user_processing.process_user scheduled__2024-08-16T00:00:00+00:00 [queued]>
[2024-08-17T00:30:15.678+0000] {taskinstance.py:2856} INFO - Starting attempt 1 of 1
[2024-08-17T00:30:15.685+0000] {taskinstance.py:2879} INFO - Executing <Task(PythonOperator): process_user> on 2024-08-16 00:00:00+00:00
[2024-08-17T00:30:15.691+0000] {warnings.py:112} WARNING - /home/***/.local/lib/python3.12/site-packages/***/task/task_runner/standard_task_runner.py:70: DeprecationWarning: This process (pid=503) is multi-threaded, use of fork() may lead to deadlocks in the child.
  pid = os.fork()

[2024-08-17T00:30:15.692+0000] {standard_task_runner.py:72} INFO - Started process 505 to run task
[2024-08-17T00:30:15.692+0000] {standard_task_runner.py:104} INFO - Running: ['***', 'tasks', 'run', 'user_processing', 'process_user', 'scheduled__2024-08-16T00:00:00+00:00', '--job-id', '39', '--raw', '--subdir', 'DAGS_FOLDER/user_processing.py', '--cfg-path', '/tmp/tmpqoega4lu']
[2024-08-17T00:30:15.694+0000] {standard_task_runner.py:105} INFO - Job 39: Subtask process_user
[2024-08-17T00:30:15.718+0000] {task_command.py:467} INFO - Running <TaskInstance: user_processing.process_user scheduled__2024-08-16T00:00:00+00:00 [running]> on host 83013fdeb55d
[2024-08-17T00:30:15.889+0000] {taskinstance.py:3122} INFO - Exporting env vars: AIRFLOW_CTX_DAG_OWNER='***' AIRFLOW_CTX_DAG_ID='user_processing' AIRFLOW_CTX_TASK_ID='process_user' AIRFLOW_CTX_EXECUTION_DATE='2024-08-16T00:00:00+00:00' AIRFLOW_CTX_TRY_NUMBER='1' AIRFLOW_CTX_DAG_RUN_ID='scheduled__2024-08-16T00:00:00+00:00'
[2024-08-17T00:30:15.890+0000] {taskinstance.py:731} INFO - ::endgroup::
[2024-08-17T00:30:15.900+0000] {user_processing.py:13} INFO - {'results': [{'gender': 'female', 'name': {'title': 'Ms', 'first': 'Valdirene', 'last': 'da Rocha'}, 'location': {'street': {'number': 8739, 'name': 'Beco dos Namorados'}, 'city': 'Bento Gonçalves', 'state': 'Pará', 'country': 'Brazil', 'postcode': 96208, 'coordinates': {'latitude': '-75.2337', 'longitude': '138.1128'}, 'timezone': {'offset': '-2:00', 'description': 'Mid-Atlantic'}}, 'email': 'valdirene.darocha@example.com', 'login': {'uuid': 'e5b6d119-f2c1-4017-a148-b4d159e7a44d', 'username': 'orangepeacock326', 'password': '***', 'salt': 'jXfdhBih', 'md5': '22063cbc701e97d8ad94401bdacdfb2f', 'sha1': '5df6a3b51dd9e6ae716aed17928024a0d176930b', 'sha256': '04860454ddbdcdaed2377e102067d62d9dd756bab91af0a3d42c755f2b8d585f'}, 'dob': {'date': '1993-10-08T22:17:16.147Z', 'age': 30}, 'registered': {'date': '2003-12-22T10:38:46.322Z', 'age': 20}, 'phone': '(59) 4622-8161', 'cell': '(30) 0737-1418', 'id': {'name': 'CPF', 'value': '982.426.884-46'}, 'picture': {'large': 'https://randomuser.me/api/portraits/women/30.jpg', 'medium': 'https://randomuser.me/api/portraits/med/women/30.jpg', 'thumbnail': 'https://randomuser.me/api/portraits/thumb/women/30.jpg'}, 'nat': 'BR'}], 'info': {'seed': '7edcbad039b70ec0', 'results': 1, 'page': 1, 'version': '1.4'}}
[2024-08-17T00:30:15.900+0000] {user_processing.py:14} INFO - ---------------------------------
[2024-08-17T00:30:15.900+0000] {user_processing.py:15} INFO - ---------------------------------
[2024-08-17T00:30:15.908+0000] {python.py:240} INFO - Done. Returned value was: None
[2024-08-17T00:30:15.911+0000] {taskinstance.py:340} INFO - ::group::Post task execution logs
[2024-08-17T00:30:15.911+0000] {taskinstance.py:352} INFO - Marking task as SUCCESS. dag_id=user_processing, task_id=process_user, run_id=scheduled__2024-08-16T00:00:00+00:00, execution_date=20240816T000000, start_date=20240817T003015, end_date=20240817T003015
[2024-08-17T00:30:15.933+0000] {local_task_job_runner.py:261} INFO - Task exited with return code 0
[2024-08-17T00:30:15.945+0000] {taskinstance.py:3891} INFO - 1 downstream tasks scheduled from follow-on schedule check
[2024-08-17T00:30:15.946+0000] {local_task_job_runner.py:240} INFO - ::endgroup::
