[2024-08-19T09:12:25.104+0000] {local_task_job_runner.py:123} INFO - ::group::Pre task execution logs
[2024-08-19T09:12:25.144+0000] {taskinstance.py:2603} INFO - Dependencies all met for dep_context=non-requeueable deps ti=<TaskInstance: postgres_to_data_lake_parquet_single_step.extract_and_load_data backfill__2024-07-26T00:00:00+00:00 [queued]>
[2024-08-19T09:12:25.163+0000] {taskinstance.py:2603} INFO - Dependencies all met for dep_context=requeueable deps ti=<TaskInstance: postgres_to_data_lake_parquet_single_step.extract_and_load_data backfill__2024-07-26T00:00:00+00:00 [queued]>
[2024-08-19T09:12:25.165+0000] {taskinstance.py:2856} INFO - Starting attempt 1 of 2
[2024-08-19T09:12:25.234+0000] {taskinstance.py:2879} INFO - Executing <Task(PythonOperator): extract_and_load_data> on 2024-07-26 00:00:00+00:00
[2024-08-19T09:12:25.248+0000] {logging_mixin.py:190} WARNING - /home/***/.local/lib/python3.12/site-packages/***/task/task_runner/standard_task_runner.py:70 DeprecationWarning: This process (pid=1525) is multi-threaded, use of fork() may lead to deadlocks in the child.
[2024-08-19T09:12:25.253+0000] {standard_task_runner.py:72} INFO - Started process 1550 to run task
[2024-08-19T09:12:25.251+0000] {standard_task_runner.py:104} INFO - Running: ['***', 'tasks', 'run', 'postgres_to_data_lake_parquet_single_step', 'extract_and_load_data', 'backfill__2024-07-26T00:00:00+00:00', '--job-id', '166', '--pool', 'default_pool', '--raw', '--subdir', 'DAGS_FOLDER/sales.py', '--cfg-path', '/tmp/tmp7_nexsnc']
[2024-08-19T09:12:25.257+0000] {standard_task_runner.py:105} INFO - Job 166: Subtask extract_and_load_data
[2024-08-19T09:12:25.366+0000] {task_command.py:467} INFO - Running <TaskInstance: postgres_to_data_lake_parquet_single_step.extract_and_load_data backfill__2024-07-26T00:00:00+00:00 [running]> on host 70607853bfdd
[2024-08-19T09:12:25.582+0000] {taskinstance.py:3122} INFO - Exporting env vars: AIRFLOW_CTX_DAG_OWNER='***' AIRFLOW_CTX_DAG_ID='postgres_to_data_lake_parquet_single_step' AIRFLOW_CTX_TASK_ID='extract_and_load_data' AIRFLOW_CTX_EXECUTION_DATE='2024-07-26T00:00:00+00:00' AIRFLOW_CTX_TRY_NUMBER='1' AIRFLOW_CTX_DAG_RUN_ID='backfill__2024-07-26T00:00:00+00:00'
[2024-08-19T09:12:25.586+0000] {taskinstance.py:731} INFO - ::endgroup::
[2024-08-19T09:12:25.613+0000] {sales.py:34} INFO - Processing data for date: 2024-07-25
[2024-08-19T09:12:25.641+0000] {base.py:84} INFO - Retrieving connection 'azure_prod_db'
[2024-08-19T09:12:26.944+0000] {sales.py:48} INFO - Number of retrieved rows for 2024-07-25: 13115
[2024-08-19T09:12:29.590+0000] {base.py:84} INFO - Retrieving connection 'azure_datalake'
[2024-08-19T09:12:29.606+0000] {_universal.py:513} INFO - Request URL: 'https://etl3737.dfs.core.windows.net/datalake/raw%2Fsales%2Fyear%3D2024%2Fmonth%3D07%2F25.parquet?resource=REDACTED'
Request method: 'PUT'
Request headers:
    'x-ms-version': 'REDACTED'
    'Accept': 'application/json'
    'User-Agent': 'azsdk-python-storage-dfs/12.16.0 Python/3.12.5 (Linux-6.10.0-linuxkit-aarch64-with-glibc2.36)'
    'x-ms-date': 'REDACTED'
    'x-ms-client-request-id': '28ece9b0-5e0b-11ef-84c0-0242ac120008'
    'Authorization': 'REDACTED'
No body was attached to the request
[2024-08-19T09:12:29.832+0000] {_universal.py:549} INFO - Response status: 201
Response headers:
    'Last-Modified': 'Mon, 19 Aug 2024 09:12:29 GMT'
    'ETag': '"0x8DCC02F0D473178"'
    'Server': 'Windows-Azure-HDFS/1.0 Microsoft-HTTPAPI/2.0'
    'x-ms-request-server-encrypted': 'REDACTED'
    'x-ms-request-id': 'd67d0211-d01f-001c-7117-f2da4e000000'
    'x-ms-version': 'REDACTED'
    'x-ms-client-request-id': '28ece9b0-5e0b-11ef-84c0-0242ac120008'
    'Date': 'Mon, 19 Aug 2024 09:12:29 GMT'
    'Content-Length': '0'
[2024-08-19T09:12:29.848+0000] {_universal.py:510} INFO - Request URL: 'https://etl3737.dfs.core.windows.net/datalake/raw%2Fsales%2Fyear%3D2024%2Fmonth%3D07%2F25.parquet?action=REDACTED&position=REDACTED'
Request method: 'PATCH'
Request headers:
    'Content-Length': '220266'
    'x-ms-version': 'REDACTED'
    'Content-Type': 'application/json'
    'Accept': 'application/json'
    'User-Agent': 'azsdk-python-storage-dfs/12.16.0 Python/3.12.5 (Linux-6.10.0-linuxkit-aarch64-with-glibc2.36)'
    'x-ms-date': 'REDACTED'
    'x-ms-client-request-id': '29122e82-5e0b-11ef-84c0-0242ac120008'
    'Authorization': 'REDACTED'
A body is sent with the request
[2024-08-19T09:12:29.915+0000] {_universal.py:549} INFO - Response status: 202
Response headers:
    'Server': 'Windows-Azure-HDFS/1.0 Microsoft-HTTPAPI/2.0'
    'x-ms-request-server-encrypted': 'REDACTED'
    'x-ms-request-id': 'd67d0213-d01f-001c-7317-f2da4e000000'
    'x-ms-version': 'REDACTED'
    'x-ms-client-request-id': '29122e82-5e0b-11ef-84c0-0242ac120008'
    'Date': 'Mon, 19 Aug 2024 09:12:29 GMT'
    'Content-Length': '0'
[2024-08-19T09:12:29.925+0000] {_universal.py:513} INFO - Request URL: 'https://etl3737.dfs.core.windows.net/datalake/raw%2Fsales%2Fyear%3D2024%2Fmonth%3D07%2F25.parquet?action=REDACTED&position=REDACTED&close=REDACTED'
Request method: 'PATCH'
Request headers:
    'If-Match': '"0x8DCC02F0D473178"'
    'x-ms-version': 'REDACTED'
    'Accept': 'application/json'
    'User-Agent': 'azsdk-python-storage-dfs/12.16.0 Python/3.12.5 (Linux-6.10.0-linuxkit-aarch64-with-glibc2.36)'
    'x-ms-date': 'REDACTED'
    'x-ms-client-request-id': '291db266-5e0b-11ef-84c0-0242ac120008'
    'Authorization': 'REDACTED'
No body was attached to the request
[2024-08-19T09:12:29.992+0000] {_universal.py:549} INFO - Response status: 200
Response headers:
    'Last-Modified': 'Mon, 19 Aug 2024 09:12:29 GMT'
    'ETag': '"0x8DCC02F0D5D3254"'
    'Server': 'Windows-Azure-HDFS/1.0 Microsoft-HTTPAPI/2.0'
    'x-ms-request-server-encrypted': 'REDACTED'
    'x-ms-request-id': 'd67d0215-d01f-001c-7517-f2da4e000000'
    'x-ms-version': 'REDACTED'
    'x-ms-client-request-id': '291db266-5e0b-11ef-84c0-0242ac120008'
    'Date': 'Mon, 19 Aug 2024 09:12:29 GMT'
    'Content-Length': '0'
[2024-08-19T09:12:29.993+0000] {sales.py:89} INFO - File uploaded to raw/sales/year=2024/month=07/25.parquet
[2024-08-19T09:12:29.999+0000] {python.py:240} INFO - Done. Returned value was: None
[2024-08-19T09:12:30.063+0000] {taskinstance.py:340} INFO - ::group::Post task execution logs
[2024-08-19T09:12:30.078+0000] {taskinstance.py:352} INFO - Marking task as SUCCESS. dag_id=postgres_to_data_lake_parquet_single_step, task_id=extract_and_load_data, run_id=backfill__2024-07-26T00:00:00+00:00, execution_date=20240726T000000, start_date=20240819T091225, end_date=20240819T091230
[2024-08-19T09:12:30.729+0000] {local_task_job_runner.py:261} INFO - Task exited with return code 0
[2024-08-19T09:12:30.772+0000] {taskinstance.py:3891} INFO - 0 downstream tasks scheduled from follow-on schedule check
[2024-08-19T09:12:30.777+0000] {local_task_job_runner.py:240} INFO - ::endgroup::
