[2024-08-16T07:05:25.156+0000] {local_task_job_runner.py:123} INFO - ::group::Pre task execution logs
[2024-08-16T07:05:25.165+0000] {taskinstance.py:2603} INFO - Dependencies all met for dep_context=non-requeueable deps ti=<TaskInstance: user_processing.create_table manual__2024-08-16T06:56:01.399983+00:00 [queued]>
[2024-08-16T07:05:25.170+0000] {taskinstance.py:2603} INFO - Dependencies all met for dep_context=requeueable deps ti=<TaskInstance: user_processing.create_table manual__2024-08-16T06:56:01.399983+00:00 [queued]>
[2024-08-16T07:05:25.170+0000] {taskinstance.py:2856} INFO - Starting attempt 2 of 2
[2024-08-16T07:05:25.178+0000] {taskinstance.py:2879} INFO - Executing <Task(PostgresOperator): create_table> on 2024-08-16 06:56:01.399983+00:00
[2024-08-16T07:05:25.184+0000] {warnings.py:112} WARNING - /home/***/.local/lib/python3.12/site-packages/***/task/task_runner/standard_task_runner.py:70: DeprecationWarning: This process (pid=2117) is multi-threaded, use of fork() may lead to deadlocks in the child.
  pid = os.fork()

[2024-08-16T07:05:25.185+0000] {standard_task_runner.py:72} INFO - Started process 2119 to run task
[2024-08-16T07:05:25.186+0000] {standard_task_runner.py:104} INFO - Running: ['***', 'tasks', 'run', 'user_processing', 'create_table', 'manual__2024-08-16T06:56:01.399983+00:00', '--job-id', '11', '--raw', '--subdir', 'DAGS_FOLDER/user_processing.py', '--cfg-path', '/tmp/tmph8d_q2fb']
[2024-08-16T07:05:25.187+0000] {standard_task_runner.py:105} INFO - Job 11: Subtask create_table
[2024-08-16T07:05:25.214+0000] {task_command.py:467} INFO - Running <TaskInstance: user_processing.create_table manual__2024-08-16T06:56:01.399983+00:00 [running]> on host 891000986bfd
[2024-08-16T07:05:25.262+0000] {taskinstance.py:3122} INFO - Exporting env vars: AIRFLOW_CTX_DAG_OWNER='***' AIRFLOW_CTX_DAG_ID='user_processing' AIRFLOW_CTX_TASK_ID='create_table' AIRFLOW_CTX_EXECUTION_DATE='2024-08-16T06:56:01.399983+00:00' AIRFLOW_CTX_TRY_NUMBER='2' AIRFLOW_CTX_DAG_RUN_ID='manual__2024-08-16T06:56:01.399983+00:00'
[2024-08-16T07:05:25.264+0000] {logging_mixin.py:190} INFO - Task instance is in running state
[2024-08-16T07:05:25.264+0000] {logging_mixin.py:190} INFO -  Previous state of the Task instance: queued
[2024-08-16T07:05:25.264+0000] {logging_mixin.py:190} INFO - Current task name:create_table state:running start_date:2024-08-16 07:05:25.166042+00:00
[2024-08-16T07:05:25.264+0000] {logging_mixin.py:190} INFO - Dag name:user_processing and current dag run status:running
[2024-08-16T07:05:25.264+0000] {taskinstance.py:731} INFO - ::endgroup::
[2024-08-16T07:05:25.265+0000] {sql.py:282} INFO - Executing: 
        CREATE TABLE IF NOT EXISTS users (
            firstname TEXT NOT NULL,
            lastname TEXT NOT NULL,
            country TEXT NOT NULL,
            username TEXT NOT NULL,
            password TEXT NOT NULL,
            email TEXT NOT NULL,
            created_at TIMESTAMP NOT NULL
        );
        
[2024-08-16T07:05:25.270+0000] {base.py:84} INFO - Retrieving connection 'my_postgres'
[2024-08-16T07:05:25.274+0000] {base.py:84} INFO - Retrieving connection 'my_postgres'
[2024-08-16T07:05:25.276+0000] {sql.py:509} INFO - Running statement: 
        CREATE TABLE IF NOT EXISTS users (
            firstname TEXT NOT NULL,
            lastname TEXT NOT NULL,
            country TEXT NOT NULL,
            username TEXT NOT NULL,
            password TEXT NOT NULL,
            email TEXT NOT NULL,
            created_at TIMESTAMP NOT NULL
        );
        , parameters: None
[2024-08-16T07:05:25.282+0000] {taskinstance.py:340} INFO - ::group::Post task execution logs
[2024-08-16T07:05:25.283+0000] {taskinstance.py:352} INFO - Marking task as SUCCESS. dag_id=user_processing, task_id=create_table, run_id=manual__2024-08-16T06:56:01.399983+00:00, execution_date=20240816T065601, start_date=20240816T070525, end_date=20240816T070525
[2024-08-16T07:05:25.288+0000] {logging_mixin.py:190} INFO - Task instance in success state
[2024-08-16T07:05:25.288+0000] {logging_mixin.py:190} INFO -  Previous state of the Task instance: running
[2024-08-16T07:05:25.289+0000] {logging_mixin.py:190} INFO - Dag name:user_processing queued_at:2024-08-16 07:05:23.128804+00:00
[2024-08-16T07:05:25.289+0000] {logging_mixin.py:190} INFO - Task hostname:891000986bfd operator:PostgresOperator
[2024-08-16T07:05:25.329+0000] {local_task_job_runner.py:261} INFO - Task exited with return code 0
[2024-08-16T07:05:25.335+0000] {warnings.py:112} WARNING - /home/***/.local/lib/python3.12/site-packages/***/models/baseoperator.py:1378: AirflowProviderDeprecationWarning: Call to deprecated class PostgresOperator. (Please use `***.providers.common.sql.operators.sql.SQLExecuteQueryOperator`.Also, you can provide `hook_params={'schema': <database>}`.)
  result = cls.__new__(cls)

[2024-08-16T07:05:25.345+0000] {taskinstance.py:3891} INFO - 1 downstream tasks scheduled from follow-on schedule check
[2024-08-16T07:05:25.346+0000] {local_task_job_runner.py:240} INFO - ::endgroup::
