[2024-08-19T09:12:14.830+0000] {local_task_job_runner.py:123} INFO - ::group::Pre task execution logs
[2024-08-19T09:12:14.922+0000] {taskinstance.py:2603} INFO - Dependencies all met for dep_context=non-requeueable deps ti=<TaskInstance: postgres_to_data_lake_parquet_single_step.extract_and_load_data backfill__2024-07-04T00:00:00+00:00 [queued]>
[2024-08-19T09:12:14.941+0000] {taskinstance.py:2603} INFO - Dependencies all met for dep_context=requeueable deps ti=<TaskInstance: postgres_to_data_lake_parquet_single_step.extract_and_load_data backfill__2024-07-04T00:00:00+00:00 [queued]>
[2024-08-19T09:12:14.942+0000] {taskinstance.py:2856} INFO - Starting attempt 1 of 2
[2024-08-19T09:12:15.055+0000] {taskinstance.py:2879} INFO - Executing <Task(PythonOperator): extract_and_load_data> on 2024-07-04 00:00:00+00:00
[2024-08-19T09:12:15.097+0000] {logging_mixin.py:190} WARNING - /home/***/.local/lib/python3.12/site-packages/***/task/task_runner/standard_task_runner.py:70 DeprecationWarning: This process (pid=1469) is multi-threaded, use of fork() may lead to deadlocks in the child.
[2024-08-19T09:12:15.105+0000] {standard_task_runner.py:72} INFO - Started process 1486 to run task
[2024-08-19T09:12:15.101+0000] {standard_task_runner.py:104} INFO - Running: ['***', 'tasks', 'run', 'postgres_to_data_lake_parquet_single_step', 'extract_and_load_data', 'backfill__2024-07-04T00:00:00+00:00', '--job-id', '142', '--pool', 'default_pool', '--raw', '--subdir', 'DAGS_FOLDER/sales.py', '--cfg-path', '/tmp/tmpj9jk6c2v']
[2024-08-19T09:12:15.124+0000] {standard_task_runner.py:105} INFO - Job 142: Subtask extract_and_load_data
[2024-08-19T09:12:15.490+0000] {task_command.py:467} INFO - Running <TaskInstance: postgres_to_data_lake_parquet_single_step.extract_and_load_data backfill__2024-07-04T00:00:00+00:00 [running]> on host 70607853bfdd
[2024-08-19T09:12:15.852+0000] {taskinstance.py:3122} INFO - Exporting env vars: AIRFLOW_CTX_DAG_OWNER='***' AIRFLOW_CTX_DAG_ID='postgres_to_data_lake_parquet_single_step' AIRFLOW_CTX_TASK_ID='extract_and_load_data' AIRFLOW_CTX_EXECUTION_DATE='2024-07-04T00:00:00+00:00' AIRFLOW_CTX_TRY_NUMBER='1' AIRFLOW_CTX_DAG_RUN_ID='backfill__2024-07-04T00:00:00+00:00'
[2024-08-19T09:12:15.871+0000] {taskinstance.py:731} INFO - ::endgroup::
[2024-08-19T09:12:15.945+0000] {sales.py:34} INFO - Processing data for date: 2024-07-03
[2024-08-19T09:12:15.979+0000] {base.py:84} INFO - Retrieving connection 'azure_prod_db'
[2024-08-19T09:12:17.226+0000] {sales.py:48} INFO - Number of retrieved rows for 2024-07-03: 8223
[2024-08-19T09:12:19.961+0000] {base.py:84} INFO - Retrieving connection 'azure_datalake'
[2024-08-19T09:12:19.980+0000] {_universal.py:513} INFO - Request URL: 'https://etl3737.dfs.core.windows.net/datalake/raw%2Fsales%2Fyear%3D2024%2Fmonth%3D07%2F03.parquet?resource=REDACTED'
Request method: 'PUT'
Request headers:
    'x-ms-version': 'REDACTED'
    'Accept': 'application/json'
    'User-Agent': 'azsdk-python-storage-dfs/12.16.0 Python/3.12.5 (Linux-6.10.0-linuxkit-aarch64-with-glibc2.36)'
    'x-ms-date': 'REDACTED'
    'x-ms-client-request-id': '23305322-5e0b-11ef-ac94-0242ac120008'
    'Authorization': 'REDACTED'
No body was attached to the request
[2024-08-19T09:12:20.219+0000] {_universal.py:549} INFO - Response status: 201
Response headers:
    'Last-Modified': 'Mon, 19 Aug 2024 09:12:20 GMT'
    'ETag': '"0x8DCC02F078D1EC4"'
    'Server': 'Windows-Azure-HDFS/1.0 Microsoft-HTTPAPI/2.0'
    'x-ms-request-server-encrypted': 'REDACTED'
    'x-ms-request-id': '7c0d8ee6-f01f-0056-8017-f279c1000000'
    'x-ms-version': 'REDACTED'
    'x-ms-client-request-id': '23305322-5e0b-11ef-ac94-0242ac120008'
    'Date': 'Mon, 19 Aug 2024 09:12:19 GMT'
    'Content-Length': '0'
[2024-08-19T09:12:20.226+0000] {_universal.py:510} INFO - Request URL: 'https://etl3737.dfs.core.windows.net/datalake/raw%2Fsales%2Fyear%3D2024%2Fmonth%3D07%2F03.parquet?action=REDACTED&position=REDACTED'
Request method: 'PATCH'
Request headers:
    'Content-Length': '148520'
    'x-ms-version': 'REDACTED'
    'Content-Type': 'application/json'
    'Accept': 'application/json'
    'User-Agent': 'azsdk-python-storage-dfs/12.16.0 Python/3.12.5 (Linux-6.10.0-linuxkit-aarch64-with-glibc2.36)'
    'x-ms-date': 'REDACTED'
    'x-ms-client-request-id': '2355ec5e-5e0b-11ef-ac94-0242ac120008'
    'Authorization': 'REDACTED'
A body is sent with the request
[2024-08-19T09:12:20.301+0000] {_universal.py:549} INFO - Response status: 202
Response headers:
    'Server': 'Windows-Azure-HDFS/1.0 Microsoft-HTTPAPI/2.0'
    'x-ms-request-server-encrypted': 'REDACTED'
    'x-ms-request-id': '7c0d8eed-f01f-0056-0717-f279c1000000'
    'x-ms-version': 'REDACTED'
    'x-ms-client-request-id': '2355ec5e-5e0b-11ef-ac94-0242ac120008'
    'Date': 'Mon, 19 Aug 2024 09:12:19 GMT'
    'Content-Length': '0'
[2024-08-19T09:12:20.304+0000] {_universal.py:513} INFO - Request URL: 'https://etl3737.dfs.core.windows.net/datalake/raw%2Fsales%2Fyear%3D2024%2Fmonth%3D07%2F03.parquet?action=REDACTED&position=REDACTED&close=REDACTED'
Request method: 'PATCH'
Request headers:
    'If-Match': '"0x8DCC02F078D1EC4"'
    'x-ms-version': 'REDACTED'
    'Accept': 'application/json'
    'User-Agent': 'azsdk-python-storage-dfs/12.16.0 Python/3.12.5 (Linux-6.10.0-linuxkit-aarch64-with-glibc2.36)'
    'x-ms-date': 'REDACTED'
    'x-ms-client-request-id': '2361e8b0-5e0b-11ef-ac94-0242ac120008'
    'Authorization': 'REDACTED'
No body was attached to the request
[2024-08-19T09:12:20.363+0000] {_universal.py:549} INFO - Response status: 200
Response headers:
    'Last-Modified': 'Mon, 19 Aug 2024 09:12:20 GMT'
    'ETag': '"0x8DCC02F07A2F98C"'
    'Server': 'Windows-Azure-HDFS/1.0 Microsoft-HTTPAPI/2.0'
    'x-ms-request-server-encrypted': 'REDACTED'
    'x-ms-request-id': '7c0d8eef-f01f-0056-0917-f279c1000000'
    'x-ms-version': 'REDACTED'
    'x-ms-client-request-id': '2361e8b0-5e0b-11ef-ac94-0242ac120008'
    'Date': 'Mon, 19 Aug 2024 09:12:20 GMT'
    'Content-Length': '0'
[2024-08-19T09:12:20.379+0000] {sales.py:89} INFO - File uploaded to raw/sales/year=2024/month=07/03.parquet
[2024-08-19T09:12:20.434+0000] {python.py:240} INFO - Done. Returned value was: None
[2024-08-19T09:12:20.510+0000] {taskinstance.py:340} INFO - ::group::Post task execution logs
[2024-08-19T09:12:20.515+0000] {taskinstance.py:352} INFO - Marking task as SUCCESS. dag_id=postgres_to_data_lake_parquet_single_step, task_id=extract_and_load_data, run_id=backfill__2024-07-04T00:00:00+00:00, execution_date=20240704T000000, start_date=20240819T091214, end_date=20240819T091220
[2024-08-19T09:12:20.718+0000] {local_task_job_runner.py:261} INFO - Task exited with return code 0
[2024-08-19T09:12:20.825+0000] {taskinstance.py:3891} INFO - 0 downstream tasks scheduled from follow-on schedule check
[2024-08-19T09:12:20.840+0000] {local_task_job_runner.py:240} INFO - ::endgroup::
