[2024-08-17T02:45:34.553+0000] {local_task_job_runner.py:123} INFO - ::group::Pre task execution logs
[2024-08-17T02:45:34.569+0000] {taskinstance.py:2603} INFO - Dependencies all met for dep_context=non-requeueable deps ti=<TaskInstance: group_dag.transform_group.transform_b scheduled__2024-08-16T00:00:00+00:00 [queued]>
[2024-08-17T02:45:34.586+0000] {taskinstance.py:2603} INFO - Dependencies all met for dep_context=requeueable deps ti=<TaskInstance: group_dag.transform_group.transform_b scheduled__2024-08-16T00:00:00+00:00 [queued]>
[2024-08-17T02:45:34.586+0000] {taskinstance.py:2856} INFO - Starting attempt 1 of 1
[2024-08-17T02:45:34.605+0000] {taskinstance.py:2879} INFO - Executing <Task(BashOperator): transform_group.transform_b> on 2024-08-16 00:00:00+00:00
[2024-08-17T02:45:34.615+0000] {warnings.py:112} WARNING - /home/***/.local/lib/python3.12/site-packages/***/task/task_runner/standard_task_runner.py:70: DeprecationWarning: This process (pid=123) is multi-threaded, use of fork() may lead to deadlocks in the child.
  pid = os.fork()

[2024-08-17T02:45:34.619+0000] {standard_task_runner.py:72} INFO - Started process 125 to run task
[2024-08-17T02:45:34.620+0000] {standard_task_runner.py:104} INFO - Running: ['***', 'tasks', 'run', 'group_dag', 'transform_group.transform_b', 'scheduled__2024-08-16T00:00:00+00:00', '--job-id', '50', '--raw', '--subdir', 'DAGS_FOLDER/group_dag.py', '--cfg-path', '/tmp/tmpise2jbgo']
[2024-08-17T02:45:34.622+0000] {standard_task_runner.py:105} INFO - Job 50: Subtask transform_group.transform_b
[2024-08-17T02:45:34.677+0000] {task_command.py:467} INFO - Running <TaskInstance: group_dag.transform_group.transform_b scheduled__2024-08-16T00:00:00+00:00 [running]> on host 0bd5af1ac055
[2024-08-17T02:45:34.734+0000] {taskinstance.py:3122} INFO - Exporting env vars: AIRFLOW_CTX_DAG_OWNER='***' AIRFLOW_CTX_DAG_ID='group_dag' AIRFLOW_CTX_TASK_ID='transform_group.transform_b' AIRFLOW_CTX_EXECUTION_DATE='2024-08-16T00:00:00+00:00' AIRFLOW_CTX_TRY_NUMBER='1' AIRFLOW_CTX_DAG_RUN_ID='scheduled__2024-08-16T00:00:00+00:00'
[2024-08-17T02:45:34.736+0000] {taskinstance.py:731} INFO - ::endgroup::
[2024-08-17T02:45:34.745+0000] {subprocess.py:63} INFO - Tmp dir root location: /tmp
[2024-08-17T02:45:34.746+0000] {subprocess.py:75} INFO - Running command: ['/usr/bin/bash', '-c', 'sleep 10']
[2024-08-17T02:45:34.751+0000] {subprocess.py:86} INFO - Output:
[2024-08-17T02:45:44.754+0000] {subprocess.py:97} INFO - Command exited with return code 0
[2024-08-17T02:45:44.781+0000] {taskinstance.py:340} INFO - ::group::Post task execution logs
[2024-08-17T02:45:44.782+0000] {taskinstance.py:352} INFO - Marking task as SUCCESS. dag_id=group_dag, task_id=transform_group.transform_b, run_id=scheduled__2024-08-16T00:00:00+00:00, execution_date=20240816T000000, start_date=20240817T024534, end_date=20240817T024544
[2024-08-17T02:45:44.818+0000] {local_task_job_runner.py:261} INFO - Task exited with return code 0
[2024-08-17T02:45:44.829+0000] {taskinstance.py:3891} INFO - 0 downstream tasks scheduled from follow-on schedule check
[2024-08-17T02:45:44.830+0000] {local_task_job_runner.py:240} INFO - ::endgroup::
