[2024-08-16T09:03:20.783+0000] {local_task_job_runner.py:123} INFO - ::group::Pre task execution logs
[2024-08-16T09:03:20.795+0000] {taskinstance.py:2603} INFO - Dependencies all met for dep_context=non-requeueable deps ti=<TaskInstance: parallel_dag.extract_b scheduled__2024-08-15T00:00:00+00:00 [queued]>
[2024-08-16T09:03:20.801+0000] {taskinstance.py:2603} INFO - Dependencies all met for dep_context=requeueable deps ti=<TaskInstance: parallel_dag.extract_b scheduled__2024-08-15T00:00:00+00:00 [queued]>
[2024-08-16T09:03:20.802+0000] {taskinstance.py:2856} INFO - Starting attempt 1 of 1
[2024-08-16T09:03:20.813+0000] {taskinstance.py:2879} INFO - Executing <Task(BashOperator): extract_b> on 2024-08-15 00:00:00+00:00
[2024-08-16T09:03:20.819+0000] {warnings.py:112} WARNING - /home/***/.local/lib/python3.12/site-packages/***/task/task_runner/standard_task_runner.py:70: DeprecationWarning: This process (pid=76) is multi-threaded, use of fork() may lead to deadlocks in the child.
  pid = os.fork()

[2024-08-16T09:03:20.821+0000] {standard_task_runner.py:72} INFO - Started process 78 to run task
[2024-08-16T09:03:20.821+0000] {standard_task_runner.py:104} INFO - Running: ['***', 'tasks', 'run', 'parallel_dag', 'extract_b', 'scheduled__2024-08-15T00:00:00+00:00', '--job-id', '20', '--raw', '--subdir', 'DAGS_FOLDER/parallel_dag.py', '--cfg-path', '/tmp/tmpii5cb4no']
[2024-08-16T09:03:20.822+0000] {standard_task_runner.py:105} INFO - Job 20: Subtask extract_b
[2024-08-16T09:03:20.861+0000] {task_command.py:467} INFO - Running <TaskInstance: parallel_dag.extract_b scheduled__2024-08-15T00:00:00+00:00 [running]> on host ba59c830c5d7
[2024-08-16T09:03:20.911+0000] {taskinstance.py:3122} INFO - Exporting env vars: AIRFLOW_CTX_DAG_OWNER='***' AIRFLOW_CTX_DAG_ID='parallel_dag' AIRFLOW_CTX_TASK_ID='extract_b' AIRFLOW_CTX_EXECUTION_DATE='2024-08-15T00:00:00+00:00' AIRFLOW_CTX_TRY_NUMBER='1' AIRFLOW_CTX_DAG_RUN_ID='scheduled__2024-08-15T00:00:00+00:00'
[2024-08-16T09:03:20.915+0000] {logging_mixin.py:190} INFO - Task instance is in running state
[2024-08-16T09:03:20.915+0000] {logging_mixin.py:190} INFO -  Previous state of the Task instance: queued
[2024-08-16T09:03:20.916+0000] {logging_mixin.py:190} INFO - Current task name:extract_b state:running start_date:2024-08-16 09:03:20.795500+00:00
[2024-08-16T09:03:20.917+0000] {logging_mixin.py:190} INFO - Dag name:parallel_dag and current dag run status:running
[2024-08-16T09:03:20.918+0000] {taskinstance.py:731} INFO - ::endgroup::
[2024-08-16T09:03:20.919+0000] {subprocess.py:63} INFO - Tmp dir root location: /tmp
[2024-08-16T09:03:20.920+0000] {subprocess.py:75} INFO - Running command: ['/usr/bin/bash', '-c', 'sleep 1']
[2024-08-16T09:03:20.927+0000] {subprocess.py:86} INFO - Output:
[2024-08-16T09:03:21.932+0000] {subprocess.py:97} INFO - Command exited with return code 0
[2024-08-16T09:03:21.950+0000] {taskinstance.py:340} INFO - ::group::Post task execution logs
[2024-08-16T09:03:21.951+0000] {taskinstance.py:352} INFO - Marking task as SUCCESS. dag_id=parallel_dag, task_id=extract_b, run_id=scheduled__2024-08-15T00:00:00+00:00, execution_date=20240815T000000, start_date=20240816T090320, end_date=20240816T090321
[2024-08-16T09:03:21.961+0000] {logging_mixin.py:190} INFO - Task instance in success state
[2024-08-16T09:03:21.962+0000] {logging_mixin.py:190} INFO -  Previous state of the Task instance: running
[2024-08-16T09:03:21.962+0000] {logging_mixin.py:190} INFO - Dag name:parallel_dag queued_at:2024-08-16 09:03:17.760482+00:00
[2024-08-16T09:03:21.963+0000] {logging_mixin.py:190} INFO - Task hostname:ba59c830c5d7 operator:BashOperator
[2024-08-16T09:03:21.981+0000] {local_task_job_runner.py:261} INFO - Task exited with return code 0
[2024-08-16T09:03:21.991+0000] {local_task_job_runner.py:240} INFO - ::endgroup::
