[2024-08-17T04:42:53.285+0000] {processor.py:186} INFO - Started process (PID=56) to work on /opt/airflow/dags/groups/airflow_dag.py
[2024-08-17T04:42:53.287+0000] {processor.py:914} INFO - Processing file /opt/airflow/dags/groups/airflow_dag.py for tasks to queue
[2024-08-17T04:42:53.294+0000] {logging_mixin.py:190} INFO - [2024-08-17T04:42:53.293+0000] {dagbag.py:587} INFO - Filling up the DagBag from /opt/airflow/dags/groups/airflow_dag.py
[2024-08-17T04:42:53.316+0000] {processor.py:925} INFO - DAG(s) 'airflow_dag' retrieved from /opt/airflow/dags/groups/airflow_dag.py
[2024-08-17T04:42:53.668+0000] {logging_mixin.py:190} INFO - [2024-08-17T04:42:53.668+0000] {dag.py:3211} INFO - Sync 1 DAGs
[2024-08-17T04:42:53.682+0000] {logging_mixin.py:190} INFO - [2024-08-17T04:42:53.682+0000] {dag.py:4138} INFO - Setting next_dagrun for airflow_dag to 2024-08-17 00:00:00+00:00, run_after=2024-08-18 00:00:00+00:00
[2024-08-17T04:42:53.695+0000] {processor.py:208} INFO - Processing /opt/airflow/dags/groups/airflow_dag.py took 0.419 seconds
[2024-08-17T04:43:24.351+0000] {processor.py:186} INFO - Started process (PID=67) to work on /opt/airflow/dags/groups/airflow_dag.py
[2024-08-17T04:43:24.352+0000] {processor.py:914} INFO - Processing file /opt/airflow/dags/groups/airflow_dag.py for tasks to queue
[2024-08-17T04:43:24.356+0000] {logging_mixin.py:190} INFO - [2024-08-17T04:43:24.356+0000] {dagbag.py:587} INFO - Filling up the DagBag from /opt/airflow/dags/groups/airflow_dag.py
[2024-08-17T04:43:24.373+0000] {processor.py:925} INFO - DAG(s) 'airflow_dag' retrieved from /opt/airflow/dags/groups/airflow_dag.py
[2024-08-17T04:43:24.399+0000] {logging_mixin.py:190} INFO - [2024-08-17T04:43:24.399+0000] {dag.py:3211} INFO - Sync 1 DAGs
[2024-08-17T04:43:24.669+0000] {logging_mixin.py:190} INFO - [2024-08-17T04:43:24.668+0000] {dag.py:4138} INFO - Setting next_dagrun for airflow_dag to 2024-08-17 00:00:00+00:00, run_after=2024-08-18 00:00:00+00:00
[2024-08-17T04:43:24.685+0000] {processor.py:208} INFO - Processing /opt/airflow/dags/groups/airflow_dag.py took 0.341 seconds
[2024-08-17T04:43:55.380+0000] {processor.py:186} INFO - Started process (PID=79) to work on /opt/airflow/dags/groups/airflow_dag.py
[2024-08-17T04:43:55.381+0000] {processor.py:914} INFO - Processing file /opt/airflow/dags/groups/airflow_dag.py for tasks to queue
[2024-08-17T04:43:55.384+0000] {logging_mixin.py:190} INFO - [2024-08-17T04:43:55.383+0000] {dagbag.py:587} INFO - Filling up the DagBag from /opt/airflow/dags/groups/airflow_dag.py
[2024-08-17T04:43:55.394+0000] {processor.py:925} INFO - DAG(s) 'airflow_dag' retrieved from /opt/airflow/dags/groups/airflow_dag.py
[2024-08-17T04:43:55.537+0000] {logging_mixin.py:190} INFO - [2024-08-17T04:43:55.537+0000] {dag.py:3211} INFO - Sync 1 DAGs
[2024-08-17T04:43:55.553+0000] {logging_mixin.py:190} INFO - [2024-08-17T04:43:55.553+0000] {dag.py:4138} INFO - Setting next_dagrun for airflow_dag to 2024-08-17 00:00:00+00:00, run_after=2024-08-18 00:00:00+00:00
[2024-08-17T04:43:55.566+0000] {processor.py:208} INFO - Processing /opt/airflow/dags/groups/airflow_dag.py took 0.192 seconds
[2024-08-17T04:44:26.141+0000] {processor.py:186} INFO - Started process (PID=91) to work on /opt/airflow/dags/groups/airflow_dag.py
[2024-08-17T04:44:26.142+0000] {processor.py:914} INFO - Processing file /opt/airflow/dags/groups/airflow_dag.py for tasks to queue
[2024-08-17T04:44:26.145+0000] {logging_mixin.py:190} INFO - [2024-08-17T04:44:26.144+0000] {dagbag.py:587} INFO - Filling up the DagBag from /opt/airflow/dags/groups/airflow_dag.py
[2024-08-17T04:44:26.273+0000] {processor.py:925} INFO - DAG(s) 'airflow_dag' retrieved from /opt/airflow/dags/groups/airflow_dag.py
[2024-08-17T04:44:26.287+0000] {logging_mixin.py:190} INFO - [2024-08-17T04:44:26.286+0000] {dag.py:3211} INFO - Sync 1 DAGs
[2024-08-17T04:44:26.299+0000] {logging_mixin.py:190} INFO - [2024-08-17T04:44:26.299+0000] {dag.py:4138} INFO - Setting next_dagrun for airflow_dag to 2024-08-17 00:00:00+00:00, run_after=2024-08-18 00:00:00+00:00
[2024-08-17T04:44:26.311+0000] {processor.py:208} INFO - Processing /opt/airflow/dags/groups/airflow_dag.py took 0.176 seconds
[2024-08-17T08:33:19.999+0000] {processor.py:186} INFO - Started process (PID=56) to work on /opt/airflow/dags/groups/airflow_dag.py
[2024-08-17T08:33:20.002+0000] {processor.py:914} INFO - Processing file /opt/airflow/dags/groups/airflow_dag.py for tasks to queue
[2024-08-17T08:33:20.006+0000] {logging_mixin.py:190} INFO - [2024-08-17T08:33:20.005+0000] {dagbag.py:587} INFO - Filling up the DagBag from /opt/airflow/dags/groups/airflow_dag.py
[2024-08-17T08:33:20.034+0000] {processor.py:925} INFO - DAG(s) 'airflow_dag' retrieved from /opt/airflow/dags/groups/airflow_dag.py
[2024-08-17T08:33:20.438+0000] {logging_mixin.py:190} INFO - [2024-08-17T08:33:20.438+0000] {dag.py:3211} INFO - Sync 1 DAGs
[2024-08-17T08:33:20.456+0000] {logging_mixin.py:190} INFO - [2024-08-17T08:33:20.456+0000] {dag.py:4138} INFO - Setting next_dagrun for airflow_dag to 2024-08-17 00:00:00+00:00, run_after=2024-08-18 00:00:00+00:00
[2024-08-17T08:33:20.475+0000] {processor.py:208} INFO - Processing /opt/airflow/dags/groups/airflow_dag.py took 0.482 seconds
[2024-08-17T08:33:51.224+0000] {processor.py:186} INFO - Started process (PID=68) to work on /opt/airflow/dags/groups/airflow_dag.py
[2024-08-17T08:33:51.226+0000] {processor.py:914} INFO - Processing file /opt/airflow/dags/groups/airflow_dag.py for tasks to queue
[2024-08-17T08:33:51.228+0000] {logging_mixin.py:190} INFO - [2024-08-17T08:33:51.228+0000] {dagbag.py:587} INFO - Filling up the DagBag from /opt/airflow/dags/groups/airflow_dag.py
[2024-08-17T08:33:51.239+0000] {processor.py:925} INFO - DAG(s) 'airflow_dag' retrieved from /opt/airflow/dags/groups/airflow_dag.py
[2024-08-17T08:33:51.260+0000] {logging_mixin.py:190} INFO - [2024-08-17T08:33:51.260+0000] {dag.py:3211} INFO - Sync 1 DAGs
[2024-08-17T08:33:51.462+0000] {logging_mixin.py:190} INFO - [2024-08-17T08:33:51.461+0000] {dag.py:4138} INFO - Setting next_dagrun for airflow_dag to 2024-08-17 00:00:00+00:00, run_after=2024-08-18 00:00:00+00:00
[2024-08-17T08:33:51.474+0000] {processor.py:208} INFO - Processing /opt/airflow/dags/groups/airflow_dag.py took 0.255 seconds
[2024-08-17T08:34:22.094+0000] {processor.py:186} INFO - Started process (PID=80) to work on /opt/airflow/dags/groups/airflow_dag.py
[2024-08-17T08:34:22.095+0000] {processor.py:914} INFO - Processing file /opt/airflow/dags/groups/airflow_dag.py for tasks to queue
[2024-08-17T08:34:22.097+0000] {logging_mixin.py:190} INFO - [2024-08-17T08:34:22.097+0000] {dagbag.py:587} INFO - Filling up the DagBag from /opt/airflow/dags/groups/airflow_dag.py
[2024-08-17T08:34:22.113+0000] {processor.py:925} INFO - DAG(s) 'airflow_dag' retrieved from /opt/airflow/dags/groups/airflow_dag.py
[2024-08-17T08:34:22.293+0000] {logging_mixin.py:190} INFO - [2024-08-17T08:34:22.292+0000] {dag.py:3211} INFO - Sync 1 DAGs
[2024-08-17T08:34:22.307+0000] {logging_mixin.py:190} INFO - [2024-08-17T08:34:22.307+0000] {dag.py:4138} INFO - Setting next_dagrun for airflow_dag to 2024-08-17 00:00:00+00:00, run_after=2024-08-18 00:00:00+00:00
[2024-08-17T08:34:22.322+0000] {processor.py:208} INFO - Processing /opt/airflow/dags/groups/airflow_dag.py took 0.235 seconds
[2024-08-17T08:34:52.951+0000] {processor.py:186} INFO - Started process (PID=92) to work on /opt/airflow/dags/groups/airflow_dag.py
[2024-08-17T08:34:52.952+0000] {processor.py:914} INFO - Processing file /opt/airflow/dags/groups/airflow_dag.py for tasks to queue
[2024-08-17T08:34:52.954+0000] {logging_mixin.py:190} INFO - [2024-08-17T08:34:52.954+0000] {dagbag.py:587} INFO - Filling up the DagBag from /opt/airflow/dags/groups/airflow_dag.py
[2024-08-17T08:34:53.080+0000] {processor.py:925} INFO - DAG(s) 'airflow_dag' retrieved from /opt/airflow/dags/groups/airflow_dag.py
[2024-08-17T08:34:53.095+0000] {logging_mixin.py:190} INFO - [2024-08-17T08:34:53.094+0000] {dag.py:3211} INFO - Sync 1 DAGs
[2024-08-17T08:34:53.108+0000] {logging_mixin.py:190} INFO - [2024-08-17T08:34:53.107+0000] {dag.py:4138} INFO - Setting next_dagrun for airflow_dag to 2024-08-17 00:00:00+00:00, run_after=2024-08-18 00:00:00+00:00
[2024-08-17T08:34:53.121+0000] {processor.py:208} INFO - Processing /opt/airflow/dags/groups/airflow_dag.py took 0.175 seconds
[2024-08-17T08:35:23.891+0000] {processor.py:186} INFO - Started process (PID=110) to work on /opt/airflow/dags/groups/airflow_dag.py
[2024-08-17T08:35:23.892+0000] {processor.py:914} INFO - Processing file /opt/airflow/dags/groups/airflow_dag.py for tasks to queue
[2024-08-17T08:35:23.895+0000] {logging_mixin.py:190} INFO - [2024-08-17T08:35:23.894+0000] {dagbag.py:587} INFO - Filling up the DagBag from /opt/airflow/dags/groups/airflow_dag.py
[2024-08-17T08:35:23.906+0000] {processor.py:925} INFO - DAG(s) 'airflow_dag' retrieved from /opt/airflow/dags/groups/airflow_dag.py
[2024-08-17T08:35:23.929+0000] {logging_mixin.py:190} INFO - [2024-08-17T08:35:23.929+0000] {dag.py:3211} INFO - Sync 1 DAGs
[2024-08-17T08:35:23.947+0000] {logging_mixin.py:190} INFO - [2024-08-17T08:35:23.947+0000] {dag.py:4138} INFO - Setting next_dagrun for airflow_dag to 2024-08-17 00:00:00+00:00, run_after=2024-08-18 00:00:00+00:00
[2024-08-17T08:35:23.962+0000] {processor.py:208} INFO - Processing /opt/airflow/dags/groups/airflow_dag.py took 0.079 seconds
[2024-08-17T08:35:54.429+0000] {processor.py:186} INFO - Started process (PID=122) to work on /opt/airflow/dags/groups/airflow_dag.py
[2024-08-17T08:35:54.430+0000] {processor.py:914} INFO - Processing file /opt/airflow/dags/groups/airflow_dag.py for tasks to queue
[2024-08-17T08:35:54.433+0000] {logging_mixin.py:190} INFO - [2024-08-17T08:35:54.432+0000] {dagbag.py:587} INFO - Filling up the DagBag from /opt/airflow/dags/groups/airflow_dag.py
[2024-08-17T08:35:54.450+0000] {processor.py:925} INFO - DAG(s) 'airflow_dag' retrieved from /opt/airflow/dags/groups/airflow_dag.py
[2024-08-17T08:35:54.466+0000] {logging_mixin.py:190} INFO - [2024-08-17T08:35:54.466+0000] {dag.py:3211} INFO - Sync 1 DAGs
[2024-08-17T08:35:54.482+0000] {logging_mixin.py:190} INFO - [2024-08-17T08:35:54.482+0000] {dag.py:4138} INFO - Setting next_dagrun for airflow_dag to 2024-08-17 00:00:00+00:00, run_after=2024-08-18 00:00:00+00:00
[2024-08-17T08:35:54.494+0000] {processor.py:208} INFO - Processing /opt/airflow/dags/groups/airflow_dag.py took 0.072 seconds
[2024-08-17T08:36:24.895+0000] {processor.py:186} INFO - Started process (PID=134) to work on /opt/airflow/dags/groups/airflow_dag.py
[2024-08-17T08:36:24.896+0000] {processor.py:914} INFO - Processing file /opt/airflow/dags/groups/airflow_dag.py for tasks to queue
[2024-08-17T08:36:24.898+0000] {logging_mixin.py:190} INFO - [2024-08-17T08:36:24.898+0000] {dagbag.py:587} INFO - Filling up the DagBag from /opt/airflow/dags/groups/airflow_dag.py
[2024-08-17T08:36:24.913+0000] {processor.py:925} INFO - DAG(s) 'airflow_dag' retrieved from /opt/airflow/dags/groups/airflow_dag.py
[2024-08-17T08:36:24.932+0000] {logging_mixin.py:190} INFO - [2024-08-17T08:36:24.932+0000] {dag.py:3211} INFO - Sync 1 DAGs
[2024-08-17T08:36:24.964+0000] {logging_mixin.py:190} INFO - [2024-08-17T08:36:24.964+0000] {dag.py:4138} INFO - Setting next_dagrun for airflow_dag to 2024-08-17 00:00:00+00:00, run_after=2024-08-18 00:00:00+00:00
[2024-08-17T08:36:24.986+0000] {processor.py:208} INFO - Processing /opt/airflow/dags/groups/airflow_dag.py took 0.099 seconds
[2024-08-17T08:36:55.440+0000] {processor.py:186} INFO - Started process (PID=146) to work on /opt/airflow/dags/groups/airflow_dag.py
[2024-08-17T08:36:55.441+0000] {processor.py:914} INFO - Processing file /opt/airflow/dags/groups/airflow_dag.py for tasks to queue
[2024-08-17T08:36:55.444+0000] {logging_mixin.py:190} INFO - [2024-08-17T08:36:55.443+0000] {dagbag.py:587} INFO - Filling up the DagBag from /opt/airflow/dags/groups/airflow_dag.py
[2024-08-17T08:36:55.455+0000] {processor.py:925} INFO - DAG(s) 'airflow_dag' retrieved from /opt/airflow/dags/groups/airflow_dag.py
[2024-08-17T08:36:55.473+0000] {logging_mixin.py:190} INFO - [2024-08-17T08:36:55.473+0000] {dag.py:3211} INFO - Sync 1 DAGs
[2024-08-17T08:36:55.489+0000] {logging_mixin.py:190} INFO - [2024-08-17T08:36:55.489+0000] {dag.py:4138} INFO - Setting next_dagrun for airflow_dag to 2024-08-17 00:00:00+00:00, run_after=2024-08-18 00:00:00+00:00
[2024-08-17T08:36:55.503+0000] {processor.py:208} INFO - Processing /opt/airflow/dags/groups/airflow_dag.py took 0.069 seconds
[2024-08-17T08:37:25.925+0000] {processor.py:186} INFO - Started process (PID=158) to work on /opt/airflow/dags/groups/airflow_dag.py
[2024-08-17T08:37:25.929+0000] {processor.py:914} INFO - Processing file /opt/airflow/dags/groups/airflow_dag.py for tasks to queue
[2024-08-17T08:37:25.932+0000] {logging_mixin.py:190} INFO - [2024-08-17T08:37:25.932+0000] {dagbag.py:587} INFO - Filling up the DagBag from /opt/airflow/dags/groups/airflow_dag.py
[2024-08-17T08:37:25.944+0000] {processor.py:925} INFO - DAG(s) 'airflow_dag' retrieved from /opt/airflow/dags/groups/airflow_dag.py
[2024-08-17T08:37:25.961+0000] {logging_mixin.py:190} INFO - [2024-08-17T08:37:25.961+0000] {dag.py:3211} INFO - Sync 1 DAGs
[2024-08-17T08:37:25.978+0000] {logging_mixin.py:190} INFO - [2024-08-17T08:37:25.978+0000] {dag.py:4138} INFO - Setting next_dagrun for airflow_dag to 2024-08-17 00:00:00+00:00, run_after=2024-08-18 00:00:00+00:00
[2024-08-17T08:37:25.992+0000] {processor.py:208} INFO - Processing /opt/airflow/dags/groups/airflow_dag.py took 0.074 seconds
[2024-08-17T08:37:56.386+0000] {processor.py:186} INFO - Started process (PID=189) to work on /opt/airflow/dags/groups/airflow_dag.py
[2024-08-17T08:37:56.390+0000] {processor.py:914} INFO - Processing file /opt/airflow/dags/groups/airflow_dag.py for tasks to queue
[2024-08-17T08:37:56.393+0000] {logging_mixin.py:190} INFO - [2024-08-17T08:37:56.393+0000] {dagbag.py:587} INFO - Filling up the DagBag from /opt/airflow/dags/groups/airflow_dag.py
[2024-08-17T08:37:56.406+0000] {processor.py:925} INFO - DAG(s) 'airflow_dag' retrieved from /opt/airflow/dags/groups/airflow_dag.py
[2024-08-17T08:37:56.426+0000] {logging_mixin.py:190} INFO - [2024-08-17T08:37:56.426+0000] {dag.py:3211} INFO - Sync 1 DAGs
[2024-08-17T08:37:56.442+0000] {logging_mixin.py:190} INFO - [2024-08-17T08:37:56.442+0000] {dag.py:4138} INFO - Setting next_dagrun for airflow_dag to 2024-08-17 00:00:00+00:00, run_after=2024-08-18 00:00:00+00:00
[2024-08-17T08:37:56.457+0000] {processor.py:208} INFO - Processing /opt/airflow/dags/groups/airflow_dag.py took 0.078 seconds
