[2024-08-19T09:10:00.155+0000] {local_task_job_runner.py:123} INFO - ::group::Pre task execution logs
[2024-08-19T09:10:00.227+0000] {taskinstance.py:2603} INFO - Dependencies all met for dep_context=non-requeueable deps ti=<TaskInstance: postgres_to_data_lake_parquet_single_step.extract_and_load_data backfill__2023-07-03T00:00:00+00:00 [queued]>
[2024-08-19T09:10:00.241+0000] {taskinstance.py:2603} INFO - Dependencies all met for dep_context=requeueable deps ti=<TaskInstance: postgres_to_data_lake_parquet_single_step.extract_and_load_data backfill__2023-07-03T00:00:00+00:00 [queued]>
[2024-08-19T09:10:00.266+0000] {taskinstance.py:2856} INFO - Starting attempt 1 of 2
[2024-08-19T09:10:00.340+0000] {taskinstance.py:2879} INFO - Executing <Task(PythonOperator): extract_and_load_data> on 2023-07-03 00:00:00+00:00
[2024-08-19T09:10:00.371+0000] {logging_mixin.py:190} WARNING - /home/***/.local/lib/python3.12/site-packages/***/task/task_runner/standard_task_runner.py:70 DeprecationWarning: This process (pid=1087) is multi-threaded, use of fork() may lead to deadlocks in the child.
[2024-08-19T09:10:00.374+0000] {standard_task_runner.py:72} INFO - Started process 1116 to run task
[2024-08-19T09:10:00.365+0000] {standard_task_runner.py:104} INFO - Running: ['***', 'tasks', 'run', 'postgres_to_data_lake_parquet_single_step', 'extract_and_load_data', 'backfill__2023-07-03T00:00:00+00:00', '--job-id', '117', '--pool', 'default_pool', '--raw', '--subdir', 'DAGS_FOLDER/sales.py', '--cfg-path', '/tmp/tmpmrf8adde']
[2024-08-19T09:10:00.403+0000] {standard_task_runner.py:105} INFO - Job 117: Subtask extract_and_load_data
[2024-08-19T09:10:00.773+0000] {task_command.py:467} INFO - Running <TaskInstance: postgres_to_data_lake_parquet_single_step.extract_and_load_data backfill__2023-07-03T00:00:00+00:00 [running]> on host 70607853bfdd
[2024-08-19T09:10:01.138+0000] {taskinstance.py:3122} INFO - Exporting env vars: AIRFLOW_CTX_DAG_OWNER='***' AIRFLOW_CTX_DAG_ID='postgres_to_data_lake_parquet_single_step' AIRFLOW_CTX_TASK_ID='extract_and_load_data' AIRFLOW_CTX_EXECUTION_DATE='2023-07-03T00:00:00+00:00' AIRFLOW_CTX_TRY_NUMBER='1' AIRFLOW_CTX_DAG_RUN_ID='backfill__2023-07-03T00:00:00+00:00'
[2024-08-19T09:10:01.145+0000] {taskinstance.py:731} INFO - ::endgroup::
[2024-08-19T09:10:01.177+0000] {sales.py:34} INFO - Processing data for date: 2023-07-02
[2024-08-19T09:10:01.200+0000] {base.py:84} INFO - Retrieving connection 'azure_prod_db'
[2024-08-19T09:10:02.361+0000] {sales.py:48} INFO - Number of retrieved rows for 2023-07-02: 0
[2024-08-19T09:10:02.361+0000] {sales.py:55} INFO - No data found for 2023-07-02. Skipping upload.
[2024-08-19T09:10:02.362+0000] {python.py:240} INFO - Done. Returned value was: None
[2024-08-19T09:10:02.367+0000] {taskinstance.py:340} INFO - ::group::Post task execution logs
[2024-08-19T09:10:02.367+0000] {taskinstance.py:352} INFO - Marking task as SUCCESS. dag_id=postgres_to_data_lake_parquet_single_step, task_id=extract_and_load_data, run_id=backfill__2023-07-03T00:00:00+00:00, execution_date=20230703T000000, start_date=20240819T091000, end_date=20240819T091002
[2024-08-19T09:10:02.381+0000] {local_task_job_runner.py:261} INFO - Task exited with return code 0
[2024-08-19T09:10:02.391+0000] {taskinstance.py:3891} INFO - 0 downstream tasks scheduled from follow-on schedule check
[2024-08-19T09:10:02.392+0000] {local_task_job_runner.py:240} INFO - ::endgroup::
