[2024-08-17T00:30:10.071+0000] {local_task_job_runner.py:123} INFO - ::group::Pre task execution logs
[2024-08-17T00:30:10.511+0000] {taskinstance.py:2603} INFO - Dependencies all met for dep_context=non-requeueable deps ti=<TaskInstance: user_processing.create_table scheduled__2024-08-16T00:00:00+00:00 [queued]>
[2024-08-17T00:30:10.515+0000] {taskinstance.py:2603} INFO - Dependencies all met for dep_context=requeueable deps ti=<TaskInstance: user_processing.create_table scheduled__2024-08-16T00:00:00+00:00 [queued]>
[2024-08-17T00:30:10.515+0000] {taskinstance.py:2856} INFO - Starting attempt 1 of 1
[2024-08-17T00:30:10.520+0000] {taskinstance.py:2879} INFO - Executing <Task(PostgresOperator): create_table> on 2024-08-16 00:00:00+00:00
[2024-08-17T00:30:10.533+0000] {warnings.py:112} WARNING - /home/***/.local/lib/python3.12/site-packages/***/task/task_runner/standard_task_runner.py:70: DeprecationWarning: This process (pid=480) is multi-threaded, use of fork() may lead to deadlocks in the child.
  pid = os.fork()

[2024-08-17T00:30:10.534+0000] {standard_task_runner.py:72} INFO - Started process 486 to run task
[2024-08-17T00:30:10.535+0000] {standard_task_runner.py:104} INFO - Running: ['***', 'tasks', 'run', 'user_processing', 'create_table', 'scheduled__2024-08-16T00:00:00+00:00', '--job-id', '36', '--raw', '--subdir', 'DAGS_FOLDER/user_processing.py', '--cfg-path', '/tmp/tmp3xkvjqg5']
[2024-08-17T00:30:10.537+0000] {standard_task_runner.py:105} INFO - Job 36: Subtask create_table
[2024-08-17T00:30:10.563+0000] {task_command.py:467} INFO - Running <TaskInstance: user_processing.create_table scheduled__2024-08-16T00:00:00+00:00 [running]> on host 83013fdeb55d
[2024-08-17T00:30:10.611+0000] {taskinstance.py:3122} INFO - Exporting env vars: AIRFLOW_CTX_DAG_OWNER='***' AIRFLOW_CTX_DAG_ID='user_processing' AIRFLOW_CTX_TASK_ID='create_table' AIRFLOW_CTX_EXECUTION_DATE='2024-08-16T00:00:00+00:00' AIRFLOW_CTX_TRY_NUMBER='1' AIRFLOW_CTX_DAG_RUN_ID='scheduled__2024-08-16T00:00:00+00:00'
[2024-08-17T00:30:10.612+0000] {taskinstance.py:731} INFO - ::endgroup::
[2024-08-17T00:30:10.620+0000] {sql.py:282} INFO - Executing: 
        CREATE TABLE IF NOT EXISTS users (
            firstname TEXT NOT NULL,
            lastname TEXT NOT NULL,
            country TEXT NOT NULL,
            username TEXT NOT NULL,
            password TEXT NOT NULL,
            email TEXT NOT NULL,
            created_at TIMESTAMP NOT NULL
        );
        
[2024-08-17T00:30:10.631+0000] {base.py:84} INFO - Retrieving connection 'my_postgres'
[2024-08-17T00:30:10.635+0000] {base.py:84} INFO - Retrieving connection 'my_postgres'
[2024-08-17T00:30:10.637+0000] {sql.py:509} INFO - Running statement: 
        CREATE TABLE IF NOT EXISTS users (
            firstname TEXT NOT NULL,
            lastname TEXT NOT NULL,
            country TEXT NOT NULL,
            username TEXT NOT NULL,
            password TEXT NOT NULL,
            email TEXT NOT NULL,
            created_at TIMESTAMP NOT NULL
        );
        , parameters: None
[2024-08-17T00:30:10.645+0000] {taskinstance.py:340} INFO - ::group::Post task execution logs
[2024-08-17T00:30:10.645+0000] {taskinstance.py:352} INFO - Marking task as SUCCESS. dag_id=user_processing, task_id=create_table, run_id=scheduled__2024-08-16T00:00:00+00:00, execution_date=20240816T000000, start_date=20240817T003010, end_date=20240817T003010
[2024-08-17T00:30:10.675+0000] {local_task_job_runner.py:261} INFO - Task exited with return code 0
[2024-08-17T00:30:10.681+0000] {warnings.py:112} WARNING - /home/***/.local/lib/python3.12/site-packages/***/models/baseoperator.py:1378: AirflowProviderDeprecationWarning: Call to deprecated class PostgresOperator. (Please use `***.providers.common.sql.operators.sql.SQLExecuteQueryOperator`.Also, you can provide `hook_params={'schema': <database>}`.)
  result = cls.__new__(cls)

[2024-08-17T00:30:10.688+0000] {taskinstance.py:3891} INFO - 1 downstream tasks scheduled from follow-on schedule check
[2024-08-17T00:30:10.689+0000] {local_task_job_runner.py:240} INFO - ::endgroup::
