[2024-08-17T00:30:19.451+0000] {local_task_job_runner.py:123} INFO - ::group::Pre task execution logs
[2024-08-17T00:30:19.457+0000] {taskinstance.py:2603} INFO - Dependencies all met for dep_context=non-requeueable deps ti=<TaskInstance: parallel_dag.load_a scheduled__2024-08-16T00:00:00+00:00 [queued]>
[2024-08-17T00:30:19.460+0000] {taskinstance.py:2603} INFO - Dependencies all met for dep_context=requeueable deps ti=<TaskInstance: parallel_dag.load_a scheduled__2024-08-16T00:00:00+00:00 [queued]>
[2024-08-17T00:30:19.461+0000] {taskinstance.py:2856} INFO - Starting attempt 1 of 1
[2024-08-17T00:30:19.468+0000] {taskinstance.py:2879} INFO - Executing <Task(BashOperator): load_a> on 2024-08-16 00:00:00+00:00
[2024-08-17T00:30:19.471+0000] {warnings.py:112} WARNING - /home/***/.local/lib/python3.12/site-packages/***/task/task_runner/standard_task_runner.py:70: DeprecationWarning: This process (pid=515) is multi-threaded, use of fork() may lead to deadlocks in the child.
  pid = os.fork()

[2024-08-17T00:30:19.472+0000] {standard_task_runner.py:104} INFO - Running: ['***', 'tasks', 'run', 'parallel_dag', 'load_a', 'scheduled__2024-08-16T00:00:00+00:00', '--job-id', '42', '--raw', '--subdir', 'DAGS_FOLDER/parallel_dag.py', '--cfg-path', '/tmp/tmphlano549']
[2024-08-17T00:30:19.473+0000] {standard_task_runner.py:72} INFO - Started process 516 to run task
[2024-08-17T00:30:19.473+0000] {standard_task_runner.py:105} INFO - Job 42: Subtask load_a
[2024-08-17T00:30:19.499+0000] {task_command.py:467} INFO - Running <TaskInstance: parallel_dag.load_a scheduled__2024-08-16T00:00:00+00:00 [running]> on host 83013fdeb55d
[2024-08-17T00:30:19.533+0000] {taskinstance.py:3122} INFO - Exporting env vars: AIRFLOW_CTX_DAG_OWNER='***' AIRFLOW_CTX_DAG_ID='parallel_dag' AIRFLOW_CTX_TASK_ID='load_a' AIRFLOW_CTX_EXECUTION_DATE='2024-08-16T00:00:00+00:00' AIRFLOW_CTX_TRY_NUMBER='1' AIRFLOW_CTX_DAG_RUN_ID='scheduled__2024-08-16T00:00:00+00:00'
[2024-08-17T00:30:19.534+0000] {taskinstance.py:731} INFO - ::endgroup::
[2024-08-17T00:30:19.541+0000] {subprocess.py:63} INFO - Tmp dir root location: /tmp
[2024-08-17T00:30:19.541+0000] {subprocess.py:75} INFO - Running command: ['/usr/bin/bash', '-c', 'sleep 10']
[2024-08-17T00:30:19.545+0000] {subprocess.py:86} INFO - Output:
[2024-08-17T00:30:29.555+0000] {subprocess.py:97} INFO - Command exited with return code 0
[2024-08-17T00:30:29.578+0000] {taskinstance.py:340} INFO - ::group::Post task execution logs
[2024-08-17T00:30:29.579+0000] {taskinstance.py:352} INFO - Marking task as SUCCESS. dag_id=parallel_dag, task_id=load_a, run_id=scheduled__2024-08-16T00:00:00+00:00, execution_date=20240816T000000, start_date=20240817T003019, end_date=20240817T003029
[2024-08-17T00:30:29.616+0000] {local_task_job_runner.py:261} INFO - Task exited with return code 0
[2024-08-17T00:30:29.627+0000] {taskinstance.py:3891} INFO - 1 downstream tasks scheduled from follow-on schedule check
[2024-08-17T00:30:29.627+0000] {local_task_job_runner.py:240} INFO - ::endgroup::
