[2024-08-16T05:45:23.895+0000] {local_task_job_runner.py:123} INFO - ::group::Pre task execution logs
[2024-08-16T05:45:23.907+0000] {taskinstance.py:2603} INFO - Dependencies all met for dep_context=non-requeueable deps ti=<TaskInstance: user_processing.extract_user scheduled__2024-08-15T00:00:00+00:00 [queued]>
[2024-08-16T05:45:23.913+0000] {taskinstance.py:2603} INFO - Dependencies all met for dep_context=requeueable deps ti=<TaskInstance: user_processing.extract_user scheduled__2024-08-15T00:00:00+00:00 [queued]>
[2024-08-16T05:45:23.913+0000] {taskinstance.py:2856} INFO - Starting attempt 1 of 1
[2024-08-16T05:45:23.920+0000] {taskinstance.py:2879} INFO - Executing <Task(SimpleHttpOperator): extract_user> on 2024-08-15 00:00:00+00:00
[2024-08-16T05:45:23.923+0000] {warnings.py:112} WARNING - /home/***/.local/lib/python3.12/site-packages/***/task/task_runner/standard_task_runner.py:70: DeprecationWarning: This process (pid=1036) is multi-threaded, use of fork() may lead to deadlocks in the child.
  pid = os.fork()

[2024-08-16T05:45:23.924+0000] {standard_task_runner.py:72} INFO - Started process 1038 to run task
[2024-08-16T05:45:23.925+0000] {standard_task_runner.py:104} INFO - Running: ['***', 'tasks', 'run', 'user_processing', 'extract_user', 'scheduled__2024-08-15T00:00:00+00:00', '--job-id', '5', '--raw', '--subdir', 'DAGS_FOLDER/user_processing.py', '--cfg-path', '/tmp/tmp08k1lro4']
[2024-08-16T05:45:23.925+0000] {standard_task_runner.py:105} INFO - Job 5: Subtask extract_user
[2024-08-16T05:45:23.951+0000] {task_command.py:467} INFO - Running <TaskInstance: user_processing.extract_user scheduled__2024-08-15T00:00:00+00:00 [running]> on host 891000986bfd
[2024-08-16T05:45:23.990+0000] {taskinstance.py:3122} INFO - Exporting env vars: AIRFLOW_CTX_DAG_OWNER='***' AIRFLOW_CTX_DAG_ID='user_processing' AIRFLOW_CTX_TASK_ID='extract_user' AIRFLOW_CTX_EXECUTION_DATE='2024-08-15T00:00:00+00:00' AIRFLOW_CTX_TRY_NUMBER='1' AIRFLOW_CTX_DAG_RUN_ID='scheduled__2024-08-15T00:00:00+00:00'
[2024-08-16T05:45:23.991+0000] {logging_mixin.py:190} INFO - Task instance is in running state
[2024-08-16T05:45:23.992+0000] {logging_mixin.py:190} INFO -  Previous state of the Task instance: queued
[2024-08-16T05:45:23.992+0000] {logging_mixin.py:190} INFO - Current task name:extract_user state:running start_date:2024-08-16 05:45:23.908290+00:00
[2024-08-16T05:45:23.992+0000] {logging_mixin.py:190} INFO - Dag name:user_processing and current dag run status:running
[2024-08-16T05:45:23.992+0000] {taskinstance.py:731} INFO - ::endgroup::
[2024-08-16T05:45:23.992+0000] {http.py:173} INFO - Calling HTTP method
[2024-08-16T05:45:23.996+0000] {base.py:84} INFO - Retrieving connection 'user_api'
[2024-08-16T05:45:24.000+0000] {base.py:84} INFO - Retrieving connection 'user_api'
[2024-08-16T05:45:24.254+0000] {http.py:222} INFO - {"results":[{"gender":"female","name":{"title":"Miss","first":"Freya","last":"Skogly"},"location":{"street":{"number":8983,"name":"Lovisenlund"},"city":"Vadfoss","state":"Bergen","country":"Norway","postcode":"5849","coordinates":{"latitude":"41.7063","longitude":"43.1322"},"timezone":{"offset":"+11:00","description":"Magadan, Solomon Islands, New Caledonia"}},"email":"freya.skogly@example.com","login":{"uuid":"5c4fe8e1-1b7c-4e1e-acb4-43a55b9a199c","username":"brownfish283","password":"playball","salt":"SCW4g4jY","md5":"4afd999f71cf9f030d325e4ac901dc3a","sha1":"7c0ce1c9f9109ec229609cfe6114ec4af6110669","sha256":"9e1d58ba140b7274eea4572b35acd724b0600297d650236e462c5009303195a8"},"dob":{"date":"1981-05-25T05:30:11.934Z","age":43},"registered":{"date":"2009-05-21T18:38:03.936Z","age":15},"phone":"76606579","cell":"48159646","id":{"name":"FN","value":"25058113053"},"picture":{"large":"https://randomuser.me/api/portraits/women/31.jpg","medium":"https://randomuser.me/api/portraits/med/women/31.jpg","thumbnail":"https://randomuser.me/api/portraits/thumb/women/31.jpg"},"nat":"NO"}],"info":{"seed":"b8d229dc9bdf0faa","results":1,"page":1,"version":"1.4"}}
[2024-08-16T05:45:24.280+0000] {taskinstance.py:340} INFO - ::group::Post task execution logs
[2024-08-16T05:45:24.280+0000] {taskinstance.py:352} INFO - Marking task as SUCCESS. dag_id=user_processing, task_id=extract_user, run_id=scheduled__2024-08-15T00:00:00+00:00, execution_date=20240815T000000, start_date=20240816T054523, end_date=20240816T054524
[2024-08-16T05:45:24.286+0000] {logging_mixin.py:190} INFO - Task instance in success state
[2024-08-16T05:45:24.287+0000] {logging_mixin.py:190} INFO -  Previous state of the Task instance: running
[2024-08-16T05:45:24.287+0000] {logging_mixin.py:190} INFO - Dag name:user_processing queued_at:2024-08-16 05:45:18.090353+00:00
[2024-08-16T05:45:24.287+0000] {logging_mixin.py:190} INFO - Task hostname:891000986bfd operator:SimpleHttpOperator
[2024-08-16T05:45:24.326+0000] {local_task_job_runner.py:261} INFO - Task exited with return code 0
[2024-08-16T05:45:24.335+0000] {warnings.py:112} WARNING - /home/***/.local/lib/python3.12/site-packages/***/models/baseoperator.py:1378: AirflowProviderDeprecationWarning: Call to deprecated class SimpleHttpOperator. (Class `SimpleHttpOperator` is deprecated and will be removed in a future release. Please use `HttpOperator` instead.)
  result = cls.__new__(cls)

[2024-08-16T05:45:24.347+0000] {taskinstance.py:3891} INFO - 1 downstream tasks scheduled from follow-on schedule check
[2024-08-16T05:45:24.348+0000] {local_task_job_runner.py:240} INFO - ::endgroup::
