[2024-08-16T09:41:50.833+0000] {processor.py:186} INFO - Started process (PID=431) to work on /opt/airflow/dags/group_dags.py
[2024-08-16T09:41:50.834+0000] {processor.py:914} INFO - Processing file /opt/airflow/dags/group_dags.py for tasks to queue
[2024-08-16T09:41:50.835+0000] {logging_mixin.py:190} INFO - [2024-08-16T09:41:50.835+0000] {dagbag.py:587} INFO - Filling up the DagBag from /opt/airflow/dags/group_dags.py
[2024-08-16T09:41:50.848+0000] {processor.py:925} INFO - DAG(s) 'group_dag' retrieved from /opt/airflow/dags/group_dags.py
[2024-08-16T09:41:50.925+0000] {logging_mixin.py:190} INFO - [2024-08-16T09:41:50.924+0000] {override.py:1858} INFO - Created Permission View: can delete on DAG:group_dag
[2024-08-16T09:41:50.929+0000] {logging_mixin.py:190} INFO - [2024-08-16T09:41:50.929+0000] {override.py:1858} INFO - Created Permission View: can edit on DAG:group_dag
[2024-08-16T09:41:50.932+0000] {logging_mixin.py:190} INFO - [2024-08-16T09:41:50.932+0000] {override.py:1858} INFO - Created Permission View: can read on DAG:group_dag
[2024-08-16T09:41:50.932+0000] {logging_mixin.py:190} INFO - [2024-08-16T09:41:50.932+0000] {dag.py:3211} INFO - Sync 1 DAGs
[2024-08-16T09:41:50.940+0000] {logging_mixin.py:190} INFO - [2024-08-16T09:41:50.940+0000] {dag.py:3234} INFO - Creating ORM DAG for group_dag
[2024-08-16T09:41:50.946+0000] {logging_mixin.py:190} INFO - [2024-08-16T09:41:50.946+0000] {dag.py:4138} INFO - Setting next_dagrun for group_dag to 2024-08-15 00:00:00+00:00, run_after=2024-08-16 00:00:00+00:00
[2024-08-16T09:41:50.954+0000] {processor.py:208} INFO - Processing /opt/airflow/dags/group_dags.py took 0.127 seconds
[2024-08-16T09:42:21.280+0000] {processor.py:186} INFO - Started process (PID=441) to work on /opt/airflow/dags/group_dags.py
[2024-08-16T09:42:21.281+0000] {processor.py:914} INFO - Processing file /opt/airflow/dags/group_dags.py for tasks to queue
[2024-08-16T09:42:21.283+0000] {logging_mixin.py:190} INFO - [2024-08-16T09:42:21.283+0000] {dagbag.py:587} INFO - Filling up the DagBag from /opt/airflow/dags/group_dags.py
[2024-08-16T09:42:21.296+0000] {processor.py:925} INFO - DAG(s) 'group_dag' retrieved from /opt/airflow/dags/group_dags.py
[2024-08-16T09:42:21.313+0000] {logging_mixin.py:190} INFO - [2024-08-16T09:42:21.313+0000] {dag.py:3211} INFO - Sync 1 DAGs
[2024-08-16T09:42:21.328+0000] {logging_mixin.py:190} INFO - [2024-08-16T09:42:21.327+0000] {dag.py:4138} INFO - Setting next_dagrun for group_dag to 2024-08-15 00:00:00+00:00, run_after=2024-08-16 00:00:00+00:00
[2024-08-16T09:42:21.337+0000] {processor.py:208} INFO - Processing /opt/airflow/dags/group_dags.py took 0.064 seconds
[2024-08-16T09:42:51.678+0000] {processor.py:186} INFO - Started process (PID=451) to work on /opt/airflow/dags/group_dags.py
[2024-08-16T09:42:51.679+0000] {processor.py:914} INFO - Processing file /opt/airflow/dags/group_dags.py for tasks to queue
[2024-08-16T09:42:51.681+0000] {logging_mixin.py:190} INFO - [2024-08-16T09:42:51.680+0000] {dagbag.py:587} INFO - Filling up the DagBag from /opt/airflow/dags/group_dags.py
[2024-08-16T09:42:51.693+0000] {processor.py:925} INFO - DAG(s) 'group_dag' retrieved from /opt/airflow/dags/group_dags.py
[2024-08-16T09:42:51.713+0000] {logging_mixin.py:190} INFO - [2024-08-16T09:42:51.713+0000] {dag.py:3211} INFO - Sync 1 DAGs
[2024-08-16T09:42:51.730+0000] {logging_mixin.py:190} INFO - [2024-08-16T09:42:51.729+0000] {dag.py:4138} INFO - Setting next_dagrun for group_dag to 2024-08-15 00:00:00+00:00, run_after=2024-08-16 00:00:00+00:00
[2024-08-16T09:42:51.740+0000] {processor.py:208} INFO - Processing /opt/airflow/dags/group_dags.py took 0.069 seconds
[2024-08-16T09:43:22.102+0000] {processor.py:186} INFO - Started process (PID=461) to work on /opt/airflow/dags/group_dags.py
[2024-08-16T09:43:22.103+0000] {processor.py:914} INFO - Processing file /opt/airflow/dags/group_dags.py for tasks to queue
[2024-08-16T09:43:22.106+0000] {logging_mixin.py:190} INFO - [2024-08-16T09:43:22.106+0000] {dagbag.py:587} INFO - Filling up the DagBag from /opt/airflow/dags/group_dags.py
[2024-08-16T09:43:22.118+0000] {processor.py:925} INFO - DAG(s) 'group_dag' retrieved from /opt/airflow/dags/group_dags.py
[2024-08-16T09:43:22.140+0000] {logging_mixin.py:190} INFO - [2024-08-16T09:43:22.140+0000] {dag.py:3211} INFO - Sync 1 DAGs
[2024-08-16T09:43:22.157+0000] {logging_mixin.py:190} INFO - [2024-08-16T09:43:22.156+0000] {dag.py:4138} INFO - Setting next_dagrun for group_dag to 2024-08-15 00:00:00+00:00, run_after=2024-08-16 00:00:00+00:00
[2024-08-16T09:43:22.166+0000] {processor.py:208} INFO - Processing /opt/airflow/dags/group_dags.py took 0.071 seconds
[2024-08-16T09:43:52.544+0000] {processor.py:186} INFO - Started process (PID=470) to work on /opt/airflow/dags/group_dags.py
[2024-08-16T09:43:52.544+0000] {processor.py:914} INFO - Processing file /opt/airflow/dags/group_dags.py for tasks to queue
[2024-08-16T09:43:52.547+0000] {logging_mixin.py:190} INFO - [2024-08-16T09:43:52.547+0000] {dagbag.py:587} INFO - Filling up the DagBag from /opt/airflow/dags/group_dags.py
[2024-08-16T09:43:52.559+0000] {processor.py:925} INFO - DAG(s) 'group_dag' retrieved from /opt/airflow/dags/group_dags.py
[2024-08-16T09:43:52.579+0000] {logging_mixin.py:190} INFO - [2024-08-16T09:43:52.579+0000] {dag.py:3211} INFO - Sync 1 DAGs
[2024-08-16T09:43:52.596+0000] {logging_mixin.py:190} INFO - [2024-08-16T09:43:52.596+0000] {dag.py:4138} INFO - Setting next_dagrun for group_dag to 2024-08-15 00:00:00+00:00, run_after=2024-08-16 00:00:00+00:00
[2024-08-16T09:43:52.607+0000] {processor.py:208} INFO - Processing /opt/airflow/dags/group_dags.py took 0.070 seconds
[2024-08-16T09:44:22.963+0000] {processor.py:186} INFO - Started process (PID=480) to work on /opt/airflow/dags/group_dags.py
[2024-08-16T09:44:22.964+0000] {processor.py:914} INFO - Processing file /opt/airflow/dags/group_dags.py for tasks to queue
[2024-08-16T09:44:22.966+0000] {logging_mixin.py:190} INFO - [2024-08-16T09:44:22.966+0000] {dagbag.py:587} INFO - Filling up the DagBag from /opt/airflow/dags/group_dags.py
[2024-08-16T09:44:22.979+0000] {processor.py:925} INFO - DAG(s) 'group_dag' retrieved from /opt/airflow/dags/group_dags.py
[2024-08-16T09:44:22.998+0000] {logging_mixin.py:190} INFO - [2024-08-16T09:44:22.998+0000] {dag.py:3211} INFO - Sync 1 DAGs
[2024-08-16T09:44:23.016+0000] {logging_mixin.py:190} INFO - [2024-08-16T09:44:23.016+0000] {dag.py:4138} INFO - Setting next_dagrun for group_dag to 2024-08-15 00:00:00+00:00, run_after=2024-08-16 00:00:00+00:00
[2024-08-16T09:44:23.026+0000] {processor.py:208} INFO - Processing /opt/airflow/dags/group_dags.py took 0.070 seconds
[2024-08-16T09:44:53.462+0000] {processor.py:186} INFO - Started process (PID=490) to work on /opt/airflow/dags/group_dags.py
[2024-08-16T09:44:53.463+0000] {processor.py:914} INFO - Processing file /opt/airflow/dags/group_dags.py for tasks to queue
[2024-08-16T09:44:53.466+0000] {logging_mixin.py:190} INFO - [2024-08-16T09:44:53.466+0000] {dagbag.py:587} INFO - Filling up the DagBag from /opt/airflow/dags/group_dags.py
[2024-08-16T09:44:53.480+0000] {processor.py:925} INFO - DAG(s) 'group_dag' retrieved from /opt/airflow/dags/group_dags.py
[2024-08-16T09:44:53.501+0000] {logging_mixin.py:190} INFO - [2024-08-16T09:44:53.501+0000] {dag.py:3211} INFO - Sync 1 DAGs
[2024-08-16T09:44:53.525+0000] {logging_mixin.py:190} INFO - [2024-08-16T09:44:53.524+0000] {dag.py:4138} INFO - Setting next_dagrun for group_dag to 2024-08-15 00:00:00+00:00, run_after=2024-08-16 00:00:00+00:00
[2024-08-16T09:44:53.537+0000] {processor.py:208} INFO - Processing /opt/airflow/dags/group_dags.py took 0.082 seconds
[2024-08-16T09:45:23.868+0000] {processor.py:186} INFO - Started process (PID=500) to work on /opt/airflow/dags/group_dags.py
[2024-08-16T09:45:23.870+0000] {processor.py:914} INFO - Processing file /opt/airflow/dags/group_dags.py for tasks to queue
[2024-08-16T09:45:23.875+0000] {logging_mixin.py:190} INFO - [2024-08-16T09:45:23.873+0000] {dagbag.py:587} INFO - Filling up the DagBag from /opt/airflow/dags/group_dags.py
[2024-08-16T09:45:23.905+0000] {processor.py:925} INFO - DAG(s) 'group_dag' retrieved from /opt/airflow/dags/group_dags.py
[2024-08-16T09:45:23.933+0000] {logging_mixin.py:190} INFO - [2024-08-16T09:45:23.932+0000] {dag.py:3211} INFO - Sync 1 DAGs
[2024-08-16T09:45:23.960+0000] {logging_mixin.py:190} INFO - [2024-08-16T09:45:23.959+0000] {dag.py:4138} INFO - Setting next_dagrun for group_dag to 2024-08-15 00:00:00+00:00, run_after=2024-08-16 00:00:00+00:00
[2024-08-16T09:45:23.978+0000] {processor.py:208} INFO - Processing /opt/airflow/dags/group_dags.py took 0.117 seconds
[2024-08-16T09:45:54.310+0000] {processor.py:186} INFO - Started process (PID=510) to work on /opt/airflow/dags/group_dags.py
[2024-08-16T09:45:54.311+0000] {processor.py:914} INFO - Processing file /opt/airflow/dags/group_dags.py for tasks to queue
[2024-08-16T09:45:54.314+0000] {logging_mixin.py:190} INFO - [2024-08-16T09:45:54.314+0000] {dagbag.py:587} INFO - Filling up the DagBag from /opt/airflow/dags/group_dags.py
[2024-08-16T09:45:54.326+0000] {processor.py:925} INFO - DAG(s) 'group_dag' retrieved from /opt/airflow/dags/group_dags.py
[2024-08-16T09:45:54.346+0000] {logging_mixin.py:190} INFO - [2024-08-16T09:45:54.346+0000] {dag.py:3211} INFO - Sync 1 DAGs
[2024-08-16T09:45:54.363+0000] {logging_mixin.py:190} INFO - [2024-08-16T09:45:54.362+0000] {dag.py:4138} INFO - Setting next_dagrun for group_dag to 2024-08-15 00:00:00+00:00, run_after=2024-08-16 00:00:00+00:00
[2024-08-16T09:45:54.373+0000] {processor.py:208} INFO - Processing /opt/airflow/dags/group_dags.py took 0.070 seconds
[2024-08-16T09:46:24.774+0000] {processor.py:186} INFO - Started process (PID=520) to work on /opt/airflow/dags/group_dags.py
[2024-08-16T09:46:24.775+0000] {processor.py:914} INFO - Processing file /opt/airflow/dags/group_dags.py for tasks to queue
[2024-08-16T09:46:24.777+0000] {logging_mixin.py:190} INFO - [2024-08-16T09:46:24.777+0000] {dagbag.py:587} INFO - Filling up the DagBag from /opt/airflow/dags/group_dags.py
[2024-08-16T09:46:24.789+0000] {processor.py:925} INFO - DAG(s) 'group_dag' retrieved from /opt/airflow/dags/group_dags.py
[2024-08-16T09:46:24.809+0000] {logging_mixin.py:190} INFO - [2024-08-16T09:46:24.808+0000] {dag.py:3211} INFO - Sync 1 DAGs
[2024-08-16T09:46:24.825+0000] {logging_mixin.py:190} INFO - [2024-08-16T09:46:24.825+0000] {dag.py:4138} INFO - Setting next_dagrun for group_dag to 2024-08-15 00:00:00+00:00, run_after=2024-08-16 00:00:00+00:00
[2024-08-16T09:46:24.836+0000] {processor.py:208} INFO - Processing /opt/airflow/dags/group_dags.py took 0.068 seconds
[2024-08-16T09:46:54.868+0000] {processor.py:186} INFO - Started process (PID=529) to work on /opt/airflow/dags/group_dags.py
[2024-08-16T09:46:54.872+0000] {processor.py:914} INFO - Processing file /opt/airflow/dags/group_dags.py for tasks to queue
[2024-08-16T09:46:54.875+0000] {logging_mixin.py:190} INFO - [2024-08-16T09:46:54.874+0000] {dagbag.py:587} INFO - Filling up the DagBag from /opt/airflow/dags/group_dags.py
[2024-08-16T09:46:54.891+0000] {processor.py:925} INFO - DAG(s) 'group_dag' retrieved from /opt/airflow/dags/group_dags.py
[2024-08-16T09:46:54.919+0000] {logging_mixin.py:190} INFO - [2024-08-16T09:46:54.919+0000] {dag.py:3211} INFO - Sync 1 DAGs
[2024-08-16T09:46:54.949+0000] {logging_mixin.py:190} INFO - [2024-08-16T09:46:54.949+0000] {dag.py:4138} INFO - Setting next_dagrun for group_dag to 2024-08-15 00:00:00+00:00, run_after=2024-08-16 00:00:00+00:00
[2024-08-16T09:46:54.963+0000] {processor.py:208} INFO - Processing /opt/airflow/dags/group_dags.py took 0.103 seconds
[2024-08-16T09:48:37.088+0000] {processor.py:186} INFO - Started process (PID=541) to work on /opt/airflow/dags/group_dags.py
[2024-08-16T09:48:37.106+0000] {processor.py:914} INFO - Processing file /opt/airflow/dags/group_dags.py for tasks to queue
[2024-08-16T09:48:37.112+0000] {logging_mixin.py:190} INFO - [2024-08-16T09:48:37.111+0000] {dagbag.py:587} INFO - Filling up the DagBag from /opt/airflow/dags/group_dags.py
[2024-08-16T09:48:37.143+0000] {processor.py:925} INFO - DAG(s) 'group_dag' retrieved from /opt/airflow/dags/group_dags.py
[2024-08-16T09:48:37.185+0000] {logging_mixin.py:190} INFO - [2024-08-16T09:48:37.184+0000] {dag.py:3211} INFO - Sync 1 DAGs
[2024-08-16T09:48:37.214+0000] {logging_mixin.py:190} INFO - [2024-08-16T09:48:37.214+0000] {dag.py:4138} INFO - Setting next_dagrun for group_dag to 2024-08-15 00:00:00+00:00, run_after=2024-08-16 00:00:00+00:00
[2024-08-16T09:48:37.228+0000] {processor.py:208} INFO - Processing /opt/airflow/dags/group_dags.py took 0.148 seconds
[2024-08-16T10:20:04.624+0000] {processor.py:186} INFO - Started process (PID=552) to work on /opt/airflow/dags/group_dags.py
[2024-08-16T10:20:04.634+0000] {processor.py:914} INFO - Processing file /opt/airflow/dags/group_dags.py for tasks to queue
[2024-08-16T10:20:04.639+0000] {logging_mixin.py:190} INFO - [2024-08-16T10:20:04.638+0000] {dagbag.py:587} INFO - Filling up the DagBag from /opt/airflow/dags/group_dags.py
[2024-08-16T10:20:04.667+0000] {processor.py:925} INFO - DAG(s) 'group_dag' retrieved from /opt/airflow/dags/group_dags.py
[2024-08-16T10:20:04.713+0000] {logging_mixin.py:190} INFO - [2024-08-16T10:20:04.713+0000] {dag.py:3211} INFO - Sync 1 DAGs
[2024-08-16T10:20:04.741+0000] {logging_mixin.py:190} INFO - [2024-08-16T10:20:04.741+0000] {dag.py:4138} INFO - Setting next_dagrun for group_dag to 2024-08-15 00:00:00+00:00, run_after=2024-08-16 00:00:00+00:00
[2024-08-16T10:20:04.760+0000] {processor.py:208} INFO - Processing /opt/airflow/dags/group_dags.py took 0.158 seconds
[2024-08-16T11:05:38.393+0000] {processor.py:186} INFO - Started process (PID=563) to work on /opt/airflow/dags/group_dags.py
[2024-08-16T11:05:38.395+0000] {processor.py:914} INFO - Processing file /opt/airflow/dags/group_dags.py for tasks to queue
[2024-08-16T11:05:38.398+0000] {logging_mixin.py:190} INFO - [2024-08-16T11:05:38.398+0000] {dagbag.py:587} INFO - Filling up the DagBag from /opt/airflow/dags/group_dags.py
[2024-08-16T11:05:38.418+0000] {processor.py:925} INFO - DAG(s) 'group_dag' retrieved from /opt/airflow/dags/group_dags.py
[2024-08-16T11:05:38.445+0000] {logging_mixin.py:190} INFO - [2024-08-16T11:05:38.445+0000] {dag.py:3211} INFO - Sync 1 DAGs
[2024-08-16T11:05:38.465+0000] {logging_mixin.py:190} INFO - [2024-08-16T11:05:38.465+0000] {dag.py:4138} INFO - Setting next_dagrun for group_dag to 2024-08-15 00:00:00+00:00, run_after=2024-08-16 00:00:00+00:00
[2024-08-16T11:05:38.482+0000] {processor.py:208} INFO - Processing /opt/airflow/dags/group_dags.py took 0.096 seconds
[2024-08-16T11:47:54.553+0000] {processor.py:186} INFO - Started process (PID=574) to work on /opt/airflow/dags/group_dags.py
[2024-08-16T11:47:54.555+0000] {processor.py:914} INFO - Processing file /opt/airflow/dags/group_dags.py for tasks to queue
[2024-08-16T11:47:54.559+0000] {logging_mixin.py:190} INFO - [2024-08-16T11:47:54.559+0000] {dagbag.py:587} INFO - Filling up the DagBag from /opt/airflow/dags/group_dags.py
[2024-08-16T11:47:54.588+0000] {processor.py:925} INFO - DAG(s) 'group_dag' retrieved from /opt/airflow/dags/group_dags.py
[2024-08-16T11:47:54.635+0000] {logging_mixin.py:190} INFO - [2024-08-16T11:47:54.635+0000] {dag.py:3211} INFO - Sync 1 DAGs
[2024-08-16T11:47:54.666+0000] {logging_mixin.py:190} INFO - [2024-08-16T11:47:54.666+0000] {dag.py:4138} INFO - Setting next_dagrun for group_dag to 2024-08-15 00:00:00+00:00, run_after=2024-08-16 00:00:00+00:00
[2024-08-16T11:47:54.688+0000] {processor.py:208} INFO - Processing /opt/airflow/dags/group_dags.py took 0.145 seconds
[2024-08-16T14:50:52.487+0000] {processor.py:186} INFO - Started process (PID=585) to work on /opt/airflow/dags/group_dags.py
[2024-08-16T14:50:52.489+0000] {processor.py:914} INFO - Processing file /opt/airflow/dags/group_dags.py for tasks to queue
[2024-08-16T14:50:52.492+0000] {logging_mixin.py:190} INFO - [2024-08-16T14:50:52.492+0000] {dagbag.py:587} INFO - Filling up the DagBag from /opt/airflow/dags/group_dags.py
[2024-08-16T14:50:52.510+0000] {processor.py:925} INFO - DAG(s) 'group_dag' retrieved from /opt/airflow/dags/group_dags.py
[2024-08-16T14:50:52.533+0000] {logging_mixin.py:190} INFO - [2024-08-16T14:50:52.533+0000] {dag.py:3211} INFO - Sync 1 DAGs
[2024-08-16T14:50:52.552+0000] {logging_mixin.py:190} INFO - [2024-08-16T14:50:52.552+0000] {dag.py:4138} INFO - Setting next_dagrun for group_dag to 2024-08-15 00:00:00+00:00, run_after=2024-08-16 00:00:00+00:00
[2024-08-16T14:50:52.567+0000] {processor.py:208} INFO - Processing /opt/airflow/dags/group_dags.py took 0.084 seconds
[2024-08-16T17:07:19.092+0000] {processor.py:186} INFO - Started process (PID=596) to work on /opt/airflow/dags/group_dags.py
[2024-08-16T17:07:19.096+0000] {processor.py:914} INFO - Processing file /opt/airflow/dags/group_dags.py for tasks to queue
[2024-08-16T17:07:19.099+0000] {logging_mixin.py:190} INFO - [2024-08-16T17:07:19.099+0000] {dagbag.py:587} INFO - Filling up the DagBag from /opt/airflow/dags/group_dags.py
[2024-08-16T17:07:19.129+0000] {processor.py:925} INFO - DAG(s) 'group_dag' retrieved from /opt/airflow/dags/group_dags.py
[2024-08-16T17:07:19.165+0000] {logging_mixin.py:190} INFO - [2024-08-16T17:07:19.165+0000] {dag.py:3211} INFO - Sync 1 DAGs
[2024-08-16T17:07:19.191+0000] {logging_mixin.py:190} INFO - [2024-08-16T17:07:19.191+0000] {dag.py:4138} INFO - Setting next_dagrun for group_dag to 2024-08-15 00:00:00+00:00, run_after=2024-08-16 00:00:00+00:00
[2024-08-16T17:07:19.209+0000] {processor.py:208} INFO - Processing /opt/airflow/dags/group_dags.py took 0.127 seconds
[2024-08-16T19:14:37.670+0000] {processor.py:186} INFO - Started process (PID=607) to work on /opt/airflow/dags/group_dags.py
[2024-08-16T19:14:37.674+0000] {processor.py:914} INFO - Processing file /opt/airflow/dags/group_dags.py for tasks to queue
[2024-08-16T19:14:37.678+0000] {logging_mixin.py:190} INFO - [2024-08-16T19:14:37.677+0000] {dagbag.py:587} INFO - Filling up the DagBag from /opt/airflow/dags/group_dags.py
[2024-08-16T19:14:37.699+0000] {processor.py:925} INFO - DAG(s) 'group_dag' retrieved from /opt/airflow/dags/group_dags.py
[2024-08-16T19:14:37.727+0000] {logging_mixin.py:190} INFO - [2024-08-16T19:14:37.727+0000] {dag.py:3211} INFO - Sync 1 DAGs
[2024-08-16T19:14:37.748+0000] {logging_mixin.py:190} INFO - [2024-08-16T19:14:37.748+0000] {dag.py:4138} INFO - Setting next_dagrun for group_dag to 2024-08-15 00:00:00+00:00, run_after=2024-08-16 00:00:00+00:00
[2024-08-16T19:14:37.767+0000] {processor.py:208} INFO - Processing /opt/airflow/dags/group_dags.py took 0.104 seconds
[2024-08-16T19:47:48.951+0000] {processor.py:186} INFO - Started process (PID=618) to work on /opt/airflow/dags/group_dags.py
[2024-08-16T19:47:48.953+0000] {processor.py:914} INFO - Processing file /opt/airflow/dags/group_dags.py for tasks to queue
[2024-08-16T19:47:48.956+0000] {logging_mixin.py:190} INFO - [2024-08-16T19:47:48.956+0000] {dagbag.py:587} INFO - Filling up the DagBag from /opt/airflow/dags/group_dags.py
[2024-08-16T19:47:48.974+0000] {processor.py:925} INFO - DAG(s) 'group_dag' retrieved from /opt/airflow/dags/group_dags.py
[2024-08-16T19:47:49.004+0000] {logging_mixin.py:190} INFO - [2024-08-16T19:47:49.004+0000] {dag.py:3211} INFO - Sync 1 DAGs
[2024-08-16T19:47:49.042+0000] {logging_mixin.py:190} INFO - [2024-08-16T19:47:49.042+0000] {dag.py:4138} INFO - Setting next_dagrun for group_dag to 2024-08-15 00:00:00+00:00, run_after=2024-08-16 00:00:00+00:00
[2024-08-16T19:47:49.061+0000] {processor.py:208} INFO - Processing /opt/airflow/dags/group_dags.py took 0.117 seconds
[2024-08-16T20:48:24.314+0000] {processor.py:186} INFO - Started process (PID=629) to work on /opt/airflow/dags/group_dags.py
[2024-08-16T20:48:24.316+0000] {processor.py:914} INFO - Processing file /opt/airflow/dags/group_dags.py for tasks to queue
[2024-08-16T20:48:24.319+0000] {logging_mixin.py:190} INFO - [2024-08-16T20:48:24.318+0000] {dagbag.py:587} INFO - Filling up the DagBag from /opt/airflow/dags/group_dags.py
[2024-08-16T20:48:24.340+0000] {processor.py:925} INFO - DAG(s) 'group_dag' retrieved from /opt/airflow/dags/group_dags.py
[2024-08-16T20:48:24.375+0000] {logging_mixin.py:190} INFO - [2024-08-16T20:48:24.375+0000] {dag.py:3211} INFO - Sync 1 DAGs
[2024-08-16T20:48:24.405+0000] {logging_mixin.py:190} INFO - [2024-08-16T20:48:24.405+0000] {dag.py:4138} INFO - Setting next_dagrun for group_dag to 2024-08-15 00:00:00+00:00, run_after=2024-08-16 00:00:00+00:00
[2024-08-16T20:48:24.425+0000] {processor.py:208} INFO - Processing /opt/airflow/dags/group_dags.py took 0.118 seconds
[2024-08-16T21:18:56.809+0000] {processor.py:186} INFO - Started process (PID=640) to work on /opt/airflow/dags/group_dags.py
[2024-08-16T21:18:56.810+0000] {processor.py:914} INFO - Processing file /opt/airflow/dags/group_dags.py for tasks to queue
[2024-08-16T21:18:56.814+0000] {logging_mixin.py:190} INFO - [2024-08-16T21:18:56.814+0000] {dagbag.py:587} INFO - Filling up the DagBag from /opt/airflow/dags/group_dags.py
[2024-08-16T21:18:56.836+0000] {processor.py:925} INFO - DAG(s) 'group_dag' retrieved from /opt/airflow/dags/group_dags.py
[2024-08-16T21:18:56.864+0000] {logging_mixin.py:190} INFO - [2024-08-16T21:18:56.863+0000] {dag.py:3211} INFO - Sync 1 DAGs
[2024-08-16T21:18:56.890+0000] {logging_mixin.py:190} INFO - [2024-08-16T21:18:56.890+0000] {dag.py:4138} INFO - Setting next_dagrun for group_dag to 2024-08-15 00:00:00+00:00, run_after=2024-08-16 00:00:00+00:00
[2024-08-16T21:18:56.906+0000] {processor.py:208} INFO - Processing /opt/airflow/dags/group_dags.py took 0.105 seconds
[2024-08-16T22:49:44.404+0000] {processor.py:186} INFO - Started process (PID=651) to work on /opt/airflow/dags/group_dags.py
[2024-08-16T22:49:44.409+0000] {processor.py:914} INFO - Processing file /opt/airflow/dags/group_dags.py for tasks to queue
[2024-08-16T22:49:44.413+0000] {logging_mixin.py:190} INFO - [2024-08-16T22:49:44.413+0000] {dagbag.py:587} INFO - Filling up the DagBag from /opt/airflow/dags/group_dags.py
[2024-08-16T22:49:44.443+0000] {processor.py:925} INFO - DAG(s) 'group_dag' retrieved from /opt/airflow/dags/group_dags.py
[2024-08-16T22:49:44.475+0000] {logging_mixin.py:190} INFO - [2024-08-16T22:49:44.475+0000] {dag.py:3211} INFO - Sync 1 DAGs
[2024-08-16T22:49:44.502+0000] {logging_mixin.py:190} INFO - [2024-08-16T22:49:44.501+0000] {dag.py:4138} INFO - Setting next_dagrun for group_dag to 2024-08-15 00:00:00+00:00, run_after=2024-08-16 00:00:00+00:00
[2024-08-16T22:49:44.518+0000] {processor.py:208} INFO - Processing /opt/airflow/dags/group_dags.py took 0.123 seconds
