[2024-08-19T09:03:37.397+0000] {local_task_job_runner.py:123} INFO - ::group::Pre task execution logs
[2024-08-19T09:03:37.407+0000] {taskinstance.py:2603} INFO - Dependencies all met for dep_context=non-requeueable deps ti=<TaskInstance: postgres_to_data_lake_parquet_single_step.extract_and_load_data manual__2024-08-19T09:03:36+00:00 [queued]>
[2024-08-19T09:03:37.412+0000] {taskinstance.py:2603} INFO - Dependencies all met for dep_context=requeueable deps ti=<TaskInstance: postgres_to_data_lake_parquet_single_step.extract_and_load_data manual__2024-08-19T09:03:36+00:00 [queued]>
[2024-08-19T09:03:37.412+0000] {taskinstance.py:2856} INFO - Starting attempt 1 of 2
[2024-08-19T09:03:37.421+0000] {taskinstance.py:2879} INFO - Executing <Task(PythonOperator): extract_and_load_data> on 2024-08-19 09:03:36+00:00
[2024-08-19T09:03:37.430+0000] {logging_mixin.py:190} WARNING - /home/***/.local/lib/python3.12/site-packages/***/task/task_runner/standard_task_runner.py:70 DeprecationWarning: This process (pid=724) is multi-threaded, use of fork() may lead to deadlocks in the child.
[2024-08-19T09:03:37.431+0000] {standard_task_runner.py:72} INFO - Started process 727 to run task
[2024-08-19T09:03:37.430+0000] {standard_task_runner.py:104} INFO - Running: ['***', 'tasks', 'run', 'postgres_to_data_lake_parquet_single_step', 'extract_and_load_data', 'manual__2024-08-19T09:03:36+00:00', '--job-id', '106', '--raw', '--subdir', 'DAGS_FOLDER/sales.py', '--cfg-path', '/tmp/tmpdxg36jmn']
[2024-08-19T09:03:37.432+0000] {standard_task_runner.py:105} INFO - Job 106: Subtask extract_and_load_data
[2024-08-19T09:03:37.471+0000] {task_command.py:467} INFO - Running <TaskInstance: postgres_to_data_lake_parquet_single_step.extract_and_load_data manual__2024-08-19T09:03:36+00:00 [running]> on host 70607853bfdd
[2024-08-19T09:03:37.540+0000] {taskinstance.py:3122} INFO - Exporting env vars: AIRFLOW_CTX_DAG_OWNER='***' AIRFLOW_CTX_DAG_ID='postgres_to_data_lake_parquet_single_step' AIRFLOW_CTX_TASK_ID='extract_and_load_data' AIRFLOW_CTX_EXECUTION_DATE='2024-08-19T09:03:36+00:00' AIRFLOW_CTX_TRY_NUMBER='1' AIRFLOW_CTX_DAG_RUN_ID='manual__2024-08-19T09:03:36+00:00'
[2024-08-19T09:03:37.541+0000] {taskinstance.py:731} INFO - ::endgroup::
[2024-08-19T09:03:37.554+0000] {sales.py:34} INFO - Processing data for date: 2024-08-19
[2024-08-19T09:03:37.560+0000] {base.py:84} INFO - Retrieving connection 'azure_prod_db'
[2024-08-19T09:03:37.739+0000] {sales.py:48} INFO - Number of retrieved rows for 2024-08-19: 0
[2024-08-19T09:03:37.740+0000] {sales.py:55} INFO - No data found for 2024-08-19. Skipping upload.
[2024-08-19T09:03:37.740+0000] {python.py:240} INFO - Done. Returned value was: None
[2024-08-19T09:03:37.748+0000] {taskinstance.py:340} INFO - ::group::Post task execution logs
[2024-08-19T09:03:37.748+0000] {taskinstance.py:352} INFO - Marking task as SUCCESS. dag_id=postgres_to_data_lake_parquet_single_step, task_id=extract_and_load_data, run_id=manual__2024-08-19T09:03:36+00:00, execution_date=20240819T090336, start_date=20240819T090337, end_date=20240819T090337
[2024-08-19T09:03:37.778+0000] {local_task_job_runner.py:261} INFO - Task exited with return code 0
[2024-08-19T09:03:37.789+0000] {taskinstance.py:3891} INFO - 0 downstream tasks scheduled from follow-on schedule check
[2024-08-19T09:03:37.790+0000] {local_task_job_runner.py:240} INFO - ::endgroup::
