[2024-08-16T09:22:55.238+0000] {local_task_job_runner.py:123} INFO - ::group::Pre task execution logs
[2024-08-16T09:22:55.248+0000] {taskinstance.py:2603} INFO - Dependencies all met for dep_context=non-requeueable deps ti=<TaskInstance: parallel_dag.extract_a manual__2024-08-16T09:22:53.541625+00:00 [queued]>
[2024-08-16T09:22:55.257+0000] {taskinstance.py:2603} INFO - Dependencies all met for dep_context=requeueable deps ti=<TaskInstance: parallel_dag.extract_a manual__2024-08-16T09:22:53.541625+00:00 [queued]>
[2024-08-16T09:22:55.258+0000] {taskinstance.py:2856} INFO - Starting attempt 1 of 1
[2024-08-16T09:22:55.270+0000] {taskinstance.py:2879} INFO - Executing <Task(BashOperator): extract_a> on 2024-08-16 09:22:53.541625+00:00
[2024-08-16T09:22:55.274+0000] {warnings.py:112} WARNING - /home/***/.local/lib/python3.12/site-packages/***/task/task_runner/standard_task_runner.py:70: DeprecationWarning: This process (pid=77) is multi-threaded, use of fork() may lead to deadlocks in the child.
  pid = os.fork()

[2024-08-16T09:22:55.276+0000] {standard_task_runner.py:72} INFO - Started process 79 to run task
[2024-08-16T09:22:55.276+0000] {standard_task_runner.py:104} INFO - Running: ['***', 'tasks', 'run', 'parallel_dag', 'extract_a', 'manual__2024-08-16T09:22:53.541625+00:00', '--job-id', '30', '--raw', '--subdir', 'DAGS_FOLDER/parallel_dag.py', '--cfg-path', '/tmp/tmpprunj2t6']
[2024-08-16T09:22:55.277+0000] {standard_task_runner.py:105} INFO - Job 30: Subtask extract_a
[2024-08-16T09:22:55.306+0000] {task_command.py:467} INFO - Running <TaskInstance: parallel_dag.extract_a manual__2024-08-16T09:22:53.541625+00:00 [running]> on host 83013fdeb55d
[2024-08-16T09:22:55.352+0000] {taskinstance.py:3122} INFO - Exporting env vars: AIRFLOW_CTX_DAG_OWNER='***' AIRFLOW_CTX_DAG_ID='parallel_dag' AIRFLOW_CTX_TASK_ID='extract_a' AIRFLOW_CTX_EXECUTION_DATE='2024-08-16T09:22:53.541625+00:00' AIRFLOW_CTX_TRY_NUMBER='1' AIRFLOW_CTX_DAG_RUN_ID='manual__2024-08-16T09:22:53.541625+00:00'
[2024-08-16T09:22:55.353+0000] {taskinstance.py:731} INFO - ::endgroup::
[2024-08-16T09:22:55.376+0000] {subprocess.py:63} INFO - Tmp dir root location: /tmp
[2024-08-16T09:22:55.377+0000] {subprocess.py:75} INFO - Running command: ['/usr/bin/bash', '-c', 'sleep 10']
[2024-08-16T09:22:55.382+0000] {subprocess.py:86} INFO - Output:
[2024-08-16T09:23:05.388+0000] {subprocess.py:97} INFO - Command exited with return code 0
[2024-08-16T09:23:05.406+0000] {taskinstance.py:340} INFO - ::group::Post task execution logs
[2024-08-16T09:23:05.406+0000] {taskinstance.py:352} INFO - Marking task as SUCCESS. dag_id=parallel_dag, task_id=extract_a, run_id=manual__2024-08-16T09:22:53.541625+00:00, execution_date=20240816T092253, start_date=20240816T092255, end_date=20240816T092305
[2024-08-16T09:23:05.432+0000] {local_task_job_runner.py:261} INFO - Task exited with return code 0
[2024-08-16T09:23:05.449+0000] {taskinstance.py:3891} INFO - 1 downstream tasks scheduled from follow-on schedule check
[2024-08-16T09:23:05.450+0000] {local_task_job_runner.py:240} INFO - ::endgroup::
