[2024-08-17T02:45:23.366+0000] {local_task_job_runner.py:123} INFO - ::group::Pre task execution logs
[2024-08-17T02:45:23.375+0000] {taskinstance.py:2603} INFO - Dependencies all met for dep_context=non-requeueable deps ti=<TaskInstance: group_dag.check_files scheduled__2024-08-16T00:00:00+00:00 [queued]>
[2024-08-17T02:45:23.380+0000] {taskinstance.py:2603} INFO - Dependencies all met for dep_context=requeueable deps ti=<TaskInstance: group_dag.check_files scheduled__2024-08-16T00:00:00+00:00 [queued]>
[2024-08-17T02:45:23.381+0000] {taskinstance.py:2856} INFO - Starting attempt 1 of 1
[2024-08-17T02:45:23.388+0000] {taskinstance.py:2879} INFO - Executing <Task(BashOperator): check_files> on 2024-08-16 00:00:00+00:00
[2024-08-17T02:45:23.391+0000] {warnings.py:112} WARNING - /home/***/.local/lib/python3.12/site-packages/***/task/task_runner/standard_task_runner.py:70: DeprecationWarning: This process (pid=117) is multi-threaded, use of fork() may lead to deadlocks in the child.
  pid = os.fork()

[2024-08-17T02:45:23.392+0000] {standard_task_runner.py:72} INFO - Started process 118 to run task
[2024-08-17T02:45:23.393+0000] {standard_task_runner.py:104} INFO - Running: ['***', 'tasks', 'run', 'group_dag', 'check_files', 'scheduled__2024-08-16T00:00:00+00:00', '--job-id', '49', '--raw', '--subdir', 'DAGS_FOLDER/group_dag.py', '--cfg-path', '/tmp/tmpa1fq8cmd']
[2024-08-17T02:45:23.394+0000] {standard_task_runner.py:105} INFO - Job 49: Subtask check_files
[2024-08-17T02:45:23.418+0000] {task_command.py:467} INFO - Running <TaskInstance: group_dag.check_files scheduled__2024-08-16T00:00:00+00:00 [running]> on host 0bd5af1ac055
[2024-08-17T02:45:23.457+0000] {taskinstance.py:3122} INFO - Exporting env vars: AIRFLOW_CTX_DAG_OWNER='***' AIRFLOW_CTX_DAG_ID='group_dag' AIRFLOW_CTX_TASK_ID='check_files' AIRFLOW_CTX_EXECUTION_DATE='2024-08-16T00:00:00+00:00' AIRFLOW_CTX_TRY_NUMBER='1' AIRFLOW_CTX_DAG_RUN_ID='scheduled__2024-08-16T00:00:00+00:00'
[2024-08-17T02:45:23.457+0000] {taskinstance.py:731} INFO - ::endgroup::
[2024-08-17T02:45:23.466+0000] {subprocess.py:63} INFO - Tmp dir root location: /tmp
[2024-08-17T02:45:23.467+0000] {subprocess.py:75} INFO - Running command: ['/usr/bin/bash', '-c', 'sleep 10']
[2024-08-17T02:45:23.471+0000] {subprocess.py:86} INFO - Output:
[2024-08-17T02:45:33.474+0000] {subprocess.py:97} INFO - Command exited with return code 0
[2024-08-17T02:45:33.491+0000] {taskinstance.py:340} INFO - ::group::Post task execution logs
[2024-08-17T02:45:33.491+0000] {taskinstance.py:352} INFO - Marking task as SUCCESS. dag_id=group_dag, task_id=check_files, run_id=scheduled__2024-08-16T00:00:00+00:00, execution_date=20240816T000000, start_date=20240817T024523, end_date=20240817T024533
[2024-08-17T02:45:33.514+0000] {local_task_job_runner.py:261} INFO - Task exited with return code 0
[2024-08-17T02:45:33.526+0000] {taskinstance.py:3891} INFO - 3 downstream tasks scheduled from follow-on schedule check
[2024-08-17T02:45:33.527+0000] {local_task_job_runner.py:240} INFO - ::endgroup::
