[2024-08-16T09:03:26.700+0000] {local_task_job_runner.py:123} INFO - ::group::Pre task execution logs
[2024-08-16T09:03:26.709+0000] {taskinstance.py:2603} INFO - Dependencies all met for dep_context=non-requeueable deps ti=<TaskInstance: parallel_dag.transform scheduled__2024-08-15T00:00:00+00:00 [queued]>
[2024-08-16T09:03:26.713+0000] {taskinstance.py:2603} INFO - Dependencies all met for dep_context=requeueable deps ti=<TaskInstance: parallel_dag.transform scheduled__2024-08-15T00:00:00+00:00 [queued]>
[2024-08-16T09:03:26.714+0000] {taskinstance.py:2856} INFO - Starting attempt 1 of 1
[2024-08-16T09:03:26.720+0000] {taskinstance.py:2879} INFO - Executing <Task(BashOperator): transform> on 2024-08-15 00:00:00+00:00
[2024-08-16T09:03:26.724+0000] {warnings.py:112} WARNING - /home/***/.local/lib/python3.12/site-packages/***/task/task_runner/standard_task_runner.py:70: DeprecationWarning: This process (pid=93) is multi-threaded, use of fork() may lead to deadlocks in the child.
  pid = os.fork()

[2024-08-16T09:03:26.725+0000] {standard_task_runner.py:72} INFO - Started process 95 to run task
[2024-08-16T09:03:26.725+0000] {standard_task_runner.py:104} INFO - Running: ['***', 'tasks', 'run', 'parallel_dag', 'transform', 'scheduled__2024-08-15T00:00:00+00:00', '--job-id', '24', '--raw', '--subdir', 'DAGS_FOLDER/parallel_dag.py', '--cfg-path', '/tmp/tmpq91mwei5']
[2024-08-16T09:03:26.726+0000] {standard_task_runner.py:105} INFO - Job 24: Subtask transform
[2024-08-16T09:03:26.751+0000] {task_command.py:467} INFO - Running <TaskInstance: parallel_dag.transform scheduled__2024-08-15T00:00:00+00:00 [running]> on host ba59c830c5d7
[2024-08-16T09:03:26.792+0000] {taskinstance.py:3122} INFO - Exporting env vars: AIRFLOW_CTX_DAG_OWNER='***' AIRFLOW_CTX_DAG_ID='parallel_dag' AIRFLOW_CTX_TASK_ID='transform' AIRFLOW_CTX_EXECUTION_DATE='2024-08-15T00:00:00+00:00' AIRFLOW_CTX_TRY_NUMBER='1' AIRFLOW_CTX_DAG_RUN_ID='scheduled__2024-08-15T00:00:00+00:00'
[2024-08-16T09:03:26.793+0000] {logging_mixin.py:190} INFO - Task instance is in running state
[2024-08-16T09:03:26.793+0000] {logging_mixin.py:190} INFO -  Previous state of the Task instance: queued
[2024-08-16T09:03:26.793+0000] {logging_mixin.py:190} INFO - Current task name:transform state:running start_date:2024-08-16 09:03:26.709415+00:00
[2024-08-16T09:03:26.793+0000] {logging_mixin.py:190} INFO - Dag name:parallel_dag and current dag run status:running
[2024-08-16T09:03:26.793+0000] {taskinstance.py:731} INFO - ::endgroup::
[2024-08-16T09:03:26.794+0000] {subprocess.py:63} INFO - Tmp dir root location: /tmp
[2024-08-16T09:03:26.794+0000] {subprocess.py:75} INFO - Running command: ['/usr/bin/bash', '-c', 'sleep 1']
[2024-08-16T09:03:26.800+0000] {subprocess.py:86} INFO - Output:
[2024-08-16T09:03:27.802+0000] {subprocess.py:97} INFO - Command exited with return code 0
[2024-08-16T09:03:27.821+0000] {taskinstance.py:340} INFO - ::group::Post task execution logs
[2024-08-16T09:03:27.822+0000] {taskinstance.py:352} INFO - Marking task as SUCCESS. dag_id=parallel_dag, task_id=transform, run_id=scheduled__2024-08-15T00:00:00+00:00, execution_date=20240815T000000, start_date=20240816T090326, end_date=20240816T090327
[2024-08-16T09:03:27.828+0000] {logging_mixin.py:190} INFO - Task instance in success state
[2024-08-16T09:03:27.829+0000] {logging_mixin.py:190} INFO -  Previous state of the Task instance: running
[2024-08-16T09:03:27.830+0000] {logging_mixin.py:190} INFO - Dag name:parallel_dag queued_at:2024-08-16 09:03:17.760482+00:00
[2024-08-16T09:03:27.830+0000] {logging_mixin.py:190} INFO - Task hostname:ba59c830c5d7 operator:BashOperator
[2024-08-16T09:03:27.835+0000] {local_task_job_runner.py:261} INFO - Task exited with return code 0
[2024-08-16T09:03:27.851+0000] {taskinstance.py:3891} INFO - 0 downstream tasks scheduled from follow-on schedule check
[2024-08-16T09:03:27.852+0000] {local_task_job_runner.py:240} INFO - ::endgroup::
