[2024-08-17T00:30:12.883+0000] {local_task_job_runner.py:123} INFO - ::group::Pre task execution logs
[2024-08-17T00:30:12.892+0000] {taskinstance.py:2603} INFO - Dependencies all met for dep_context=non-requeueable deps ti=<TaskInstance: user_processing.extract_user scheduled__2024-08-16T00:00:00+00:00 [queued]>
[2024-08-17T00:30:12.895+0000] {taskinstance.py:2603} INFO - Dependencies all met for dep_context=requeueable deps ti=<TaskInstance: user_processing.extract_user scheduled__2024-08-16T00:00:00+00:00 [queued]>
[2024-08-17T00:30:12.895+0000] {taskinstance.py:2856} INFO - Starting attempt 1 of 1
[2024-08-17T00:30:12.902+0000] {taskinstance.py:2879} INFO - Executing <Task(HttpOperator): extract_user> on 2024-08-16 00:00:00+00:00
[2024-08-17T00:30:12.905+0000] {warnings.py:112} WARNING - /home/***/.local/lib/python3.12/site-packages/***/task/task_runner/standard_task_runner.py:70: DeprecationWarning: This process (pid=492) is multi-threaded, use of fork() may lead to deadlocks in the child.
  pid = os.fork()

[2024-08-17T00:30:12.906+0000] {standard_task_runner.py:72} INFO - Started process 494 to run task
[2024-08-17T00:30:12.907+0000] {standard_task_runner.py:104} INFO - Running: ['***', 'tasks', 'run', 'user_processing', 'extract_user', 'scheduled__2024-08-16T00:00:00+00:00', '--job-id', '38', '--raw', '--subdir', 'DAGS_FOLDER/user_processing.py', '--cfg-path', '/tmp/tmp124mmtkf']
[2024-08-17T00:30:12.908+0000] {standard_task_runner.py:105} INFO - Job 38: Subtask extract_user
[2024-08-17T00:30:12.936+0000] {task_command.py:467} INFO - Running <TaskInstance: user_processing.extract_user scheduled__2024-08-16T00:00:00+00:00 [running]> on host 83013fdeb55d
[2024-08-17T00:30:12.973+0000] {taskinstance.py:3122} INFO - Exporting env vars: AIRFLOW_CTX_DAG_OWNER='***' AIRFLOW_CTX_DAG_ID='user_processing' AIRFLOW_CTX_TASK_ID='extract_user' AIRFLOW_CTX_EXECUTION_DATE='2024-08-16T00:00:00+00:00' AIRFLOW_CTX_TRY_NUMBER='1' AIRFLOW_CTX_DAG_RUN_ID='scheduled__2024-08-16T00:00:00+00:00'
[2024-08-17T00:30:12.974+0000] {taskinstance.py:731} INFO - ::endgroup::
[2024-08-17T00:30:12.984+0000] {http.py:173} INFO - Calling HTTP method
[2024-08-17T00:30:12.991+0000] {base.py:84} INFO - Retrieving connection 'user_api'
[2024-08-17T00:30:12.995+0000] {base.py:84} INFO - Retrieving connection 'user_api'
[2024-08-17T00:30:14.161+0000] {http.py:222} INFO - {"results":[{"gender":"female","name":{"title":"Ms","first":"Valdirene","last":"da Rocha"},"location":{"street":{"number":8739,"name":"Beco dos Namorados"},"city":"Bento Gonçalves","state":"Pará","country":"Brazil","postcode":96208,"coordinates":{"latitude":"-75.2337","longitude":"138.1128"},"timezone":{"offset":"-2:00","description":"Mid-Atlantic"}},"email":"valdirene.darocha@example.com","login":{"uuid":"e5b6d119-f2c1-4017-a148-b4d159e7a44d","username":"orangepeacock326","password":"cupcake","salt":"jXfdhBih","md5":"22063cbc701e97d8ad94401bdacdfb2f","sha1":"5df6a3b51dd9e6ae716aed17928024a0d176930b","sha256":"04860454ddbdcdaed2377e102067d62d9dd756bab91af0a3d42c755f2b8d585f"},"dob":{"date":"1993-10-08T22:17:16.147Z","age":30},"registered":{"date":"2003-12-22T10:38:46.322Z","age":20},"phone":"(59) 4622-8161","cell":"(30) 0737-1418","id":{"name":"CPF","value":"982.426.884-46"},"picture":{"large":"https://randomuser.me/api/portraits/women/30.jpg","medium":"https://randomuser.me/api/portraits/med/women/30.jpg","thumbnail":"https://randomuser.me/api/portraits/thumb/women/30.jpg"},"nat":"BR"}],"info":{"seed":"7edcbad039b70ec0","results":1,"page":1,"version":"1.4"}}
[2024-08-17T00:30:14.185+0000] {taskinstance.py:340} INFO - ::group::Post task execution logs
[2024-08-17T00:30:14.186+0000] {taskinstance.py:352} INFO - Marking task as SUCCESS. dag_id=user_processing, task_id=extract_user, run_id=scheduled__2024-08-16T00:00:00+00:00, execution_date=20240816T000000, start_date=20240817T003012, end_date=20240817T003014
[2024-08-17T00:30:14.219+0000] {local_task_job_runner.py:261} INFO - Task exited with return code 0
[2024-08-17T00:30:14.242+0000] {taskinstance.py:3891} INFO - 1 downstream tasks scheduled from follow-on schedule check
[2024-08-17T00:30:14.243+0000] {local_task_job_runner.py:240} INFO - ::endgroup::
