[2024-08-19T08:31:23.755+0000] {processor.py:186} INFO - Started process (PID=259) to work on /opt/airflow/dags/xcom_dag.py
[2024-08-19T08:31:23.756+0000] {processor.py:914} INFO - Processing file /opt/airflow/dags/xcom_dag.py for tasks to queue
[2024-08-19T08:31:23.758+0000] {logging_mixin.py:190} INFO - [2024-08-19T08:31:23.758+0000] {dagbag.py:587} INFO - Filling up the DagBag from /opt/airflow/dags/xcom_dag.py
[2024-08-19T08:31:23.772+0000] {processor.py:925} INFO - DAG(s) 'xcom_dag' retrieved from /opt/airflow/dags/xcom_dag.py
[2024-08-19T08:31:23.848+0000] {logging_mixin.py:190} INFO - [2024-08-19T08:31:23.848+0000] {dag.py:3211} INFO - Sync 1 DAGs
[2024-08-19T08:31:23.861+0000] {logging_mixin.py:190} INFO - [2024-08-19T08:31:23.861+0000] {dag.py:4138} INFO - Setting next_dagrun for xcom_dag to 2024-08-19 00:00:00+00:00, run_after=2024-08-20 00:00:00+00:00
[2024-08-19T08:31:23.874+0000] {processor.py:208} INFO - Processing /opt/airflow/dags/xcom_dag.py took 0.124 seconds
[2024-08-19T08:31:54.116+0000] {processor.py:186} INFO - Started process (PID=276) to work on /opt/airflow/dags/xcom_dag.py
[2024-08-19T08:31:54.117+0000] {processor.py:914} INFO - Processing file /opt/airflow/dags/xcom_dag.py for tasks to queue
[2024-08-19T08:31:54.120+0000] {logging_mixin.py:190} INFO - [2024-08-19T08:31:54.120+0000] {dagbag.py:587} INFO - Filling up the DagBag from /opt/airflow/dags/xcom_dag.py
[2024-08-19T08:31:54.136+0000] {processor.py:925} INFO - DAG(s) 'xcom_dag' retrieved from /opt/airflow/dags/xcom_dag.py
[2024-08-19T08:31:54.161+0000] {logging_mixin.py:190} INFO - [2024-08-19T08:31:54.161+0000] {dag.py:3211} INFO - Sync 1 DAGs
[2024-08-19T08:31:54.181+0000] {logging_mixin.py:190} INFO - [2024-08-19T08:31:54.181+0000] {dag.py:4138} INFO - Setting next_dagrun for xcom_dag to 2024-08-19 00:00:00+00:00, run_after=2024-08-20 00:00:00+00:00
[2024-08-19T08:31:54.194+0000] {processor.py:208} INFO - Processing /opt/airflow/dags/xcom_dag.py took 0.085 seconds
[2024-08-19T08:32:24.546+0000] {processor.py:186} INFO - Started process (PID=285) to work on /opt/airflow/dags/xcom_dag.py
[2024-08-19T08:32:24.547+0000] {processor.py:914} INFO - Processing file /opt/airflow/dags/xcom_dag.py for tasks to queue
[2024-08-19T08:32:24.550+0000] {logging_mixin.py:190} INFO - [2024-08-19T08:32:24.549+0000] {dagbag.py:587} INFO - Filling up the DagBag from /opt/airflow/dags/xcom_dag.py
[2024-08-19T08:32:24.563+0000] {processor.py:925} INFO - DAG(s) 'xcom_dag' retrieved from /opt/airflow/dags/xcom_dag.py
[2024-08-19T08:32:24.585+0000] {logging_mixin.py:190} INFO - [2024-08-19T08:32:24.584+0000] {dag.py:3211} INFO - Sync 1 DAGs
[2024-08-19T08:32:24.602+0000] {logging_mixin.py:190} INFO - [2024-08-19T08:32:24.602+0000] {dag.py:4138} INFO - Setting next_dagrun for xcom_dag to 2024-08-19 00:00:00+00:00, run_after=2024-08-20 00:00:00+00:00
[2024-08-19T08:32:24.613+0000] {processor.py:208} INFO - Processing /opt/airflow/dags/xcom_dag.py took 0.073 seconds
[2024-08-19T08:32:54.950+0000] {processor.py:186} INFO - Started process (PID=294) to work on /opt/airflow/dags/xcom_dag.py
[2024-08-19T08:32:54.952+0000] {processor.py:914} INFO - Processing file /opt/airflow/dags/xcom_dag.py for tasks to queue
[2024-08-19T08:32:54.954+0000] {logging_mixin.py:190} INFO - [2024-08-19T08:32:54.954+0000] {dagbag.py:587} INFO - Filling up the DagBag from /opt/airflow/dags/xcom_dag.py
[2024-08-19T08:32:54.965+0000] {processor.py:925} INFO - DAG(s) 'xcom_dag' retrieved from /opt/airflow/dags/xcom_dag.py
[2024-08-19T08:32:54.983+0000] {logging_mixin.py:190} INFO - [2024-08-19T08:32:54.983+0000] {dag.py:3211} INFO - Sync 1 DAGs
[2024-08-19T08:32:54.998+0000] {logging_mixin.py:190} INFO - [2024-08-19T08:32:54.998+0000] {dag.py:4138} INFO - Setting next_dagrun for xcom_dag to 2024-08-19 00:00:00+00:00, run_after=2024-08-20 00:00:00+00:00
[2024-08-19T08:32:55.008+0000] {processor.py:208} INFO - Processing /opt/airflow/dags/xcom_dag.py took 0.066 seconds
[2024-08-19T08:33:25.252+0000] {processor.py:186} INFO - Started process (PID=303) to work on /opt/airflow/dags/xcom_dag.py
[2024-08-19T08:33:25.254+0000] {processor.py:914} INFO - Processing file /opt/airflow/dags/xcom_dag.py for tasks to queue
[2024-08-19T08:33:25.259+0000] {logging_mixin.py:190} INFO - [2024-08-19T08:33:25.258+0000] {dagbag.py:587} INFO - Filling up the DagBag from /opt/airflow/dags/xcom_dag.py
[2024-08-19T08:33:25.289+0000] {processor.py:925} INFO - DAG(s) 'xcom_dag' retrieved from /opt/airflow/dags/xcom_dag.py
[2024-08-19T08:33:25.316+0000] {logging_mixin.py:190} INFO - [2024-08-19T08:33:25.316+0000] {dag.py:3211} INFO - Sync 1 DAGs
[2024-08-19T08:33:25.343+0000] {logging_mixin.py:190} INFO - [2024-08-19T08:33:25.343+0000] {dag.py:4138} INFO - Setting next_dagrun for xcom_dag to 2024-08-19 00:00:00+00:00, run_after=2024-08-20 00:00:00+00:00
[2024-08-19T08:33:25.355+0000] {processor.py:208} INFO - Processing /opt/airflow/dags/xcom_dag.py took 0.113 seconds
[2024-08-19T08:33:55.601+0000] {processor.py:186} INFO - Started process (PID=312) to work on /opt/airflow/dags/xcom_dag.py
[2024-08-19T08:33:55.602+0000] {processor.py:914} INFO - Processing file /opt/airflow/dags/xcom_dag.py for tasks to queue
[2024-08-19T08:33:55.605+0000] {logging_mixin.py:190} INFO - [2024-08-19T08:33:55.604+0000] {dagbag.py:587} INFO - Filling up the DagBag from /opt/airflow/dags/xcom_dag.py
[2024-08-19T08:33:55.616+0000] {processor.py:925} INFO - DAG(s) 'xcom_dag' retrieved from /opt/airflow/dags/xcom_dag.py
[2024-08-19T08:33:55.636+0000] {logging_mixin.py:190} INFO - [2024-08-19T08:33:55.636+0000] {dag.py:3211} INFO - Sync 1 DAGs
[2024-08-19T08:33:55.653+0000] {logging_mixin.py:190} INFO - [2024-08-19T08:33:55.653+0000] {dag.py:4138} INFO - Setting next_dagrun for xcom_dag to 2024-08-19 00:00:00+00:00, run_after=2024-08-20 00:00:00+00:00
[2024-08-19T08:33:55.664+0000] {processor.py:208} INFO - Processing /opt/airflow/dags/xcom_dag.py took 0.070 seconds
[2024-08-19T08:34:25.926+0000] {processor.py:186} INFO - Started process (PID=321) to work on /opt/airflow/dags/xcom_dag.py
[2024-08-19T08:34:25.927+0000] {processor.py:914} INFO - Processing file /opt/airflow/dags/xcom_dag.py for tasks to queue
[2024-08-19T08:34:25.930+0000] {logging_mixin.py:190} INFO - [2024-08-19T08:34:25.929+0000] {dagbag.py:587} INFO - Filling up the DagBag from /opt/airflow/dags/xcom_dag.py
[2024-08-19T08:34:25.942+0000] {processor.py:925} INFO - DAG(s) 'xcom_dag' retrieved from /opt/airflow/dags/xcom_dag.py
[2024-08-19T08:34:25.964+0000] {logging_mixin.py:190} INFO - [2024-08-19T08:34:25.964+0000] {dag.py:3211} INFO - Sync 1 DAGs
[2024-08-19T08:34:25.984+0000] {logging_mixin.py:190} INFO - [2024-08-19T08:34:25.984+0000] {dag.py:4138} INFO - Setting next_dagrun for xcom_dag to 2024-08-19 00:00:00+00:00, run_after=2024-08-20 00:00:00+00:00
[2024-08-19T08:34:25.997+0000] {processor.py:208} INFO - Processing /opt/airflow/dags/xcom_dag.py took 0.077 seconds
[2024-08-19T08:34:56.344+0000] {processor.py:186} INFO - Started process (PID=330) to work on /opt/airflow/dags/xcom_dag.py
[2024-08-19T08:34:56.346+0000] {processor.py:914} INFO - Processing file /opt/airflow/dags/xcom_dag.py for tasks to queue
[2024-08-19T08:34:56.351+0000] {logging_mixin.py:190} INFO - [2024-08-19T08:34:56.350+0000] {dagbag.py:587} INFO - Filling up the DagBag from /opt/airflow/dags/xcom_dag.py
[2024-08-19T08:34:56.370+0000] {processor.py:925} INFO - DAG(s) 'xcom_dag' retrieved from /opt/airflow/dags/xcom_dag.py
[2024-08-19T08:34:56.398+0000] {logging_mixin.py:190} INFO - [2024-08-19T08:34:56.398+0000] {dag.py:3211} INFO - Sync 1 DAGs
[2024-08-19T08:34:56.419+0000] {logging_mixin.py:190} INFO - [2024-08-19T08:34:56.418+0000] {dag.py:4138} INFO - Setting next_dagrun for xcom_dag to 2024-08-19 00:00:00+00:00, run_after=2024-08-20 00:00:00+00:00
[2024-08-19T08:34:56.431+0000] {processor.py:208} INFO - Processing /opt/airflow/dags/xcom_dag.py took 0.096 seconds
[2024-08-19T08:35:26.757+0000] {processor.py:186} INFO - Started process (PID=339) to work on /opt/airflow/dags/xcom_dag.py
[2024-08-19T08:35:26.758+0000] {processor.py:914} INFO - Processing file /opt/airflow/dags/xcom_dag.py for tasks to queue
[2024-08-19T08:35:26.760+0000] {logging_mixin.py:190} INFO - [2024-08-19T08:35:26.760+0000] {dagbag.py:587} INFO - Filling up the DagBag from /opt/airflow/dags/xcom_dag.py
[2024-08-19T08:35:26.773+0000] {processor.py:925} INFO - DAG(s) 'xcom_dag' retrieved from /opt/airflow/dags/xcom_dag.py
[2024-08-19T08:35:26.797+0000] {logging_mixin.py:190} INFO - [2024-08-19T08:35:26.796+0000] {dag.py:3211} INFO - Sync 1 DAGs
[2024-08-19T08:35:26.814+0000] {logging_mixin.py:190} INFO - [2024-08-19T08:35:26.813+0000] {dag.py:4138} INFO - Setting next_dagrun for xcom_dag to 2024-08-19 00:00:00+00:00, run_after=2024-08-20 00:00:00+00:00
[2024-08-19T08:35:26.823+0000] {processor.py:208} INFO - Processing /opt/airflow/dags/xcom_dag.py took 0.075 seconds
[2024-08-19T08:35:57.093+0000] {processor.py:186} INFO - Started process (PID=348) to work on /opt/airflow/dags/xcom_dag.py
[2024-08-19T08:35:57.095+0000] {processor.py:914} INFO - Processing file /opt/airflow/dags/xcom_dag.py for tasks to queue
[2024-08-19T08:35:57.097+0000] {logging_mixin.py:190} INFO - [2024-08-19T08:35:57.097+0000] {dagbag.py:587} INFO - Filling up the DagBag from /opt/airflow/dags/xcom_dag.py
[2024-08-19T08:35:57.109+0000] {processor.py:925} INFO - DAG(s) 'xcom_dag' retrieved from /opt/airflow/dags/xcom_dag.py
[2024-08-19T08:35:57.133+0000] {logging_mixin.py:190} INFO - [2024-08-19T08:35:57.132+0000] {dag.py:3211} INFO - Sync 1 DAGs
[2024-08-19T08:35:57.150+0000] {logging_mixin.py:190} INFO - [2024-08-19T08:35:57.149+0000] {dag.py:4138} INFO - Setting next_dagrun for xcom_dag to 2024-08-19 00:00:00+00:00, run_after=2024-08-20 00:00:00+00:00
[2024-08-19T08:35:57.161+0000] {processor.py:208} INFO - Processing /opt/airflow/dags/xcom_dag.py took 0.074 seconds
[2024-08-19T08:36:27.442+0000] {processor.py:186} INFO - Started process (PID=357) to work on /opt/airflow/dags/xcom_dag.py
[2024-08-19T08:36:27.442+0000] {processor.py:914} INFO - Processing file /opt/airflow/dags/xcom_dag.py for tasks to queue
[2024-08-19T08:36:27.445+0000] {logging_mixin.py:190} INFO - [2024-08-19T08:36:27.444+0000] {dagbag.py:587} INFO - Filling up the DagBag from /opt/airflow/dags/xcom_dag.py
[2024-08-19T08:36:27.457+0000] {processor.py:925} INFO - DAG(s) 'xcom_dag' retrieved from /opt/airflow/dags/xcom_dag.py
[2024-08-19T08:36:27.479+0000] {logging_mixin.py:190} INFO - [2024-08-19T08:36:27.479+0000] {dag.py:3211} INFO - Sync 1 DAGs
[2024-08-19T08:36:27.497+0000] {logging_mixin.py:190} INFO - [2024-08-19T08:36:27.497+0000] {dag.py:4138} INFO - Setting next_dagrun for xcom_dag to 2024-08-19 00:00:00+00:00, run_after=2024-08-20 00:00:00+00:00
[2024-08-19T08:36:27.507+0000] {processor.py:208} INFO - Processing /opt/airflow/dags/xcom_dag.py took 0.073 seconds
[2024-08-19T08:36:57.855+0000] {processor.py:186} INFO - Started process (PID=366) to work on /opt/airflow/dags/xcom_dag.py
[2024-08-19T08:36:57.857+0000] {processor.py:914} INFO - Processing file /opt/airflow/dags/xcom_dag.py for tasks to queue
[2024-08-19T08:36:57.861+0000] {logging_mixin.py:190} INFO - [2024-08-19T08:36:57.860+0000] {dagbag.py:587} INFO - Filling up the DagBag from /opt/airflow/dags/xcom_dag.py
[2024-08-19T08:36:57.875+0000] {processor.py:925} INFO - DAG(s) 'xcom_dag' retrieved from /opt/airflow/dags/xcom_dag.py
[2024-08-19T08:36:57.900+0000] {logging_mixin.py:190} INFO - [2024-08-19T08:36:57.900+0000] {dag.py:3211} INFO - Sync 1 DAGs
[2024-08-19T08:36:57.920+0000] {logging_mixin.py:190} INFO - [2024-08-19T08:36:57.920+0000] {dag.py:4138} INFO - Setting next_dagrun for xcom_dag to 2024-08-19 00:00:00+00:00, run_after=2024-08-20 00:00:00+00:00
[2024-08-19T08:36:57.932+0000] {processor.py:208} INFO - Processing /opt/airflow/dags/xcom_dag.py took 0.085 seconds
[2024-08-19T08:37:28.280+0000] {processor.py:186} INFO - Started process (PID=375) to work on /opt/airflow/dags/xcom_dag.py
[2024-08-19T08:37:28.282+0000] {processor.py:914} INFO - Processing file /opt/airflow/dags/xcom_dag.py for tasks to queue
[2024-08-19T08:37:28.284+0000] {logging_mixin.py:190} INFO - [2024-08-19T08:37:28.284+0000] {dagbag.py:587} INFO - Filling up the DagBag from /opt/airflow/dags/xcom_dag.py
[2024-08-19T08:37:28.295+0000] {processor.py:925} INFO - DAG(s) 'xcom_dag' retrieved from /opt/airflow/dags/xcom_dag.py
[2024-08-19T08:37:28.311+0000] {logging_mixin.py:190} INFO - [2024-08-19T08:37:28.311+0000] {dag.py:3211} INFO - Sync 1 DAGs
[2024-08-19T08:37:28.326+0000] {logging_mixin.py:190} INFO - [2024-08-19T08:37:28.326+0000] {dag.py:4138} INFO - Setting next_dagrun for xcom_dag to 2024-08-19 00:00:00+00:00, run_after=2024-08-20 00:00:00+00:00
[2024-08-19T08:37:28.336+0000] {processor.py:208} INFO - Processing /opt/airflow/dags/xcom_dag.py took 0.062 seconds
[2024-08-19T08:41:37.028+0000] {processor.py:186} INFO - Started process (PID=379) to work on /opt/airflow/dags/xcom_dag.py
[2024-08-19T08:41:37.030+0000] {processor.py:914} INFO - Processing file /opt/airflow/dags/xcom_dag.py for tasks to queue
[2024-08-19T08:41:37.031+0000] {logging_mixin.py:190} INFO - [2024-08-19T08:41:37.031+0000] {dagbag.py:587} INFO - Filling up the DagBag from /opt/airflow/dags/xcom_dag.py
[2024-08-19T08:41:37.046+0000] {processor.py:925} INFO - DAG(s) 'xcom_dag' retrieved from /opt/airflow/dags/xcom_dag.py
[2024-08-19T08:41:37.081+0000] {logging_mixin.py:190} INFO - [2024-08-19T08:41:37.081+0000] {dag.py:3211} INFO - Sync 1 DAGs
[2024-08-19T08:41:37.100+0000] {logging_mixin.py:190} INFO - [2024-08-19T08:41:37.099+0000] {dag.py:4138} INFO - Setting next_dagrun for xcom_dag to 2024-08-19 00:00:00+00:00, run_after=2024-08-20 00:00:00+00:00
[2024-08-19T08:41:37.111+0000] {processor.py:208} INFO - Processing /opt/airflow/dags/xcom_dag.py took 0.087 seconds
[2024-08-19T08:42:07.430+0000] {processor.py:186} INFO - Started process (PID=388) to work on /opt/airflow/dags/xcom_dag.py
[2024-08-19T08:42:07.432+0000] {processor.py:914} INFO - Processing file /opt/airflow/dags/xcom_dag.py for tasks to queue
[2024-08-19T08:42:07.435+0000] {logging_mixin.py:190} INFO - [2024-08-19T08:42:07.434+0000] {dagbag.py:587} INFO - Filling up the DagBag from /opt/airflow/dags/xcom_dag.py
[2024-08-19T08:42:07.456+0000] {processor.py:925} INFO - DAG(s) 'xcom_dag' retrieved from /opt/airflow/dags/xcom_dag.py
[2024-08-19T08:42:07.497+0000] {logging_mixin.py:190} INFO - [2024-08-19T08:42:07.497+0000] {dag.py:3211} INFO - Sync 1 DAGs
[2024-08-19T08:42:07.521+0000] {logging_mixin.py:190} INFO - [2024-08-19T08:42:07.521+0000] {dag.py:4138} INFO - Setting next_dagrun for xcom_dag to 2024-08-19 00:00:00+00:00, run_after=2024-08-20 00:00:00+00:00
[2024-08-19T08:42:07.536+0000] {processor.py:208} INFO - Processing /opt/airflow/dags/xcom_dag.py took 0.112 seconds
[2024-08-19T08:42:37.925+0000] {processor.py:186} INFO - Started process (PID=397) to work on /opt/airflow/dags/xcom_dag.py
[2024-08-19T08:42:37.926+0000] {processor.py:914} INFO - Processing file /opt/airflow/dags/xcom_dag.py for tasks to queue
[2024-08-19T08:42:37.929+0000] {logging_mixin.py:190} INFO - [2024-08-19T08:42:37.929+0000] {dagbag.py:587} INFO - Filling up the DagBag from /opt/airflow/dags/xcom_dag.py
[2024-08-19T08:42:37.942+0000] {processor.py:925} INFO - DAG(s) 'xcom_dag' retrieved from /opt/airflow/dags/xcom_dag.py
[2024-08-19T08:42:37.967+0000] {logging_mixin.py:190} INFO - [2024-08-19T08:42:37.967+0000] {dag.py:3211} INFO - Sync 1 DAGs
[2024-08-19T08:42:37.989+0000] {logging_mixin.py:190} INFO - [2024-08-19T08:42:37.989+0000] {dag.py:4138} INFO - Setting next_dagrun for xcom_dag to 2024-08-19 00:00:00+00:00, run_after=2024-08-20 00:00:00+00:00
[2024-08-19T08:42:38.009+0000] {processor.py:208} INFO - Processing /opt/airflow/dags/xcom_dag.py took 0.091 seconds
[2024-08-19T08:43:08.362+0000] {processor.py:186} INFO - Started process (PID=406) to work on /opt/airflow/dags/xcom_dag.py
[2024-08-19T08:43:08.364+0000] {processor.py:914} INFO - Processing file /opt/airflow/dags/xcom_dag.py for tasks to queue
[2024-08-19T08:43:08.365+0000] {logging_mixin.py:190} INFO - [2024-08-19T08:43:08.365+0000] {dagbag.py:587} INFO - Filling up the DagBag from /opt/airflow/dags/xcom_dag.py
[2024-08-19T08:43:08.377+0000] {processor.py:925} INFO - DAG(s) 'xcom_dag' retrieved from /opt/airflow/dags/xcom_dag.py
[2024-08-19T08:43:08.396+0000] {logging_mixin.py:190} INFO - [2024-08-19T08:43:08.396+0000] {dag.py:3211} INFO - Sync 1 DAGs
[2024-08-19T08:43:08.412+0000] {logging_mixin.py:190} INFO - [2024-08-19T08:43:08.412+0000] {dag.py:4138} INFO - Setting next_dagrun for xcom_dag to 2024-08-19 00:00:00+00:00, run_after=2024-08-20 00:00:00+00:00
[2024-08-19T08:43:08.428+0000] {processor.py:208} INFO - Processing /opt/airflow/dags/xcom_dag.py took 0.072 seconds
[2024-08-19T08:43:38.737+0000] {processor.py:186} INFO - Started process (PID=415) to work on /opt/airflow/dags/xcom_dag.py
[2024-08-19T08:43:38.738+0000] {processor.py:914} INFO - Processing file /opt/airflow/dags/xcom_dag.py for tasks to queue
[2024-08-19T08:43:38.740+0000] {logging_mixin.py:190} INFO - [2024-08-19T08:43:38.739+0000] {dagbag.py:587} INFO - Filling up the DagBag from /opt/airflow/dags/xcom_dag.py
[2024-08-19T08:43:38.751+0000] {processor.py:925} INFO - DAG(s) 'xcom_dag' retrieved from /opt/airflow/dags/xcom_dag.py
[2024-08-19T08:43:38.769+0000] {logging_mixin.py:190} INFO - [2024-08-19T08:43:38.769+0000] {dag.py:3211} INFO - Sync 1 DAGs
[2024-08-19T08:43:38.784+0000] {logging_mixin.py:190} INFO - [2024-08-19T08:43:38.784+0000] {dag.py:4138} INFO - Setting next_dagrun for xcom_dag to 2024-08-19 00:00:00+00:00, run_after=2024-08-20 00:00:00+00:00
[2024-08-19T08:43:38.799+0000] {processor.py:208} INFO - Processing /opt/airflow/dags/xcom_dag.py took 0.067 seconds
[2024-08-19T08:44:43.528+0000] {processor.py:186} INFO - Started process (PID=59) to work on /opt/airflow/dags/xcom_dag.py
[2024-08-19T08:44:43.530+0000] {processor.py:914} INFO - Processing file /opt/airflow/dags/xcom_dag.py for tasks to queue
[2024-08-19T08:44:43.533+0000] {logging_mixin.py:190} INFO - [2024-08-19T08:44:43.532+0000] {dagbag.py:587} INFO - Filling up the DagBag from /opt/airflow/dags/xcom_dag.py
[2024-08-19T08:44:43.564+0000] {processor.py:925} INFO - DAG(s) 'xcom_dag' retrieved from /opt/airflow/dags/xcom_dag.py
[2024-08-19T08:44:43.624+0000] {logging_mixin.py:190} INFO - [2024-08-19T08:44:43.623+0000] {dag.py:3211} INFO - Sync 1 DAGs
[2024-08-19T08:44:43.652+0000] {logging_mixin.py:190} INFO - [2024-08-19T08:44:43.652+0000] {dag.py:4138} INFO - Setting next_dagrun for xcom_dag to 2024-08-19 00:00:00+00:00, run_after=2024-08-20 00:00:00+00:00
[2024-08-19T08:44:43.679+0000] {processor.py:208} INFO - Processing /opt/airflow/dags/xcom_dag.py took 0.158 seconds
[2024-08-19T08:45:13.983+0000] {processor.py:186} INFO - Started process (PID=68) to work on /opt/airflow/dags/xcom_dag.py
[2024-08-19T08:45:13.984+0000] {processor.py:914} INFO - Processing file /opt/airflow/dags/xcom_dag.py for tasks to queue
[2024-08-19T08:45:13.986+0000] {logging_mixin.py:190} INFO - [2024-08-19T08:45:13.986+0000] {dagbag.py:587} INFO - Filling up the DagBag from /opt/airflow/dags/xcom_dag.py
[2024-08-19T08:45:14.000+0000] {processor.py:925} INFO - DAG(s) 'xcom_dag' retrieved from /opt/airflow/dags/xcom_dag.py
[2024-08-19T08:45:14.029+0000] {logging_mixin.py:190} INFO - [2024-08-19T08:45:14.029+0000] {dag.py:3211} INFO - Sync 1 DAGs
[2024-08-19T08:45:14.051+0000] {logging_mixin.py:190} INFO - [2024-08-19T08:45:14.050+0000] {dag.py:4138} INFO - Setting next_dagrun for xcom_dag to 2024-08-19 00:00:00+00:00, run_after=2024-08-20 00:00:00+00:00
[2024-08-19T08:45:14.122+0000] {processor.py:208} INFO - Processing /opt/airflow/dags/xcom_dag.py took 0.144 seconds
[2024-08-19T08:45:44.336+0000] {processor.py:186} INFO - Started process (PID=77) to work on /opt/airflow/dags/xcom_dag.py
[2024-08-19T08:45:44.338+0000] {processor.py:914} INFO - Processing file /opt/airflow/dags/xcom_dag.py for tasks to queue
[2024-08-19T08:45:44.341+0000] {logging_mixin.py:190} INFO - [2024-08-19T08:45:44.341+0000] {dagbag.py:587} INFO - Filling up the DagBag from /opt/airflow/dags/xcom_dag.py
[2024-08-19T08:45:44.365+0000] {processor.py:925} INFO - DAG(s) 'xcom_dag' retrieved from /opt/airflow/dags/xcom_dag.py
[2024-08-19T08:45:44.404+0000] {logging_mixin.py:190} INFO - [2024-08-19T08:45:44.404+0000] {dag.py:3211} INFO - Sync 1 DAGs
[2024-08-19T08:45:44.426+0000] {logging_mixin.py:190} INFO - [2024-08-19T08:45:44.426+0000] {dag.py:4138} INFO - Setting next_dagrun for xcom_dag to 2024-08-19 00:00:00+00:00, run_after=2024-08-20 00:00:00+00:00
[2024-08-19T08:45:44.454+0000] {processor.py:208} INFO - Processing /opt/airflow/dags/xcom_dag.py took 0.126 seconds
[2024-08-19T08:46:14.796+0000] {processor.py:186} INFO - Started process (PID=86) to work on /opt/airflow/dags/xcom_dag.py
[2024-08-19T08:46:14.797+0000] {processor.py:914} INFO - Processing file /opt/airflow/dags/xcom_dag.py for tasks to queue
[2024-08-19T08:46:14.800+0000] {logging_mixin.py:190} INFO - [2024-08-19T08:46:14.800+0000] {dagbag.py:587} INFO - Filling up the DagBag from /opt/airflow/dags/xcom_dag.py
[2024-08-19T08:46:14.818+0000] {processor.py:925} INFO - DAG(s) 'xcom_dag' retrieved from /opt/airflow/dags/xcom_dag.py
[2024-08-19T08:46:14.856+0000] {logging_mixin.py:190} INFO - [2024-08-19T08:46:14.856+0000] {dag.py:3211} INFO - Sync 1 DAGs
[2024-08-19T08:46:14.879+0000] {logging_mixin.py:190} INFO - [2024-08-19T08:46:14.879+0000] {dag.py:4138} INFO - Setting next_dagrun for xcom_dag to 2024-08-19 00:00:00+00:00, run_after=2024-08-20 00:00:00+00:00
[2024-08-19T08:46:14.896+0000] {processor.py:208} INFO - Processing /opt/airflow/dags/xcom_dag.py took 0.105 seconds
[2024-08-19T08:46:45.179+0000] {processor.py:186} INFO - Started process (PID=95) to work on /opt/airflow/dags/xcom_dag.py
[2024-08-19T08:46:45.181+0000] {processor.py:914} INFO - Processing file /opt/airflow/dags/xcom_dag.py for tasks to queue
[2024-08-19T08:46:45.184+0000] {logging_mixin.py:190} INFO - [2024-08-19T08:46:45.184+0000] {dagbag.py:587} INFO - Filling up the DagBag from /opt/airflow/dags/xcom_dag.py
[2024-08-19T08:46:45.249+0000] {processor.py:925} INFO - DAG(s) 'xcom_dag' retrieved from /opt/airflow/dags/xcom_dag.py
[2024-08-19T08:46:45.315+0000] {logging_mixin.py:190} INFO - [2024-08-19T08:46:45.315+0000] {dag.py:3211} INFO - Sync 1 DAGs
[2024-08-19T08:46:45.350+0000] {logging_mixin.py:190} INFO - [2024-08-19T08:46:45.350+0000] {dag.py:4138} INFO - Setting next_dagrun for xcom_dag to 2024-08-19 00:00:00+00:00, run_after=2024-08-20 00:00:00+00:00
[2024-08-19T08:46:45.372+0000] {processor.py:208} INFO - Processing /opt/airflow/dags/xcom_dag.py took 0.201 seconds
[2024-08-19T08:47:15.715+0000] {processor.py:186} INFO - Started process (PID=104) to work on /opt/airflow/dags/xcom_dag.py
[2024-08-19T08:47:15.717+0000] {processor.py:914} INFO - Processing file /opt/airflow/dags/xcom_dag.py for tasks to queue
[2024-08-19T08:47:15.719+0000] {logging_mixin.py:190} INFO - [2024-08-19T08:47:15.719+0000] {dagbag.py:587} INFO - Filling up the DagBag from /opt/airflow/dags/xcom_dag.py
[2024-08-19T08:47:15.757+0000] {processor.py:925} INFO - DAG(s) 'xcom_dag' retrieved from /opt/airflow/dags/xcom_dag.py
[2024-08-19T08:47:15.809+0000] {logging_mixin.py:190} INFO - [2024-08-19T08:47:15.808+0000] {dag.py:3211} INFO - Sync 1 DAGs
[2024-08-19T08:47:15.856+0000] {logging_mixin.py:190} INFO - [2024-08-19T08:47:15.856+0000] {dag.py:4138} INFO - Setting next_dagrun for xcom_dag to 2024-08-19 00:00:00+00:00, run_after=2024-08-20 00:00:00+00:00
[2024-08-19T08:47:15.872+0000] {processor.py:208} INFO - Processing /opt/airflow/dags/xcom_dag.py took 0.166 seconds
[2024-08-19T08:47:46.250+0000] {processor.py:186} INFO - Started process (PID=113) to work on /opt/airflow/dags/xcom_dag.py
[2024-08-19T08:47:46.251+0000] {processor.py:914} INFO - Processing file /opt/airflow/dags/xcom_dag.py for tasks to queue
[2024-08-19T08:47:46.254+0000] {logging_mixin.py:190} INFO - [2024-08-19T08:47:46.254+0000] {dagbag.py:587} INFO - Filling up the DagBag from /opt/airflow/dags/xcom_dag.py
[2024-08-19T08:47:46.280+0000] {processor.py:925} INFO - DAG(s) 'xcom_dag' retrieved from /opt/airflow/dags/xcom_dag.py
[2024-08-19T08:47:46.308+0000] {logging_mixin.py:190} INFO - [2024-08-19T08:47:46.308+0000] {dag.py:3211} INFO - Sync 1 DAGs
[2024-08-19T08:47:46.336+0000] {logging_mixin.py:190} INFO - [2024-08-19T08:47:46.335+0000] {dag.py:4138} INFO - Setting next_dagrun for xcom_dag to 2024-08-19 00:00:00+00:00, run_after=2024-08-20 00:00:00+00:00
[2024-08-19T08:47:46.350+0000] {processor.py:208} INFO - Processing /opt/airflow/dags/xcom_dag.py took 0.106 seconds
[2024-08-19T08:48:16.667+0000] {processor.py:186} INFO - Started process (PID=122) to work on /opt/airflow/dags/xcom_dag.py
[2024-08-19T08:48:16.668+0000] {processor.py:914} INFO - Processing file /opt/airflow/dags/xcom_dag.py for tasks to queue
[2024-08-19T08:48:16.670+0000] {logging_mixin.py:190} INFO - [2024-08-19T08:48:16.670+0000] {dagbag.py:587} INFO - Filling up the DagBag from /opt/airflow/dags/xcom_dag.py
[2024-08-19T08:48:16.683+0000] {processor.py:925} INFO - DAG(s) 'xcom_dag' retrieved from /opt/airflow/dags/xcom_dag.py
[2024-08-19T08:48:16.709+0000] {logging_mixin.py:190} INFO - [2024-08-19T08:48:16.709+0000] {dag.py:3211} INFO - Sync 1 DAGs
[2024-08-19T08:48:16.729+0000] {logging_mixin.py:190} INFO - [2024-08-19T08:48:16.728+0000] {dag.py:4138} INFO - Setting next_dagrun for xcom_dag to 2024-08-19 00:00:00+00:00, run_after=2024-08-20 00:00:00+00:00
[2024-08-19T08:48:16.743+0000] {processor.py:208} INFO - Processing /opt/airflow/dags/xcom_dag.py took 0.082 seconds
[2024-08-19T08:50:18.072+0000] {processor.py:186} INFO - Started process (PID=57) to work on /opt/airflow/dags/xcom_dag.py
[2024-08-19T08:50:18.075+0000] {processor.py:914} INFO - Processing file /opt/airflow/dags/xcom_dag.py for tasks to queue
[2024-08-19T08:50:18.082+0000] {logging_mixin.py:190} INFO - [2024-08-19T08:50:18.082+0000] {dagbag.py:587} INFO - Filling up the DagBag from /opt/airflow/dags/xcom_dag.py
[2024-08-19T08:50:18.104+0000] {processor.py:925} INFO - DAG(s) 'xcom_dag' retrieved from /opt/airflow/dags/xcom_dag.py
[2024-08-19T08:50:18.145+0000] {logging_mixin.py:190} INFO - [2024-08-19T08:50:18.144+0000] {dag.py:3211} INFO - Sync 1 DAGs
[2024-08-19T08:50:18.376+0000] {logging_mixin.py:190} INFO - [2024-08-19T08:50:18.375+0000] {dag.py:4138} INFO - Setting next_dagrun for xcom_dag to 2024-08-19 00:00:00+00:00, run_after=2024-08-20 00:00:00+00:00
[2024-08-19T08:50:18.489+0000] {processor.py:208} INFO - Processing /opt/airflow/dags/xcom_dag.py took 0.432 seconds
[2024-08-19T08:50:48.871+0000] {processor.py:186} INFO - Started process (PID=66) to work on /opt/airflow/dags/xcom_dag.py
[2024-08-19T08:50:48.875+0000] {processor.py:914} INFO - Processing file /opt/airflow/dags/xcom_dag.py for tasks to queue
[2024-08-19T08:50:48.880+0000] {logging_mixin.py:190} INFO - [2024-08-19T08:50:48.880+0000] {dagbag.py:587} INFO - Filling up the DagBag from /opt/airflow/dags/xcom_dag.py
[2024-08-19T08:50:48.915+0000] {processor.py:925} INFO - DAG(s) 'xcom_dag' retrieved from /opt/airflow/dags/xcom_dag.py
[2024-08-19T08:50:48.984+0000] {logging_mixin.py:190} INFO - [2024-08-19T08:50:48.983+0000] {dag.py:3211} INFO - Sync 1 DAGs
[2024-08-19T08:50:49.023+0000] {logging_mixin.py:190} INFO - [2024-08-19T08:50:49.023+0000] {dag.py:4138} INFO - Setting next_dagrun for xcom_dag to 2024-08-19 00:00:00+00:00, run_after=2024-08-20 00:00:00+00:00
[2024-08-19T08:50:49.050+0000] {processor.py:208} INFO - Processing /opt/airflow/dags/xcom_dag.py took 0.194 seconds
[2024-08-19T08:51:19.463+0000] {processor.py:186} INFO - Started process (PID=75) to work on /opt/airflow/dags/xcom_dag.py
[2024-08-19T08:51:19.465+0000] {processor.py:914} INFO - Processing file /opt/airflow/dags/xcom_dag.py for tasks to queue
[2024-08-19T08:51:19.470+0000] {logging_mixin.py:190} INFO - [2024-08-19T08:51:19.469+0000] {dagbag.py:587} INFO - Filling up the DagBag from /opt/airflow/dags/xcom_dag.py
[2024-08-19T08:51:19.499+0000] {processor.py:925} INFO - DAG(s) 'xcom_dag' retrieved from /opt/airflow/dags/xcom_dag.py
[2024-08-19T08:51:19.574+0000] {logging_mixin.py:190} INFO - [2024-08-19T08:51:19.574+0000] {dag.py:3211} INFO - Sync 1 DAGs
[2024-08-19T08:51:19.604+0000] {logging_mixin.py:190} INFO - [2024-08-19T08:51:19.603+0000] {dag.py:4138} INFO - Setting next_dagrun for xcom_dag to 2024-08-19 00:00:00+00:00, run_after=2024-08-20 00:00:00+00:00
[2024-08-19T08:51:19.628+0000] {processor.py:208} INFO - Processing /opt/airflow/dags/xcom_dag.py took 0.192 seconds
[2024-08-19T08:51:49.985+0000] {processor.py:186} INFO - Started process (PID=83) to work on /opt/airflow/dags/xcom_dag.py
[2024-08-19T08:51:49.989+0000] {processor.py:914} INFO - Processing file /opt/airflow/dags/xcom_dag.py for tasks to queue
[2024-08-19T08:51:49.995+0000] {logging_mixin.py:190} INFO - [2024-08-19T08:51:49.995+0000] {dagbag.py:587} INFO - Filling up the DagBag from /opt/airflow/dags/xcom_dag.py
[2024-08-19T08:51:50.079+0000] {processor.py:925} INFO - DAG(s) 'xcom_dag' retrieved from /opt/airflow/dags/xcom_dag.py
[2024-08-19T08:51:50.140+0000] {logging_mixin.py:190} INFO - [2024-08-19T08:51:50.140+0000] {dag.py:3211} INFO - Sync 1 DAGs
[2024-08-19T08:51:50.189+0000] {logging_mixin.py:190} INFO - [2024-08-19T08:51:50.189+0000] {dag.py:4138} INFO - Setting next_dagrun for xcom_dag to 2024-08-19 00:00:00+00:00, run_after=2024-08-20 00:00:00+00:00
[2024-08-19T08:51:50.210+0000] {processor.py:208} INFO - Processing /opt/airflow/dags/xcom_dag.py took 0.234 seconds
[2024-08-19T08:52:20.590+0000] {processor.py:186} INFO - Started process (PID=92) to work on /opt/airflow/dags/xcom_dag.py
[2024-08-19T08:52:20.591+0000] {processor.py:914} INFO - Processing file /opt/airflow/dags/xcom_dag.py for tasks to queue
[2024-08-19T08:52:20.595+0000] {logging_mixin.py:190} INFO - [2024-08-19T08:52:20.594+0000] {dagbag.py:587} INFO - Filling up the DagBag from /opt/airflow/dags/xcom_dag.py
[2024-08-19T08:52:20.614+0000] {processor.py:925} INFO - DAG(s) 'xcom_dag' retrieved from /opt/airflow/dags/xcom_dag.py
[2024-08-19T08:52:20.640+0000] {logging_mixin.py:190} INFO - [2024-08-19T08:52:20.640+0000] {dag.py:3211} INFO - Sync 1 DAGs
[2024-08-19T08:52:20.661+0000] {logging_mixin.py:190} INFO - [2024-08-19T08:52:20.661+0000] {dag.py:4138} INFO - Setting next_dagrun for xcom_dag to 2024-08-19 00:00:00+00:00, run_after=2024-08-20 00:00:00+00:00
[2024-08-19T08:52:20.675+0000] {processor.py:208} INFO - Processing /opt/airflow/dags/xcom_dag.py took 0.091 seconds
[2024-08-19T08:52:51.146+0000] {processor.py:186} INFO - Started process (PID=101) to work on /opt/airflow/dags/xcom_dag.py
[2024-08-19T08:52:51.148+0000] {processor.py:914} INFO - Processing file /opt/airflow/dags/xcom_dag.py for tasks to queue
[2024-08-19T08:52:51.165+0000] {logging_mixin.py:190} INFO - [2024-08-19T08:52:51.163+0000] {dagbag.py:587} INFO - Filling up the DagBag from /opt/airflow/dags/xcom_dag.py
[2024-08-19T08:52:51.206+0000] {processor.py:925} INFO - DAG(s) 'xcom_dag' retrieved from /opt/airflow/dags/xcom_dag.py
[2024-08-19T08:52:51.253+0000] {logging_mixin.py:190} INFO - [2024-08-19T08:52:51.253+0000] {dag.py:3211} INFO - Sync 1 DAGs
[2024-08-19T08:52:51.287+0000] {logging_mixin.py:190} INFO - [2024-08-19T08:52:51.286+0000] {dag.py:4138} INFO - Setting next_dagrun for xcom_dag to 2024-08-19 00:00:00+00:00, run_after=2024-08-20 00:00:00+00:00
[2024-08-19T08:52:51.334+0000] {processor.py:208} INFO - Processing /opt/airflow/dags/xcom_dag.py took 0.198 seconds
[2024-08-19T08:53:21.697+0000] {processor.py:186} INFO - Started process (PID=110) to work on /opt/airflow/dags/xcom_dag.py
[2024-08-19T08:53:21.699+0000] {processor.py:914} INFO - Processing file /opt/airflow/dags/xcom_dag.py for tasks to queue
[2024-08-19T08:53:21.704+0000] {logging_mixin.py:190} INFO - [2024-08-19T08:53:21.703+0000] {dagbag.py:587} INFO - Filling up the DagBag from /opt/airflow/dags/xcom_dag.py
[2024-08-19T08:53:21.737+0000] {processor.py:925} INFO - DAG(s) 'xcom_dag' retrieved from /opt/airflow/dags/xcom_dag.py
[2024-08-19T08:53:21.770+0000] {logging_mixin.py:190} INFO - [2024-08-19T08:53:21.770+0000] {dag.py:3211} INFO - Sync 1 DAGs
[2024-08-19T08:53:21.794+0000] {logging_mixin.py:190} INFO - [2024-08-19T08:53:21.794+0000] {dag.py:4138} INFO - Setting next_dagrun for xcom_dag to 2024-08-19 00:00:00+00:00, run_after=2024-08-20 00:00:00+00:00
[2024-08-19T08:53:21.810+0000] {processor.py:208} INFO - Processing /opt/airflow/dags/xcom_dag.py took 0.122 seconds
[2024-08-19T08:53:52.177+0000] {processor.py:186} INFO - Started process (PID=119) to work on /opt/airflow/dags/xcom_dag.py
[2024-08-19T08:53:52.181+0000] {processor.py:914} INFO - Processing file /opt/airflow/dags/xcom_dag.py for tasks to queue
[2024-08-19T08:53:52.184+0000] {logging_mixin.py:190} INFO - [2024-08-19T08:53:52.184+0000] {dagbag.py:587} INFO - Filling up the DagBag from /opt/airflow/dags/xcom_dag.py
[2024-08-19T08:53:52.208+0000] {processor.py:925} INFO - DAG(s) 'xcom_dag' retrieved from /opt/airflow/dags/xcom_dag.py
[2024-08-19T08:53:52.263+0000] {logging_mixin.py:190} INFO - [2024-08-19T08:53:52.262+0000] {dag.py:3211} INFO - Sync 1 DAGs
[2024-08-19T08:53:52.300+0000] {logging_mixin.py:190} INFO - [2024-08-19T08:53:52.299+0000] {dag.py:4138} INFO - Setting next_dagrun for xcom_dag to 2024-08-19 00:00:00+00:00, run_after=2024-08-20 00:00:00+00:00
[2024-08-19T08:53:52.315+0000] {processor.py:208} INFO - Processing /opt/airflow/dags/xcom_dag.py took 0.144 seconds
[2024-08-19T08:54:22.648+0000] {processor.py:186} INFO - Started process (PID=128) to work on /opt/airflow/dags/xcom_dag.py
[2024-08-19T08:54:22.649+0000] {processor.py:914} INFO - Processing file /opt/airflow/dags/xcom_dag.py for tasks to queue
[2024-08-19T08:54:22.650+0000] {logging_mixin.py:190} INFO - [2024-08-19T08:54:22.650+0000] {dagbag.py:587} INFO - Filling up the DagBag from /opt/airflow/dags/xcom_dag.py
[2024-08-19T08:54:22.662+0000] {processor.py:925} INFO - DAG(s) 'xcom_dag' retrieved from /opt/airflow/dags/xcom_dag.py
[2024-08-19T08:54:22.687+0000] {logging_mixin.py:190} INFO - [2024-08-19T08:54:22.687+0000] {dag.py:3211} INFO - Sync 1 DAGs
[2024-08-19T08:54:22.704+0000] {logging_mixin.py:190} INFO - [2024-08-19T08:54:22.704+0000] {dag.py:4138} INFO - Setting next_dagrun for xcom_dag to 2024-08-19 00:00:00+00:00, run_after=2024-08-20 00:00:00+00:00
[2024-08-19T08:54:22.716+0000] {processor.py:208} INFO - Processing /opt/airflow/dags/xcom_dag.py took 0.073 seconds
[2024-08-19T08:54:53.029+0000] {processor.py:186} INFO - Started process (PID=137) to work on /opt/airflow/dags/xcom_dag.py
[2024-08-19T08:54:53.032+0000] {processor.py:914} INFO - Processing file /opt/airflow/dags/xcom_dag.py for tasks to queue
[2024-08-19T08:54:53.034+0000] {logging_mixin.py:190} INFO - [2024-08-19T08:54:53.034+0000] {dagbag.py:587} INFO - Filling up the DagBag from /opt/airflow/dags/xcom_dag.py
[2024-08-19T08:54:53.057+0000] {processor.py:925} INFO - DAG(s) 'xcom_dag' retrieved from /opt/airflow/dags/xcom_dag.py
[2024-08-19T08:54:53.091+0000] {logging_mixin.py:190} INFO - [2024-08-19T08:54:53.091+0000] {dag.py:3211} INFO - Sync 1 DAGs
[2024-08-19T08:54:53.115+0000] {logging_mixin.py:190} INFO - [2024-08-19T08:54:53.115+0000] {dag.py:4138} INFO - Setting next_dagrun for xcom_dag to 2024-08-19 00:00:00+00:00, run_after=2024-08-20 00:00:00+00:00
[2024-08-19T08:54:53.129+0000] {processor.py:208} INFO - Processing /opt/airflow/dags/xcom_dag.py took 0.109 seconds
[2024-08-19T08:55:23.481+0000] {processor.py:186} INFO - Started process (PID=146) to work on /opt/airflow/dags/xcom_dag.py
[2024-08-19T08:55:23.483+0000] {processor.py:914} INFO - Processing file /opt/airflow/dags/xcom_dag.py for tasks to queue
[2024-08-19T08:55:23.487+0000] {logging_mixin.py:190} INFO - [2024-08-19T08:55:23.486+0000] {dagbag.py:587} INFO - Filling up the DagBag from /opt/airflow/dags/xcom_dag.py
[2024-08-19T08:55:23.504+0000] {processor.py:925} INFO - DAG(s) 'xcom_dag' retrieved from /opt/airflow/dags/xcom_dag.py
[2024-08-19T08:55:23.540+0000] {logging_mixin.py:190} INFO - [2024-08-19T08:55:23.540+0000] {dag.py:3211} INFO - Sync 1 DAGs
[2024-08-19T08:55:23.563+0000] {logging_mixin.py:190} INFO - [2024-08-19T08:55:23.563+0000] {dag.py:4138} INFO - Setting next_dagrun for xcom_dag to 2024-08-19 00:00:00+00:00, run_after=2024-08-20 00:00:00+00:00
[2024-08-19T08:55:23.579+0000] {processor.py:208} INFO - Processing /opt/airflow/dags/xcom_dag.py took 0.102 seconds
[2024-08-19T08:56:25.777+0000] {processor.py:186} INFO - Started process (PID=214) to work on /opt/airflow/dags/xcom_dag.py
[2024-08-19T08:56:25.778+0000] {processor.py:914} INFO - Processing file /opt/airflow/dags/xcom_dag.py for tasks to queue
[2024-08-19T08:56:25.782+0000] {logging_mixin.py:190} INFO - [2024-08-19T08:56:25.782+0000] {dagbag.py:587} INFO - Filling up the DagBag from /opt/airflow/dags/xcom_dag.py
[2024-08-19T08:56:25.801+0000] {processor.py:925} INFO - DAG(s) 'xcom_dag' retrieved from /opt/airflow/dags/xcom_dag.py
[2024-08-19T08:56:25.871+0000] {logging_mixin.py:190} INFO - [2024-08-19T08:56:25.870+0000] {dag.py:3211} INFO - Sync 1 DAGs
[2024-08-19T08:56:25.905+0000] {logging_mixin.py:190} INFO - [2024-08-19T08:56:25.905+0000] {dag.py:4138} INFO - Setting next_dagrun for xcom_dag to 2024-08-19 00:00:00+00:00, run_after=2024-08-20 00:00:00+00:00
[2024-08-19T08:56:25.930+0000] {processor.py:208} INFO - Processing /opt/airflow/dags/xcom_dag.py took 0.165 seconds
[2024-08-19T08:56:56.224+0000] {processor.py:186} INFO - Started process (PID=231) to work on /opt/airflow/dags/xcom_dag.py
[2024-08-19T08:56:56.226+0000] {processor.py:914} INFO - Processing file /opt/airflow/dags/xcom_dag.py for tasks to queue
[2024-08-19T08:56:56.241+0000] {logging_mixin.py:190} INFO - [2024-08-19T08:56:56.240+0000] {dagbag.py:587} INFO - Filling up the DagBag from /opt/airflow/dags/xcom_dag.py
[2024-08-19T08:56:56.265+0000] {processor.py:925} INFO - DAG(s) 'xcom_dag' retrieved from /opt/airflow/dags/xcom_dag.py
[2024-08-19T08:56:56.295+0000] {logging_mixin.py:190} INFO - [2024-08-19T08:56:56.294+0000] {dag.py:3211} INFO - Sync 1 DAGs
[2024-08-19T08:56:56.319+0000] {logging_mixin.py:190} INFO - [2024-08-19T08:56:56.318+0000] {dag.py:4138} INFO - Setting next_dagrun for xcom_dag to 2024-08-19 00:00:00+00:00, run_after=2024-08-20 00:00:00+00:00
[2024-08-19T08:56:56.341+0000] {processor.py:208} INFO - Processing /opt/airflow/dags/xcom_dag.py took 0.124 seconds
[2024-08-19T08:57:26.597+0000] {processor.py:186} INFO - Started process (PID=258) to work on /opt/airflow/dags/xcom_dag.py
[2024-08-19T08:57:26.598+0000] {processor.py:914} INFO - Processing file /opt/airflow/dags/xcom_dag.py for tasks to queue
[2024-08-19T08:57:26.602+0000] {logging_mixin.py:190} INFO - [2024-08-19T08:57:26.602+0000] {dagbag.py:587} INFO - Filling up the DagBag from /opt/airflow/dags/xcom_dag.py
[2024-08-19T08:57:26.637+0000] {processor.py:925} INFO - DAG(s) 'xcom_dag' retrieved from /opt/airflow/dags/xcom_dag.py
[2024-08-19T08:57:26.689+0000] {logging_mixin.py:190} INFO - [2024-08-19T08:57:26.689+0000] {dag.py:3211} INFO - Sync 1 DAGs
[2024-08-19T08:57:26.717+0000] {logging_mixin.py:190} INFO - [2024-08-19T08:57:26.716+0000] {dag.py:4138} INFO - Setting next_dagrun for xcom_dag to 2024-08-19 00:00:00+00:00, run_after=2024-08-20 00:00:00+00:00
[2024-08-19T08:57:26.730+0000] {processor.py:208} INFO - Processing /opt/airflow/dags/xcom_dag.py took 0.138 seconds
[2024-08-19T08:57:57.057+0000] {processor.py:186} INFO - Started process (PID=276) to work on /opt/airflow/dags/xcom_dag.py
[2024-08-19T08:57:57.058+0000] {processor.py:914} INFO - Processing file /opt/airflow/dags/xcom_dag.py for tasks to queue
[2024-08-19T08:57:57.061+0000] {logging_mixin.py:190} INFO - [2024-08-19T08:57:57.061+0000] {dagbag.py:587} INFO - Filling up the DagBag from /opt/airflow/dags/xcom_dag.py
[2024-08-19T08:57:57.102+0000] {processor.py:925} INFO - DAG(s) 'xcom_dag' retrieved from /opt/airflow/dags/xcom_dag.py
[2024-08-19T08:57:57.146+0000] {logging_mixin.py:190} INFO - [2024-08-19T08:57:57.145+0000] {dag.py:3211} INFO - Sync 1 DAGs
[2024-08-19T08:57:57.187+0000] {logging_mixin.py:190} INFO - [2024-08-19T08:57:57.186+0000] {dag.py:4138} INFO - Setting next_dagrun for xcom_dag to 2024-08-19 00:00:00+00:00, run_after=2024-08-20 00:00:00+00:00
[2024-08-19T08:57:57.204+0000] {processor.py:208} INFO - Processing /opt/airflow/dags/xcom_dag.py took 0.153 seconds
[2024-08-19T08:58:27.550+0000] {processor.py:186} INFO - Started process (PID=292) to work on /opt/airflow/dags/xcom_dag.py
[2024-08-19T08:58:27.551+0000] {processor.py:914} INFO - Processing file /opt/airflow/dags/xcom_dag.py for tasks to queue
[2024-08-19T08:58:27.555+0000] {logging_mixin.py:190} INFO - [2024-08-19T08:58:27.555+0000] {dagbag.py:587} INFO - Filling up the DagBag from /opt/airflow/dags/xcom_dag.py
[2024-08-19T08:58:27.588+0000] {processor.py:925} INFO - DAG(s) 'xcom_dag' retrieved from /opt/airflow/dags/xcom_dag.py
[2024-08-19T08:58:27.627+0000] {logging_mixin.py:190} INFO - [2024-08-19T08:58:27.627+0000] {dag.py:3211} INFO - Sync 1 DAGs
[2024-08-19T08:58:27.651+0000] {logging_mixin.py:190} INFO - [2024-08-19T08:58:27.651+0000] {dag.py:4138} INFO - Setting next_dagrun for xcom_dag to 2024-08-19 00:00:00+00:00, run_after=2024-08-20 00:00:00+00:00
[2024-08-19T08:58:27.669+0000] {processor.py:208} INFO - Processing /opt/airflow/dags/xcom_dag.py took 0.125 seconds
[2024-08-19T08:58:58.055+0000] {processor.py:186} INFO - Started process (PID=310) to work on /opt/airflow/dags/xcom_dag.py
[2024-08-19T08:58:58.056+0000] {processor.py:914} INFO - Processing file /opt/airflow/dags/xcom_dag.py for tasks to queue
[2024-08-19T08:58:58.057+0000] {logging_mixin.py:190} INFO - [2024-08-19T08:58:58.057+0000] {dagbag.py:587} INFO - Filling up the DagBag from /opt/airflow/dags/xcom_dag.py
[2024-08-19T08:58:58.067+0000] {processor.py:925} INFO - DAG(s) 'xcom_dag' retrieved from /opt/airflow/dags/xcom_dag.py
[2024-08-19T08:58:58.089+0000] {logging_mixin.py:190} INFO - [2024-08-19T08:58:58.089+0000] {dag.py:3211} INFO - Sync 1 DAGs
[2024-08-19T08:58:58.109+0000] {logging_mixin.py:190} INFO - [2024-08-19T08:58:58.109+0000] {dag.py:4138} INFO - Setting next_dagrun for xcom_dag to 2024-08-19 00:00:00+00:00, run_after=2024-08-20 00:00:00+00:00
[2024-08-19T08:58:58.128+0000] {processor.py:208} INFO - Processing /opt/airflow/dags/xcom_dag.py took 0.077 seconds
[2024-08-19T08:59:28.476+0000] {processor.py:186} INFO - Started process (PID=332) to work on /opt/airflow/dags/xcom_dag.py
[2024-08-19T08:59:28.478+0000] {processor.py:914} INFO - Processing file /opt/airflow/dags/xcom_dag.py for tasks to queue
[2024-08-19T08:59:28.481+0000] {logging_mixin.py:190} INFO - [2024-08-19T08:59:28.480+0000] {dagbag.py:587} INFO - Filling up the DagBag from /opt/airflow/dags/xcom_dag.py
[2024-08-19T08:59:28.500+0000] {processor.py:925} INFO - DAG(s) 'xcom_dag' retrieved from /opt/airflow/dags/xcom_dag.py
[2024-08-19T08:59:28.536+0000] {logging_mixin.py:190} INFO - [2024-08-19T08:59:28.536+0000] {dag.py:3211} INFO - Sync 1 DAGs
[2024-08-19T08:59:28.559+0000] {logging_mixin.py:190} INFO - [2024-08-19T08:59:28.559+0000] {dag.py:4138} INFO - Setting next_dagrun for xcom_dag to 2024-08-19 00:00:00+00:00, run_after=2024-08-20 00:00:00+00:00
[2024-08-19T08:59:28.577+0000] {processor.py:208} INFO - Processing /opt/airflow/dags/xcom_dag.py took 0.107 seconds
[2024-08-19T08:59:58.906+0000] {processor.py:186} INFO - Started process (PID=350) to work on /opt/airflow/dags/xcom_dag.py
[2024-08-19T08:59:58.907+0000] {processor.py:914} INFO - Processing file /opt/airflow/dags/xcom_dag.py for tasks to queue
[2024-08-19T08:59:58.912+0000] {logging_mixin.py:190} INFO - [2024-08-19T08:59:58.912+0000] {dagbag.py:587} INFO - Filling up the DagBag from /opt/airflow/dags/xcom_dag.py
[2024-08-19T08:59:58.926+0000] {processor.py:925} INFO - DAG(s) 'xcom_dag' retrieved from /opt/airflow/dags/xcom_dag.py
[2024-08-19T08:59:58.949+0000] {logging_mixin.py:190} INFO - [2024-08-19T08:59:58.949+0000] {dag.py:3211} INFO - Sync 1 DAGs
[2024-08-19T08:59:58.968+0000] {logging_mixin.py:190} INFO - [2024-08-19T08:59:58.967+0000] {dag.py:4138} INFO - Setting next_dagrun for xcom_dag to 2024-08-19 00:00:00+00:00, run_after=2024-08-20 00:00:00+00:00
[2024-08-19T08:59:58.978+0000] {processor.py:208} INFO - Processing /opt/airflow/dags/xcom_dag.py took 0.077 seconds
[2024-08-19T09:00:29.295+0000] {processor.py:186} INFO - Started process (PID=366) to work on /opt/airflow/dags/xcom_dag.py
[2024-08-19T09:00:29.296+0000] {processor.py:914} INFO - Processing file /opt/airflow/dags/xcom_dag.py for tasks to queue
[2024-08-19T09:00:29.299+0000] {logging_mixin.py:190} INFO - [2024-08-19T09:00:29.299+0000] {dagbag.py:587} INFO - Filling up the DagBag from /opt/airflow/dags/xcom_dag.py
[2024-08-19T09:00:29.322+0000] {processor.py:925} INFO - DAG(s) 'xcom_dag' retrieved from /opt/airflow/dags/xcom_dag.py
[2024-08-19T09:00:29.352+0000] {logging_mixin.py:190} INFO - [2024-08-19T09:00:29.352+0000] {dag.py:3211} INFO - Sync 1 DAGs
[2024-08-19T09:00:29.374+0000] {logging_mixin.py:190} INFO - [2024-08-19T09:00:29.374+0000] {dag.py:4138} INFO - Setting next_dagrun for xcom_dag to 2024-08-19 00:00:00+00:00, run_after=2024-08-20 00:00:00+00:00
[2024-08-19T09:00:29.389+0000] {processor.py:208} INFO - Processing /opt/airflow/dags/xcom_dag.py took 0.101 seconds
[2024-08-19T09:00:59.755+0000] {processor.py:186} INFO - Started process (PID=384) to work on /opt/airflow/dags/xcom_dag.py
[2024-08-19T09:00:59.756+0000] {processor.py:914} INFO - Processing file /opt/airflow/dags/xcom_dag.py for tasks to queue
[2024-08-19T09:00:59.758+0000] {logging_mixin.py:190} INFO - [2024-08-19T09:00:59.757+0000] {dagbag.py:587} INFO - Filling up the DagBag from /opt/airflow/dags/xcom_dag.py
[2024-08-19T09:00:59.766+0000] {processor.py:925} INFO - DAG(s) 'xcom_dag' retrieved from /opt/airflow/dags/xcom_dag.py
[2024-08-19T09:00:59.786+0000] {logging_mixin.py:190} INFO - [2024-08-19T09:00:59.786+0000] {dag.py:3211} INFO - Sync 1 DAGs
[2024-08-19T09:00:59.802+0000] {logging_mixin.py:190} INFO - [2024-08-19T09:00:59.802+0000] {dag.py:4138} INFO - Setting next_dagrun for xcom_dag to 2024-08-19 00:00:00+00:00, run_after=2024-08-20 00:00:00+00:00
[2024-08-19T09:00:59.813+0000] {processor.py:208} INFO - Processing /opt/airflow/dags/xcom_dag.py took 0.062 seconds
[2024-08-19T09:01:30.182+0000] {processor.py:186} INFO - Started process (PID=401) to work on /opt/airflow/dags/xcom_dag.py
[2024-08-19T09:01:30.184+0000] {processor.py:914} INFO - Processing file /opt/airflow/dags/xcom_dag.py for tasks to queue
[2024-08-19T09:01:30.187+0000] {logging_mixin.py:190} INFO - [2024-08-19T09:01:30.186+0000] {dagbag.py:587} INFO - Filling up the DagBag from /opt/airflow/dags/xcom_dag.py
[2024-08-19T09:01:30.205+0000] {processor.py:925} INFO - DAG(s) 'xcom_dag' retrieved from /opt/airflow/dags/xcom_dag.py
[2024-08-19T09:01:30.238+0000] {logging_mixin.py:190} INFO - [2024-08-19T09:01:30.238+0000] {dag.py:3211} INFO - Sync 1 DAGs
[2024-08-19T09:01:30.268+0000] {logging_mixin.py:190} INFO - [2024-08-19T09:01:30.267+0000] {dag.py:4138} INFO - Setting next_dagrun for xcom_dag to 2024-08-19 00:00:00+00:00, run_after=2024-08-20 00:00:00+00:00
[2024-08-19T09:01:30.285+0000] {processor.py:208} INFO - Processing /opt/airflow/dags/xcom_dag.py took 0.110 seconds
[2024-08-19T09:02:00.651+0000] {processor.py:186} INFO - Started process (PID=418) to work on /opt/airflow/dags/xcom_dag.py
[2024-08-19T09:02:00.657+0000] {processor.py:914} INFO - Processing file /opt/airflow/dags/xcom_dag.py for tasks to queue
[2024-08-19T09:02:00.667+0000] {logging_mixin.py:190} INFO - [2024-08-19T09:02:00.667+0000] {dagbag.py:587} INFO - Filling up the DagBag from /opt/airflow/dags/xcom_dag.py
[2024-08-19T09:02:00.691+0000] {processor.py:925} INFO - DAG(s) 'xcom_dag' retrieved from /opt/airflow/dags/xcom_dag.py
[2024-08-19T09:02:00.745+0000] {logging_mixin.py:190} INFO - [2024-08-19T09:02:00.745+0000] {dag.py:3211} INFO - Sync 1 DAGs
[2024-08-19T09:02:00.787+0000] {logging_mixin.py:190} INFO - [2024-08-19T09:02:00.787+0000] {dag.py:4138} INFO - Setting next_dagrun for xcom_dag to 2024-08-19 00:00:00+00:00, run_after=2024-08-20 00:00:00+00:00
[2024-08-19T09:02:00.803+0000] {processor.py:208} INFO - Processing /opt/airflow/dags/xcom_dag.py took 0.163 seconds
[2024-08-19T09:02:31.156+0000] {processor.py:186} INFO - Started process (PID=454) to work on /opt/airflow/dags/xcom_dag.py
[2024-08-19T09:02:31.157+0000] {processor.py:914} INFO - Processing file /opt/airflow/dags/xcom_dag.py for tasks to queue
[2024-08-19T09:02:31.161+0000] {logging_mixin.py:190} INFO - [2024-08-19T09:02:31.160+0000] {dagbag.py:587} INFO - Filling up the DagBag from /opt/airflow/dags/xcom_dag.py
[2024-08-19T09:02:31.187+0000] {processor.py:925} INFO - DAG(s) 'xcom_dag' retrieved from /opt/airflow/dags/xcom_dag.py
[2024-08-19T09:02:31.233+0000] {logging_mixin.py:190} INFO - [2024-08-19T09:02:31.233+0000] {dag.py:3211} INFO - Sync 1 DAGs
[2024-08-19T09:02:31.258+0000] {logging_mixin.py:190} INFO - [2024-08-19T09:02:31.258+0000] {dag.py:4138} INFO - Setting next_dagrun for xcom_dag to 2024-08-19 00:00:00+00:00, run_after=2024-08-20 00:00:00+00:00
[2024-08-19T09:02:31.277+0000] {processor.py:208} INFO - Processing /opt/airflow/dags/xcom_dag.py took 0.128 seconds
[2024-08-19T09:03:01.719+0000] {processor.py:186} INFO - Started process (PID=691) to work on /opt/airflow/dags/xcom_dag.py
[2024-08-19T09:03:01.723+0000] {processor.py:914} INFO - Processing file /opt/airflow/dags/xcom_dag.py for tasks to queue
[2024-08-19T09:03:01.725+0000] {logging_mixin.py:190} INFO - [2024-08-19T09:03:01.725+0000] {dagbag.py:587} INFO - Filling up the DagBag from /opt/airflow/dags/xcom_dag.py
[2024-08-19T09:03:01.757+0000] {processor.py:925} INFO - DAG(s) 'xcom_dag' retrieved from /opt/airflow/dags/xcom_dag.py
[2024-08-19T09:03:01.827+0000] {logging_mixin.py:190} INFO - [2024-08-19T09:03:01.827+0000] {dag.py:3211} INFO - Sync 1 DAGs
[2024-08-19T09:03:01.863+0000] {logging_mixin.py:190} INFO - [2024-08-19T09:03:01.862+0000] {dag.py:4138} INFO - Setting next_dagrun for xcom_dag to 2024-08-19 00:00:00+00:00, run_after=2024-08-20 00:00:00+00:00
[2024-08-19T09:03:01.881+0000] {processor.py:208} INFO - Processing /opt/airflow/dags/xcom_dag.py took 0.183 seconds
[2024-08-19T09:03:32.306+0000] {processor.py:186} INFO - Started process (PID=708) to work on /opt/airflow/dags/xcom_dag.py
[2024-08-19T09:03:32.307+0000] {processor.py:914} INFO - Processing file /opt/airflow/dags/xcom_dag.py for tasks to queue
[2024-08-19T09:03:32.311+0000] {logging_mixin.py:190} INFO - [2024-08-19T09:03:32.310+0000] {dagbag.py:587} INFO - Filling up the DagBag from /opt/airflow/dags/xcom_dag.py
[2024-08-19T09:03:32.332+0000] {processor.py:925} INFO - DAG(s) 'xcom_dag' retrieved from /opt/airflow/dags/xcom_dag.py
[2024-08-19T09:03:32.415+0000] {logging_mixin.py:190} INFO - [2024-08-19T09:03:32.415+0000] {dag.py:3211} INFO - Sync 1 DAGs
[2024-08-19T09:03:32.445+0000] {logging_mixin.py:190} INFO - [2024-08-19T09:03:32.444+0000] {dag.py:4138} INFO - Setting next_dagrun for xcom_dag to 2024-08-19 00:00:00+00:00, run_after=2024-08-20 00:00:00+00:00
[2024-08-19T09:03:32.461+0000] {processor.py:208} INFO - Processing /opt/airflow/dags/xcom_dag.py took 0.160 seconds
[2024-08-19T09:04:02.765+0000] {processor.py:186} INFO - Started process (PID=736) to work on /opt/airflow/dags/xcom_dag.py
[2024-08-19T09:04:02.766+0000] {processor.py:914} INFO - Processing file /opt/airflow/dags/xcom_dag.py for tasks to queue
[2024-08-19T09:04:02.770+0000] {logging_mixin.py:190} INFO - [2024-08-19T09:04:02.769+0000] {dagbag.py:587} INFO - Filling up the DagBag from /opt/airflow/dags/xcom_dag.py
[2024-08-19T09:04:02.791+0000] {processor.py:925} INFO - DAG(s) 'xcom_dag' retrieved from /opt/airflow/dags/xcom_dag.py
[2024-08-19T09:04:02.824+0000] {logging_mixin.py:190} INFO - [2024-08-19T09:04:02.823+0000] {dag.py:3211} INFO - Sync 1 DAGs
[2024-08-19T09:04:02.850+0000] {logging_mixin.py:190} INFO - [2024-08-19T09:04:02.849+0000] {dag.py:4138} INFO - Setting next_dagrun for xcom_dag to 2024-08-19 00:00:00+00:00, run_after=2024-08-20 00:00:00+00:00
[2024-08-19T09:04:02.874+0000] {processor.py:208} INFO - Processing /opt/airflow/dags/xcom_dag.py took 0.117 seconds
[2024-08-19T09:04:33.259+0000] {processor.py:186} INFO - Started process (PID=754) to work on /opt/airflow/dags/xcom_dag.py
[2024-08-19T09:04:33.260+0000] {processor.py:914} INFO - Processing file /opt/airflow/dags/xcom_dag.py for tasks to queue
[2024-08-19T09:04:33.263+0000] {logging_mixin.py:190} INFO - [2024-08-19T09:04:33.263+0000] {dagbag.py:587} INFO - Filling up the DagBag from /opt/airflow/dags/xcom_dag.py
[2024-08-19T09:04:33.288+0000] {processor.py:925} INFO - DAG(s) 'xcom_dag' retrieved from /opt/airflow/dags/xcom_dag.py
[2024-08-19T09:04:33.355+0000] {logging_mixin.py:190} INFO - [2024-08-19T09:04:33.355+0000] {dag.py:3211} INFO - Sync 1 DAGs
[2024-08-19T09:04:33.384+0000] {logging_mixin.py:190} INFO - [2024-08-19T09:04:33.384+0000] {dag.py:4138} INFO - Setting next_dagrun for xcom_dag to 2024-08-19 00:00:00+00:00, run_after=2024-08-20 00:00:00+00:00
[2024-08-19T09:04:33.413+0000] {processor.py:208} INFO - Processing /opt/airflow/dags/xcom_dag.py took 0.163 seconds
[2024-08-19T09:05:03.780+0000] {processor.py:186} INFO - Started process (PID=772) to work on /opt/airflow/dags/xcom_dag.py
[2024-08-19T09:05:03.782+0000] {processor.py:914} INFO - Processing file /opt/airflow/dags/xcom_dag.py for tasks to queue
[2024-08-19T09:05:03.789+0000] {logging_mixin.py:190} INFO - [2024-08-19T09:05:03.788+0000] {dagbag.py:587} INFO - Filling up the DagBag from /opt/airflow/dags/xcom_dag.py
[2024-08-19T09:05:03.814+0000] {processor.py:925} INFO - DAG(s) 'xcom_dag' retrieved from /opt/airflow/dags/xcom_dag.py
[2024-08-19T09:05:03.846+0000] {logging_mixin.py:190} INFO - [2024-08-19T09:05:03.845+0000] {dag.py:3211} INFO - Sync 1 DAGs
[2024-08-19T09:05:03.868+0000] {logging_mixin.py:190} INFO - [2024-08-19T09:05:03.868+0000] {dag.py:4138} INFO - Setting next_dagrun for xcom_dag to 2024-08-19 00:00:00+00:00, run_after=2024-08-20 00:00:00+00:00
[2024-08-19T09:05:03.888+0000] {processor.py:208} INFO - Processing /opt/airflow/dags/xcom_dag.py took 0.115 seconds
[2024-08-19T09:05:34.283+0000] {processor.py:186} INFO - Started process (PID=788) to work on /opt/airflow/dags/xcom_dag.py
[2024-08-19T09:05:34.284+0000] {processor.py:914} INFO - Processing file /opt/airflow/dags/xcom_dag.py for tasks to queue
[2024-08-19T09:05:34.287+0000] {logging_mixin.py:190} INFO - [2024-08-19T09:05:34.286+0000] {dagbag.py:587} INFO - Filling up the DagBag from /opt/airflow/dags/xcom_dag.py
[2024-08-19T09:05:34.321+0000] {processor.py:925} INFO - DAG(s) 'xcom_dag' retrieved from /opt/airflow/dags/xcom_dag.py
[2024-08-19T09:05:34.372+0000] {logging_mixin.py:190} INFO - [2024-08-19T09:05:34.372+0000] {dag.py:3211} INFO - Sync 1 DAGs
[2024-08-19T09:05:34.420+0000] {logging_mixin.py:190} INFO - [2024-08-19T09:05:34.420+0000] {dag.py:4138} INFO - Setting next_dagrun for xcom_dag to 2024-08-19 00:00:00+00:00, run_after=2024-08-20 00:00:00+00:00
[2024-08-19T09:05:34.438+0000] {processor.py:208} INFO - Processing /opt/airflow/dags/xcom_dag.py took 0.162 seconds
[2024-08-19T09:06:04.759+0000] {processor.py:186} INFO - Started process (PID=804) to work on /opt/airflow/dags/xcom_dag.py
[2024-08-19T09:06:04.760+0000] {processor.py:914} INFO - Processing file /opt/airflow/dags/xcom_dag.py for tasks to queue
[2024-08-19T09:06:04.764+0000] {logging_mixin.py:190} INFO - [2024-08-19T09:06:04.764+0000] {dagbag.py:587} INFO - Filling up the DagBag from /opt/airflow/dags/xcom_dag.py
[2024-08-19T09:06:04.791+0000] {processor.py:925} INFO - DAG(s) 'xcom_dag' retrieved from /opt/airflow/dags/xcom_dag.py
[2024-08-19T09:06:04.828+0000] {logging_mixin.py:190} INFO - [2024-08-19T09:06:04.828+0000] {dag.py:3211} INFO - Sync 1 DAGs
[2024-08-19T09:06:04.852+0000] {logging_mixin.py:190} INFO - [2024-08-19T09:06:04.851+0000] {dag.py:4138} INFO - Setting next_dagrun for xcom_dag to 2024-08-19 00:00:00+00:00, run_after=2024-08-20 00:00:00+00:00
[2024-08-19T09:06:04.867+0000] {processor.py:208} INFO - Processing /opt/airflow/dags/xcom_dag.py took 0.117 seconds
[2024-08-19T09:06:35.342+0000] {processor.py:186} INFO - Started process (PID=823) to work on /opt/airflow/dags/xcom_dag.py
[2024-08-19T09:06:35.344+0000] {processor.py:914} INFO - Processing file /opt/airflow/dags/xcom_dag.py for tasks to queue
[2024-08-19T09:06:35.348+0000] {logging_mixin.py:190} INFO - [2024-08-19T09:06:35.348+0000] {dagbag.py:587} INFO - Filling up the DagBag from /opt/airflow/dags/xcom_dag.py
[2024-08-19T09:06:35.372+0000] {processor.py:925} INFO - DAG(s) 'xcom_dag' retrieved from /opt/airflow/dags/xcom_dag.py
[2024-08-19T09:06:35.424+0000] {logging_mixin.py:190} INFO - [2024-08-19T09:06:35.423+0000] {dag.py:3211} INFO - Sync 1 DAGs
[2024-08-19T09:06:35.449+0000] {logging_mixin.py:190} INFO - [2024-08-19T09:06:35.449+0000] {dag.py:4138} INFO - Setting next_dagrun for xcom_dag to 2024-08-19 00:00:00+00:00, run_after=2024-08-20 00:00:00+00:00
[2024-08-19T09:06:35.467+0000] {processor.py:208} INFO - Processing /opt/airflow/dags/xcom_dag.py took 0.133 seconds
[2024-08-19T09:07:05.788+0000] {processor.py:186} INFO - Started process (PID=839) to work on /opt/airflow/dags/xcom_dag.py
[2024-08-19T09:07:05.789+0000] {processor.py:914} INFO - Processing file /opt/airflow/dags/xcom_dag.py for tasks to queue
[2024-08-19T09:07:05.793+0000] {logging_mixin.py:190} INFO - [2024-08-19T09:07:05.793+0000] {dagbag.py:587} INFO - Filling up the DagBag from /opt/airflow/dags/xcom_dag.py
[2024-08-19T09:07:05.828+0000] {processor.py:925} INFO - DAG(s) 'xcom_dag' retrieved from /opt/airflow/dags/xcom_dag.py
[2024-08-19T09:07:05.865+0000] {logging_mixin.py:190} INFO - [2024-08-19T09:07:05.865+0000] {dag.py:3211} INFO - Sync 1 DAGs
[2024-08-19T09:07:05.888+0000] {logging_mixin.py:190} INFO - [2024-08-19T09:07:05.888+0000] {dag.py:4138} INFO - Setting next_dagrun for xcom_dag to 2024-08-19 00:00:00+00:00, run_after=2024-08-20 00:00:00+00:00
[2024-08-19T09:07:05.904+0000] {processor.py:208} INFO - Processing /opt/airflow/dags/xcom_dag.py took 0.121 seconds
[2024-08-19T09:07:36.310+0000] {processor.py:186} INFO - Started process (PID=856) to work on /opt/airflow/dags/xcom_dag.py
[2024-08-19T09:07:36.311+0000] {processor.py:914} INFO - Processing file /opt/airflow/dags/xcom_dag.py for tasks to queue
[2024-08-19T09:07:36.316+0000] {logging_mixin.py:190} INFO - [2024-08-19T09:07:36.315+0000] {dagbag.py:587} INFO - Filling up the DagBag from /opt/airflow/dags/xcom_dag.py
[2024-08-19T09:07:36.361+0000] {processor.py:925} INFO - DAG(s) 'xcom_dag' retrieved from /opt/airflow/dags/xcom_dag.py
[2024-08-19T09:07:36.415+0000] {logging_mixin.py:190} INFO - [2024-08-19T09:07:36.415+0000] {dag.py:3211} INFO - Sync 1 DAGs
[2024-08-19T09:07:36.474+0000] {logging_mixin.py:190} INFO - [2024-08-19T09:07:36.473+0000] {dag.py:4138} INFO - Setting next_dagrun for xcom_dag to 2024-08-19 00:00:00+00:00, run_after=2024-08-20 00:00:00+00:00
[2024-08-19T09:07:36.503+0000] {processor.py:208} INFO - Processing /opt/airflow/dags/xcom_dag.py took 0.200 seconds
[2024-08-19T09:08:06.886+0000] {processor.py:186} INFO - Started process (PID=873) to work on /opt/airflow/dags/xcom_dag.py
[2024-08-19T09:08:06.887+0000] {processor.py:914} INFO - Processing file /opt/airflow/dags/xcom_dag.py for tasks to queue
[2024-08-19T09:08:06.890+0000] {logging_mixin.py:190} INFO - [2024-08-19T09:08:06.889+0000] {dagbag.py:587} INFO - Filling up the DagBag from /opt/airflow/dags/xcom_dag.py
[2024-08-19T09:08:06.923+0000] {processor.py:925} INFO - DAG(s) 'xcom_dag' retrieved from /opt/airflow/dags/xcom_dag.py
[2024-08-19T09:08:06.958+0000] {logging_mixin.py:190} INFO - [2024-08-19T09:08:06.958+0000] {dag.py:3211} INFO - Sync 1 DAGs
[2024-08-19T09:08:06.993+0000] {logging_mixin.py:190} INFO - [2024-08-19T09:08:06.993+0000] {dag.py:4138} INFO - Setting next_dagrun for xcom_dag to 2024-08-19 00:00:00+00:00, run_after=2024-08-20 00:00:00+00:00
[2024-08-19T09:08:07.008+0000] {processor.py:208} INFO - Processing /opt/airflow/dags/xcom_dag.py took 0.138 seconds
[2024-08-19T09:08:37.415+0000] {processor.py:186} INFO - Started process (PID=890) to work on /opt/airflow/dags/xcom_dag.py
[2024-08-19T09:08:37.420+0000] {processor.py:914} INFO - Processing file /opt/airflow/dags/xcom_dag.py for tasks to queue
[2024-08-19T09:08:37.425+0000] {logging_mixin.py:190} INFO - [2024-08-19T09:08:37.425+0000] {dagbag.py:587} INFO - Filling up the DagBag from /opt/airflow/dags/xcom_dag.py
[2024-08-19T09:08:37.467+0000] {processor.py:925} INFO - DAG(s) 'xcom_dag' retrieved from /opt/airflow/dags/xcom_dag.py
[2024-08-19T09:08:37.529+0000] {logging_mixin.py:190} INFO - [2024-08-19T09:08:37.529+0000] {dag.py:3211} INFO - Sync 1 DAGs
[2024-08-19T09:08:37.558+0000] {logging_mixin.py:190} INFO - [2024-08-19T09:08:37.558+0000] {dag.py:4138} INFO - Setting next_dagrun for xcom_dag to 2024-08-19 00:00:00+00:00, run_after=2024-08-20 00:00:00+00:00
[2024-08-19T09:08:37.577+0000] {processor.py:208} INFO - Processing /opt/airflow/dags/xcom_dag.py took 0.181 seconds
[2024-08-19T09:09:08.030+0000] {processor.py:186} INFO - Started process (PID=914) to work on /opt/airflow/dags/xcom_dag.py
[2024-08-19T09:09:08.032+0000] {processor.py:914} INFO - Processing file /opt/airflow/dags/xcom_dag.py for tasks to queue
[2024-08-19T09:09:08.038+0000] {logging_mixin.py:190} INFO - [2024-08-19T09:09:08.037+0000] {dagbag.py:587} INFO - Filling up the DagBag from /opt/airflow/dags/xcom_dag.py
[2024-08-19T09:09:08.066+0000] {processor.py:925} INFO - DAG(s) 'xcom_dag' retrieved from /opt/airflow/dags/xcom_dag.py
[2024-08-19T09:09:08.113+0000] {logging_mixin.py:190} INFO - [2024-08-19T09:09:08.113+0000] {dag.py:3211} INFO - Sync 1 DAGs
[2024-08-19T09:09:08.140+0000] {logging_mixin.py:190} INFO - [2024-08-19T09:09:08.139+0000] {dag.py:4138} INFO - Setting next_dagrun for xcom_dag to 2024-08-19 00:00:00+00:00, run_after=2024-08-20 00:00:00+00:00
[2024-08-19T09:09:08.162+0000] {processor.py:208} INFO - Processing /opt/airflow/dags/xcom_dag.py took 0.168 seconds
[2024-08-19T09:09:38.500+0000] {processor.py:186} INFO - Started process (PID=931) to work on /opt/airflow/dags/xcom_dag.py
[2024-08-19T09:09:38.501+0000] {processor.py:914} INFO - Processing file /opt/airflow/dags/xcom_dag.py for tasks to queue
[2024-08-19T09:09:38.505+0000] {logging_mixin.py:190} INFO - [2024-08-19T09:09:38.505+0000] {dagbag.py:587} INFO - Filling up the DagBag from /opt/airflow/dags/xcom_dag.py
[2024-08-19T09:09:38.526+0000] {processor.py:925} INFO - DAG(s) 'xcom_dag' retrieved from /opt/airflow/dags/xcom_dag.py
[2024-08-19T09:09:38.579+0000] {logging_mixin.py:190} INFO - [2024-08-19T09:09:38.579+0000] {dag.py:3211} INFO - Sync 1 DAGs
[2024-08-19T09:09:38.603+0000] {logging_mixin.py:190} INFO - [2024-08-19T09:09:38.603+0000] {dag.py:4138} INFO - Setting next_dagrun for xcom_dag to 2024-08-19 00:00:00+00:00, run_after=2024-08-20 00:00:00+00:00
[2024-08-19T09:09:38.617+0000] {processor.py:208} INFO - Processing /opt/airflow/dags/xcom_dag.py took 0.127 seconds
[2024-08-19T09:10:09.015+0000] {processor.py:186} INFO - Started process (PID=1244) to work on /opt/airflow/dags/xcom_dag.py
[2024-08-19T09:10:09.019+0000] {processor.py:914} INFO - Processing file /opt/airflow/dags/xcom_dag.py for tasks to queue
[2024-08-19T09:10:09.021+0000] {logging_mixin.py:190} INFO - [2024-08-19T09:10:09.021+0000] {dagbag.py:587} INFO - Filling up the DagBag from /opt/airflow/dags/xcom_dag.py
[2024-08-19T09:10:09.047+0000] {processor.py:925} INFO - DAG(s) 'xcom_dag' retrieved from /opt/airflow/dags/xcom_dag.py
[2024-08-19T09:10:09.118+0000] {logging_mixin.py:190} INFO - [2024-08-19T09:10:09.117+0000] {dag.py:3211} INFO - Sync 1 DAGs
[2024-08-19T09:10:09.167+0000] {logging_mixin.py:190} INFO - [2024-08-19T09:10:09.167+0000] {dag.py:4138} INFO - Setting next_dagrun for xcom_dag to 2024-08-19 00:00:00+00:00, run_after=2024-08-20 00:00:00+00:00
[2024-08-19T09:10:09.186+0000] {processor.py:208} INFO - Processing /opt/airflow/dags/xcom_dag.py took 0.178 seconds
[2024-08-19T09:10:39.552+0000] {processor.py:186} INFO - Started process (PID=1261) to work on /opt/airflow/dags/xcom_dag.py
[2024-08-19T09:10:39.554+0000] {processor.py:914} INFO - Processing file /opt/airflow/dags/xcom_dag.py for tasks to queue
[2024-08-19T09:10:39.557+0000] {logging_mixin.py:190} INFO - [2024-08-19T09:10:39.556+0000] {dagbag.py:587} INFO - Filling up the DagBag from /opt/airflow/dags/xcom_dag.py
[2024-08-19T09:10:39.577+0000] {processor.py:925} INFO - DAG(s) 'xcom_dag' retrieved from /opt/airflow/dags/xcom_dag.py
[2024-08-19T09:10:39.629+0000] {logging_mixin.py:190} INFO - [2024-08-19T09:10:39.629+0000] {dag.py:3211} INFO - Sync 1 DAGs
[2024-08-19T09:10:39.657+0000] {logging_mixin.py:190} INFO - [2024-08-19T09:10:39.656+0000] {dag.py:4138} INFO - Setting next_dagrun for xcom_dag to 2024-08-19 00:00:00+00:00, run_after=2024-08-20 00:00:00+00:00
[2024-08-19T09:10:39.672+0000] {processor.py:208} INFO - Processing /opt/airflow/dags/xcom_dag.py took 0.125 seconds
[2024-08-19T09:11:10.071+0000] {processor.py:186} INFO - Started process (PID=1279) to work on /opt/airflow/dags/xcom_dag.py
[2024-08-19T09:11:10.072+0000] {processor.py:914} INFO - Processing file /opt/airflow/dags/xcom_dag.py for tasks to queue
[2024-08-19T09:11:10.077+0000] {logging_mixin.py:190} INFO - [2024-08-19T09:11:10.076+0000] {dagbag.py:587} INFO - Filling up the DagBag from /opt/airflow/dags/xcom_dag.py
[2024-08-19T09:11:10.118+0000] {processor.py:925} INFO - DAG(s) 'xcom_dag' retrieved from /opt/airflow/dags/xcom_dag.py
[2024-08-19T09:11:10.157+0000] {logging_mixin.py:190} INFO - [2024-08-19T09:11:10.157+0000] {dag.py:3211} INFO - Sync 1 DAGs
[2024-08-19T09:11:10.185+0000] {logging_mixin.py:190} INFO - [2024-08-19T09:11:10.184+0000] {dag.py:4138} INFO - Setting next_dagrun for xcom_dag to 2024-08-19 00:00:00+00:00, run_after=2024-08-20 00:00:00+00:00
[2024-08-19T09:11:10.199+0000] {processor.py:208} INFO - Processing /opt/airflow/dags/xcom_dag.py took 0.136 seconds
[2024-08-19T09:11:40.638+0000] {processor.py:186} INFO - Started process (PID=1296) to work on /opt/airflow/dags/xcom_dag.py
[2024-08-19T09:11:40.640+0000] {processor.py:914} INFO - Processing file /opt/airflow/dags/xcom_dag.py for tasks to queue
[2024-08-19T09:11:40.644+0000] {logging_mixin.py:190} INFO - [2024-08-19T09:11:40.644+0000] {dagbag.py:587} INFO - Filling up the DagBag from /opt/airflow/dags/xcom_dag.py
[2024-08-19T09:11:40.687+0000] {processor.py:925} INFO - DAG(s) 'xcom_dag' retrieved from /opt/airflow/dags/xcom_dag.py
[2024-08-19T09:11:40.758+0000] {logging_mixin.py:190} INFO - [2024-08-19T09:11:40.758+0000] {dag.py:3211} INFO - Sync 1 DAGs
[2024-08-19T09:11:40.787+0000] {logging_mixin.py:190} INFO - [2024-08-19T09:11:40.786+0000] {dag.py:4138} INFO - Setting next_dagrun for xcom_dag to 2024-08-19 00:00:00+00:00, run_after=2024-08-20 00:00:00+00:00
[2024-08-19T09:11:40.810+0000] {processor.py:208} INFO - Processing /opt/airflow/dags/xcom_dag.py took 0.182 seconds
[2024-08-19T09:12:11.203+0000] {processor.py:186} INFO - Started process (PID=1313) to work on /opt/airflow/dags/xcom_dag.py
[2024-08-19T09:12:11.205+0000] {processor.py:914} INFO - Processing file /opt/airflow/dags/xcom_dag.py for tasks to queue
[2024-08-19T09:12:11.207+0000] {logging_mixin.py:190} INFO - [2024-08-19T09:12:11.207+0000] {dagbag.py:587} INFO - Filling up the DagBag from /opt/airflow/dags/xcom_dag.py
[2024-08-19T09:12:11.228+0000] {processor.py:925} INFO - DAG(s) 'xcom_dag' retrieved from /opt/airflow/dags/xcom_dag.py
[2024-08-19T09:12:11.260+0000] {logging_mixin.py:190} INFO - [2024-08-19T09:12:11.260+0000] {dag.py:3211} INFO - Sync 1 DAGs
[2024-08-19T09:12:11.284+0000] {logging_mixin.py:190} INFO - [2024-08-19T09:12:11.284+0000] {dag.py:4138} INFO - Setting next_dagrun for xcom_dag to 2024-08-19 00:00:00+00:00, run_after=2024-08-20 00:00:00+00:00
[2024-08-19T09:12:11.303+0000] {processor.py:208} INFO - Processing /opt/airflow/dags/xcom_dag.py took 0.105 seconds
[2024-08-19T09:12:41.984+0000] {processor.py:186} INFO - Started process (PID=1624) to work on /opt/airflow/dags/xcom_dag.py
[2024-08-19T09:12:41.985+0000] {processor.py:914} INFO - Processing file /opt/airflow/dags/xcom_dag.py for tasks to queue
[2024-08-19T09:12:41.989+0000] {logging_mixin.py:190} INFO - [2024-08-19T09:12:41.989+0000] {dagbag.py:587} INFO - Filling up the DagBag from /opt/airflow/dags/xcom_dag.py
[2024-08-19T09:12:42.008+0000] {processor.py:925} INFO - DAG(s) 'xcom_dag' retrieved from /opt/airflow/dags/xcom_dag.py
[2024-08-19T09:12:42.057+0000] {logging_mixin.py:190} INFO - [2024-08-19T09:12:42.057+0000] {dag.py:3211} INFO - Sync 1 DAGs
[2024-08-19T09:12:42.093+0000] {logging_mixin.py:190} INFO - [2024-08-19T09:12:42.093+0000] {dag.py:4138} INFO - Setting next_dagrun for xcom_dag to 2024-08-19 00:00:00+00:00, run_after=2024-08-20 00:00:00+00:00
[2024-08-19T09:12:42.110+0000] {processor.py:208} INFO - Processing /opt/airflow/dags/xcom_dag.py took 0.132 seconds
[2024-08-19T09:13:12.574+0000] {processor.py:186} INFO - Started process (PID=1641) to work on /opt/airflow/dags/xcom_dag.py
[2024-08-19T09:13:12.576+0000] {processor.py:914} INFO - Processing file /opt/airflow/dags/xcom_dag.py for tasks to queue
[2024-08-19T09:13:12.580+0000] {logging_mixin.py:190} INFO - [2024-08-19T09:13:12.580+0000] {dagbag.py:587} INFO - Filling up the DagBag from /opt/airflow/dags/xcom_dag.py
[2024-08-19T09:13:12.618+0000] {processor.py:925} INFO - DAG(s) 'xcom_dag' retrieved from /opt/airflow/dags/xcom_dag.py
[2024-08-19T09:13:12.657+0000] {logging_mixin.py:190} INFO - [2024-08-19T09:13:12.657+0000] {dag.py:3211} INFO - Sync 1 DAGs
[2024-08-19T09:13:12.688+0000] {logging_mixin.py:190} INFO - [2024-08-19T09:13:12.688+0000] {dag.py:4138} INFO - Setting next_dagrun for xcom_dag to 2024-08-19 00:00:00+00:00, run_after=2024-08-20 00:00:00+00:00
[2024-08-19T09:13:12.712+0000] {processor.py:208} INFO - Processing /opt/airflow/dags/xcom_dag.py took 0.146 seconds
[2024-08-19T09:13:43.083+0000] {processor.py:186} INFO - Started process (PID=1658) to work on /opt/airflow/dags/xcom_dag.py
[2024-08-19T09:13:43.083+0000] {processor.py:914} INFO - Processing file /opt/airflow/dags/xcom_dag.py for tasks to queue
[2024-08-19T09:13:43.086+0000] {logging_mixin.py:190} INFO - [2024-08-19T09:13:43.086+0000] {dagbag.py:587} INFO - Filling up the DagBag from /opt/airflow/dags/xcom_dag.py
[2024-08-19T09:13:43.102+0000] {processor.py:925} INFO - DAG(s) 'xcom_dag' retrieved from /opt/airflow/dags/xcom_dag.py
[2024-08-19T09:13:43.137+0000] {logging_mixin.py:190} INFO - [2024-08-19T09:13:43.136+0000] {dag.py:3211} INFO - Sync 1 DAGs
[2024-08-19T09:13:43.156+0000] {logging_mixin.py:190} INFO - [2024-08-19T09:13:43.156+0000] {dag.py:4138} INFO - Setting next_dagrun for xcom_dag to 2024-08-19 00:00:00+00:00, run_after=2024-08-20 00:00:00+00:00
[2024-08-19T09:13:43.176+0000] {processor.py:208} INFO - Processing /opt/airflow/dags/xcom_dag.py took 0.099 seconds
[2024-08-19T09:14:13.548+0000] {processor.py:186} INFO - Started process (PID=1674) to work on /opt/airflow/dags/xcom_dag.py
[2024-08-19T09:14:13.550+0000] {processor.py:914} INFO - Processing file /opt/airflow/dags/xcom_dag.py for tasks to queue
[2024-08-19T09:14:13.554+0000] {logging_mixin.py:190} INFO - [2024-08-19T09:14:13.553+0000] {dagbag.py:587} INFO - Filling up the DagBag from /opt/airflow/dags/xcom_dag.py
[2024-08-19T09:14:13.578+0000] {processor.py:925} INFO - DAG(s) 'xcom_dag' retrieved from /opt/airflow/dags/xcom_dag.py
[2024-08-19T09:14:13.639+0000] {logging_mixin.py:190} INFO - [2024-08-19T09:14:13.639+0000] {dag.py:3211} INFO - Sync 1 DAGs
[2024-08-19T09:14:13.669+0000] {logging_mixin.py:190} INFO - [2024-08-19T09:14:13.669+0000] {dag.py:4138} INFO - Setting next_dagrun for xcom_dag to 2024-08-19 00:00:00+00:00, run_after=2024-08-20 00:00:00+00:00
[2024-08-19T09:14:13.692+0000] {processor.py:208} INFO - Processing /opt/airflow/dags/xcom_dag.py took 0.152 seconds
[2024-08-19T09:14:44.079+0000] {processor.py:186} INFO - Started process (PID=1692) to work on /opt/airflow/dags/xcom_dag.py
[2024-08-19T09:14:44.080+0000] {processor.py:914} INFO - Processing file /opt/airflow/dags/xcom_dag.py for tasks to queue
[2024-08-19T09:14:44.083+0000] {logging_mixin.py:190} INFO - [2024-08-19T09:14:44.082+0000] {dagbag.py:587} INFO - Filling up the DagBag from /opt/airflow/dags/xcom_dag.py
[2024-08-19T09:14:44.096+0000] {processor.py:925} INFO - DAG(s) 'xcom_dag' retrieved from /opt/airflow/dags/xcom_dag.py
[2024-08-19T09:14:44.116+0000] {logging_mixin.py:190} INFO - [2024-08-19T09:14:44.116+0000] {dag.py:3211} INFO - Sync 1 DAGs
[2024-08-19T09:14:44.137+0000] {logging_mixin.py:190} INFO - [2024-08-19T09:14:44.137+0000] {dag.py:4138} INFO - Setting next_dagrun for xcom_dag to 2024-08-19 00:00:00+00:00, run_after=2024-08-20 00:00:00+00:00
[2024-08-19T09:14:44.151+0000] {processor.py:208} INFO - Processing /opt/airflow/dags/xcom_dag.py took 0.077 seconds
[2024-08-19T09:15:14.493+0000] {processor.py:186} INFO - Started process (PID=1709) to work on /opt/airflow/dags/xcom_dag.py
[2024-08-19T09:15:14.494+0000] {processor.py:914} INFO - Processing file /opt/airflow/dags/xcom_dag.py for tasks to queue
[2024-08-19T09:15:14.499+0000] {logging_mixin.py:190} INFO - [2024-08-19T09:15:14.499+0000] {dagbag.py:587} INFO - Filling up the DagBag from /opt/airflow/dags/xcom_dag.py
[2024-08-19T09:15:14.521+0000] {processor.py:925} INFO - DAG(s) 'xcom_dag' retrieved from /opt/airflow/dags/xcom_dag.py
[2024-08-19T09:15:14.559+0000] {logging_mixin.py:190} INFO - [2024-08-19T09:15:14.559+0000] {dag.py:3211} INFO - Sync 1 DAGs
[2024-08-19T09:15:14.586+0000] {logging_mixin.py:190} INFO - [2024-08-19T09:15:14.585+0000] {dag.py:4138} INFO - Setting next_dagrun for xcom_dag to 2024-08-19 00:00:00+00:00, run_after=2024-08-20 00:00:00+00:00
[2024-08-19T09:15:14.602+0000] {processor.py:208} INFO - Processing /opt/airflow/dags/xcom_dag.py took 0.116 seconds
[2024-08-19T09:15:44.951+0000] {processor.py:186} INFO - Started process (PID=1726) to work on /opt/airflow/dags/xcom_dag.py
[2024-08-19T09:15:44.952+0000] {processor.py:914} INFO - Processing file /opt/airflow/dags/xcom_dag.py for tasks to queue
[2024-08-19T09:15:44.966+0000] {logging_mixin.py:190} INFO - [2024-08-19T09:15:44.964+0000] {dagbag.py:587} INFO - Filling up the DagBag from /opt/airflow/dags/xcom_dag.py
[2024-08-19T09:15:45.001+0000] {processor.py:925} INFO - DAG(s) 'xcom_dag' retrieved from /opt/airflow/dags/xcom_dag.py
[2024-08-19T09:15:45.038+0000] {logging_mixin.py:190} INFO - [2024-08-19T09:15:45.038+0000] {dag.py:3211} INFO - Sync 1 DAGs
[2024-08-19T09:15:45.128+0000] {logging_mixin.py:190} INFO - [2024-08-19T09:15:45.128+0000] {dag.py:4138} INFO - Setting next_dagrun for xcom_dag to 2024-08-19 00:00:00+00:00, run_after=2024-08-20 00:00:00+00:00
[2024-08-19T09:15:45.152+0000] {processor.py:208} INFO - Processing /opt/airflow/dags/xcom_dag.py took 0.210 seconds
[2024-08-19T09:16:15.468+0000] {processor.py:186} INFO - Started process (PID=1743) to work on /opt/airflow/dags/xcom_dag.py
[2024-08-19T09:16:15.469+0000] {processor.py:914} INFO - Processing file /opt/airflow/dags/xcom_dag.py for tasks to queue
[2024-08-19T09:16:15.472+0000] {logging_mixin.py:190} INFO - [2024-08-19T09:16:15.472+0000] {dagbag.py:587} INFO - Filling up the DagBag from /opt/airflow/dags/xcom_dag.py
[2024-08-19T09:16:15.492+0000] {processor.py:925} INFO - DAG(s) 'xcom_dag' retrieved from /opt/airflow/dags/xcom_dag.py
[2024-08-19T09:16:15.527+0000] {logging_mixin.py:190} INFO - [2024-08-19T09:16:15.527+0000] {dag.py:3211} INFO - Sync 1 DAGs
[2024-08-19T09:16:15.553+0000] {logging_mixin.py:190} INFO - [2024-08-19T09:16:15.553+0000] {dag.py:4138} INFO - Setting next_dagrun for xcom_dag to 2024-08-19 00:00:00+00:00, run_after=2024-08-20 00:00:00+00:00
[2024-08-19T09:16:15.566+0000] {processor.py:208} INFO - Processing /opt/airflow/dags/xcom_dag.py took 0.105 seconds
[2024-08-19T09:16:45.944+0000] {processor.py:186} INFO - Started process (PID=1759) to work on /opt/airflow/dags/xcom_dag.py
[2024-08-19T09:16:45.945+0000] {processor.py:914} INFO - Processing file /opt/airflow/dags/xcom_dag.py for tasks to queue
[2024-08-19T09:16:45.947+0000] {logging_mixin.py:190} INFO - [2024-08-19T09:16:45.947+0000] {dagbag.py:587} INFO - Filling up the DagBag from /opt/airflow/dags/xcom_dag.py
[2024-08-19T09:16:45.964+0000] {processor.py:925} INFO - DAG(s) 'xcom_dag' retrieved from /opt/airflow/dags/xcom_dag.py
[2024-08-19T09:16:45.998+0000] {logging_mixin.py:190} INFO - [2024-08-19T09:16:45.998+0000] {dag.py:3211} INFO - Sync 1 DAGs
[2024-08-19T09:16:46.020+0000] {logging_mixin.py:190} INFO - [2024-08-19T09:16:46.020+0000] {dag.py:4138} INFO - Setting next_dagrun for xcom_dag to 2024-08-19 00:00:00+00:00, run_after=2024-08-20 00:00:00+00:00
[2024-08-19T09:16:46.033+0000] {processor.py:208} INFO - Processing /opt/airflow/dags/xcom_dag.py took 0.094 seconds
[2024-08-19T09:17:16.349+0000] {processor.py:186} INFO - Started process (PID=1777) to work on /opt/airflow/dags/xcom_dag.py
[2024-08-19T09:17:16.350+0000] {processor.py:914} INFO - Processing file /opt/airflow/dags/xcom_dag.py for tasks to queue
[2024-08-19T09:17:16.354+0000] {logging_mixin.py:190} INFO - [2024-08-19T09:17:16.353+0000] {dagbag.py:587} INFO - Filling up the DagBag from /opt/airflow/dags/xcom_dag.py
[2024-08-19T09:17:16.372+0000] {processor.py:925} INFO - DAG(s) 'xcom_dag' retrieved from /opt/airflow/dags/xcom_dag.py
[2024-08-19T09:17:16.413+0000] {logging_mixin.py:190} INFO - [2024-08-19T09:17:16.413+0000] {dag.py:3211} INFO - Sync 1 DAGs
[2024-08-19T09:17:16.448+0000] {logging_mixin.py:190} INFO - [2024-08-19T09:17:16.448+0000] {dag.py:4138} INFO - Setting next_dagrun for xcom_dag to 2024-08-19 00:00:00+00:00, run_after=2024-08-20 00:00:00+00:00
[2024-08-19T09:17:16.463+0000] {processor.py:208} INFO - Processing /opt/airflow/dags/xcom_dag.py took 0.121 seconds
[2024-08-19T09:17:46.826+0000] {processor.py:186} INFO - Started process (PID=1794) to work on /opt/airflow/dags/xcom_dag.py
[2024-08-19T09:17:46.827+0000] {processor.py:914} INFO - Processing file /opt/airflow/dags/xcom_dag.py for tasks to queue
[2024-08-19T09:17:46.829+0000] {logging_mixin.py:190} INFO - [2024-08-19T09:17:46.828+0000] {dagbag.py:587} INFO - Filling up the DagBag from /opt/airflow/dags/xcom_dag.py
[2024-08-19T09:17:46.862+0000] {processor.py:925} INFO - DAG(s) 'xcom_dag' retrieved from /opt/airflow/dags/xcom_dag.py
[2024-08-19T09:17:46.891+0000] {logging_mixin.py:190} INFO - [2024-08-19T09:17:46.891+0000] {dag.py:3211} INFO - Sync 1 DAGs
[2024-08-19T09:17:46.913+0000] {logging_mixin.py:190} INFO - [2024-08-19T09:17:46.913+0000] {dag.py:4138} INFO - Setting next_dagrun for xcom_dag to 2024-08-19 00:00:00+00:00, run_after=2024-08-20 00:00:00+00:00
[2024-08-19T09:17:46.927+0000] {processor.py:208} INFO - Processing /opt/airflow/dags/xcom_dag.py took 0.107 seconds
[2024-08-19T09:18:17.360+0000] {processor.py:186} INFO - Started process (PID=1811) to work on /opt/airflow/dags/xcom_dag.py
[2024-08-19T09:18:17.363+0000] {processor.py:914} INFO - Processing file /opt/airflow/dags/xcom_dag.py for tasks to queue
[2024-08-19T09:18:17.367+0000] {logging_mixin.py:190} INFO - [2024-08-19T09:18:17.367+0000] {dagbag.py:587} INFO - Filling up the DagBag from /opt/airflow/dags/xcom_dag.py
[2024-08-19T09:18:17.393+0000] {processor.py:925} INFO - DAG(s) 'xcom_dag' retrieved from /opt/airflow/dags/xcom_dag.py
[2024-08-19T09:18:17.440+0000] {logging_mixin.py:190} INFO - [2024-08-19T09:18:17.440+0000] {dag.py:3211} INFO - Sync 1 DAGs
[2024-08-19T09:18:17.481+0000] {logging_mixin.py:190} INFO - [2024-08-19T09:18:17.481+0000] {dag.py:4138} INFO - Setting next_dagrun for xcom_dag to 2024-08-19 00:00:00+00:00, run_after=2024-08-20 00:00:00+00:00
[2024-08-19T09:18:17.504+0000] {processor.py:208} INFO - Processing /opt/airflow/dags/xcom_dag.py took 0.156 seconds
[2024-08-19T09:20:34.628+0000] {processor.py:186} INFO - Started process (PID=1827) to work on /opt/airflow/dags/xcom_dag.py
[2024-08-19T09:20:34.631+0000] {processor.py:914} INFO - Processing file /opt/airflow/dags/xcom_dag.py for tasks to queue
[2024-08-19T09:20:34.635+0000] {logging_mixin.py:190} INFO - [2024-08-19T09:20:34.634+0000] {dagbag.py:587} INFO - Filling up the DagBag from /opt/airflow/dags/xcom_dag.py
[2024-08-19T09:20:34.663+0000] {processor.py:925} INFO - DAG(s) 'xcom_dag' retrieved from /opt/airflow/dags/xcom_dag.py
[2024-08-19T09:20:34.710+0000] {logging_mixin.py:190} INFO - [2024-08-19T09:20:34.710+0000] {dag.py:3211} INFO - Sync 1 DAGs
[2024-08-19T09:20:34.816+0000] {logging_mixin.py:190} INFO - [2024-08-19T09:20:34.815+0000] {dag.py:4138} INFO - Setting next_dagrun for xcom_dag to 2024-08-19 00:00:00+00:00, run_after=2024-08-20 00:00:00+00:00
[2024-08-19T09:20:34.852+0000] {processor.py:208} INFO - Processing /opt/airflow/dags/xcom_dag.py took 0.235 seconds
[2024-08-19T09:34:39.826+0000] {processor.py:186} INFO - Started process (PID=1845) to work on /opt/airflow/dags/xcom_dag.py
[2024-08-19T09:34:39.827+0000] {processor.py:914} INFO - Processing file /opt/airflow/dags/xcom_dag.py for tasks to queue
[2024-08-19T09:34:39.829+0000] {logging_mixin.py:190} INFO - [2024-08-19T09:34:39.829+0000] {dagbag.py:587} INFO - Filling up the DagBag from /opt/airflow/dags/xcom_dag.py
[2024-08-19T09:34:39.849+0000] {processor.py:925} INFO - DAG(s) 'xcom_dag' retrieved from /opt/airflow/dags/xcom_dag.py
[2024-08-19T09:34:39.873+0000] {logging_mixin.py:190} INFO - [2024-08-19T09:34:39.873+0000] {dag.py:3211} INFO - Sync 1 DAGs
[2024-08-19T09:34:39.895+0000] {logging_mixin.py:190} INFO - [2024-08-19T09:34:39.895+0000] {dag.py:4138} INFO - Setting next_dagrun for xcom_dag to 2024-08-19 00:00:00+00:00, run_after=2024-08-20 00:00:00+00:00
[2024-08-19T09:34:39.907+0000] {processor.py:208} INFO - Processing /opt/airflow/dags/xcom_dag.py took 0.086 seconds
[2024-08-19T10:20:07.487+0000] {processor.py:186} INFO - Started process (PID=1862) to work on /opt/airflow/dags/xcom_dag.py
[2024-08-19T10:20:07.490+0000] {processor.py:914} INFO - Processing file /opt/airflow/dags/xcom_dag.py for tasks to queue
[2024-08-19T10:20:07.493+0000] {logging_mixin.py:190} INFO - [2024-08-19T10:20:07.493+0000] {dagbag.py:587} INFO - Filling up the DagBag from /opt/airflow/dags/xcom_dag.py
[2024-08-19T10:20:07.538+0000] {processor.py:925} INFO - DAG(s) 'xcom_dag' retrieved from /opt/airflow/dags/xcom_dag.py
[2024-08-19T10:20:07.583+0000] {logging_mixin.py:190} INFO - [2024-08-19T10:20:07.582+0000] {dag.py:3211} INFO - Sync 1 DAGs
[2024-08-19T10:20:07.623+0000] {logging_mixin.py:190} INFO - [2024-08-19T10:20:07.623+0000] {dag.py:4138} INFO - Setting next_dagrun for xcom_dag to 2024-08-19 00:00:00+00:00, run_after=2024-08-20 00:00:00+00:00
[2024-08-19T10:20:07.647+0000] {processor.py:208} INFO - Processing /opt/airflow/dags/xcom_dag.py took 0.170 seconds
[2024-08-19T13:21:24.065+0000] {processor.py:186} INFO - Started process (PID=1879) to work on /opt/airflow/dags/xcom_dag.py
[2024-08-19T13:21:24.067+0000] {processor.py:914} INFO - Processing file /opt/airflow/dags/xcom_dag.py for tasks to queue
[2024-08-19T13:21:24.071+0000] {logging_mixin.py:190} INFO - [2024-08-19T13:21:24.070+0000] {dagbag.py:587} INFO - Filling up the DagBag from /opt/airflow/dags/xcom_dag.py
[2024-08-19T13:21:24.105+0000] {processor.py:925} INFO - DAG(s) 'xcom_dag' retrieved from /opt/airflow/dags/xcom_dag.py
[2024-08-19T13:21:24.143+0000] {logging_mixin.py:190} INFO - [2024-08-19T13:21:24.143+0000] {dag.py:3211} INFO - Sync 1 DAGs
[2024-08-19T13:21:24.173+0000] {logging_mixin.py:190} INFO - [2024-08-19T13:21:24.173+0000] {dag.py:4138} INFO - Setting next_dagrun for xcom_dag to 2024-08-19 00:00:00+00:00, run_after=2024-08-20 00:00:00+00:00
[2024-08-19T13:21:24.200+0000] {processor.py:208} INFO - Processing /opt/airflow/dags/xcom_dag.py took 0.143 seconds
[2024-08-19T16:29:12.482+0000] {processor.py:186} INFO - Started process (PID=1896) to work on /opt/airflow/dags/xcom_dag.py
[2024-08-19T16:29:12.484+0000] {processor.py:914} INFO - Processing file /opt/airflow/dags/xcom_dag.py for tasks to queue
[2024-08-19T16:29:12.487+0000] {logging_mixin.py:190} INFO - [2024-08-19T16:29:12.486+0000] {dagbag.py:587} INFO - Filling up the DagBag from /opt/airflow/dags/xcom_dag.py
[2024-08-19T16:29:12.514+0000] {processor.py:925} INFO - DAG(s) 'xcom_dag' retrieved from /opt/airflow/dags/xcom_dag.py
[2024-08-19T16:29:12.547+0000] {logging_mixin.py:190} INFO - [2024-08-19T16:29:12.547+0000] {dag.py:3211} INFO - Sync 1 DAGs
[2024-08-19T16:29:12.567+0000] {logging_mixin.py:190} INFO - [2024-08-19T16:29:12.567+0000] {dag.py:4138} INFO - Setting next_dagrun for xcom_dag to 2024-08-19 00:00:00+00:00, run_after=2024-08-20 00:00:00+00:00
[2024-08-19T16:29:12.584+0000] {processor.py:208} INFO - Processing /opt/airflow/dags/xcom_dag.py took 0.108 seconds
[2024-08-19T19:16:55.002+0000] {processor.py:186} INFO - Started process (PID=1913) to work on /opt/airflow/dags/xcom_dag.py
[2024-08-19T19:16:55.004+0000] {processor.py:914} INFO - Processing file /opt/airflow/dags/xcom_dag.py for tasks to queue
[2024-08-19T19:16:55.007+0000] {logging_mixin.py:190} INFO - [2024-08-19T19:16:55.006+0000] {dagbag.py:587} INFO - Filling up the DagBag from /opt/airflow/dags/xcom_dag.py
[2024-08-19T19:16:55.031+0000] {processor.py:925} INFO - DAG(s) 'xcom_dag' retrieved from /opt/airflow/dags/xcom_dag.py
[2024-08-19T19:16:55.083+0000] {logging_mixin.py:190} INFO - [2024-08-19T19:16:55.083+0000] {dag.py:3211} INFO - Sync 1 DAGs
[2024-08-19T19:16:55.110+0000] {logging_mixin.py:190} INFO - [2024-08-19T19:16:55.109+0000] {dag.py:4138} INFO - Setting next_dagrun for xcom_dag to 2024-08-19 00:00:00+00:00, run_after=2024-08-20 00:00:00+00:00
[2024-08-19T19:16:55.123+0000] {processor.py:208} INFO - Processing /opt/airflow/dags/xcom_dag.py took 0.140 seconds
[2024-08-19T22:18:55.483+0000] {processor.py:186} INFO - Started process (PID=1930) to work on /opt/airflow/dags/xcom_dag.py
[2024-08-19T22:18:55.484+0000] {processor.py:914} INFO - Processing file /opt/airflow/dags/xcom_dag.py for tasks to queue
[2024-08-19T22:18:55.486+0000] {logging_mixin.py:190} INFO - [2024-08-19T22:18:55.486+0000] {dagbag.py:587} INFO - Filling up the DagBag from /opt/airflow/dags/xcom_dag.py
[2024-08-19T22:18:55.508+0000] {processor.py:925} INFO - DAG(s) 'xcom_dag' retrieved from /opt/airflow/dags/xcom_dag.py
[2024-08-19T22:18:55.547+0000] {logging_mixin.py:190} INFO - [2024-08-19T22:18:55.547+0000] {dag.py:3211} INFO - Sync 1 DAGs
[2024-08-19T22:18:55.573+0000] {logging_mixin.py:190} INFO - [2024-08-19T22:18:55.572+0000] {dag.py:4138} INFO - Setting next_dagrun for xcom_dag to 2024-08-19 00:00:00+00:00, run_after=2024-08-20 00:00:00+00:00
[2024-08-19T22:18:55.594+0000] {processor.py:208} INFO - Processing /opt/airflow/dags/xcom_dag.py took 0.117 seconds
